#
# A fatal error has been detected by the Java Runtime Environment:
#
#  EXCEPTION_ACCESS_VIOLATION (0xc0000005) at pc=0x00007ff9ae3c72df, pid=11504, tid=8532
#
# JRE version: OpenJDK Runtime Environment (11.0.11+9) (build 11.0.11+9-b60-7590822)
# Java VM: OpenJDK 64-Bit Server VM (11.0.11+9-b60-7590822, mixed mode, tiered, compressed oops, g1 gc, windows-amd64)
# Problematic frame:
# V  [jvm.dll+0x4f72df]
#
# No core dump will be written. Minidumps are not enabled by default on client versions of Windows
#
# If you would like to submit a bug report, please visit:
#   https://bugreport.java.com/bugreport/crash.jsp
#

---------------  S U M M A R Y ------------

Command Line: --add-opens=java.base/java.util=ALL-UNNAMED --add-opens=java.base/java.lang=ALL-UNNAMED --add-opens=java.base/java.lang.invoke=ALL-UNNAMED --add-opens=java.prefs/java.util.prefs=ALL-UNNAMED -Xmx2048m -Dfile.encoding=UTF-8 -Duser.country=US -Duser.language=en -Duser.variant org.gradle.launcher.daemon.bootstrap.GradleDaemon 6.5

Host: AMD Athlon(tm) II X4 620 Processor, 4 cores, 7G,  Windows 10 , 64 bit Build 22000 (10.0.22000.434)
Time: Mon Mar 21 18:59:26 2022 Iran Standard Time elapsed time: 46.942030 seconds (0d 0h 0m 46s)

---------------  T H R E A D  ---------------

Current thread (0x000002764e6ec000):  JavaThread "C2 CompilerThread1" daemon [_thread_in_native, id=8532, stack(0x000000d19d600000,0x000000d19d700000)]


Current CompileTask:
C2:  46942 8669       4       org.gradle.internal.reflect.MutableClassDetails::property (41 bytes)

Stack: [0x000000d19d600000,0x000000d19d700000],  sp=0x000000d19d6fa7d0,  free space=1001k
Native frames: (J=compiled Java code, j=interpreted, Vv=VM code, C=native code)
V  [jvm.dll+0x4f72df]
V  [jvm.dll+0x517a5b]
V  [jvm.dll+0x519966]
V  [jvm.dll+0x518d87]
V  [jvm.dll+0x508984]
V  [jvm.dll+0x203d53]
V  [jvm.dll+0x1fdbac]
V  [jvm.dll+0x1fb35f]
V  [jvm.dll+0x183d6c]
V  [jvm.dll+0x209a57]
V  [jvm.dll+0x2082a1]
V  [jvm.dll+0x6ef58f]
V  [jvm.dll+0x6e80b5]
V  [jvm.dll+0x5f1036]
C  [ucrtbase.dll+0x26c0c]
C  [KERNEL32.DLL+0x154e0]
C  [ntdll.dll+0x485b]


siginfo: EXCEPTION_ACCESS_VIOLATION (0xc0000005), reading address 0x0000000000000000


Register to memory mapping:

RIP=0x00007ff9ae3c72df jvm.dll
RAX=0x0 is NULL
RBX=0x00000276534a24f0 points into unknown readable memory: 0x0000000000000000 | 00 00 00 00 00 00 00 00
RCX=0x000000d19d6fad80 is pointing into the stack for thread: 0x000002764e6ec000
RDX=0x000002765328b568 points into unknown readable memory: 0x000002765328b8b8 | b8 b8 28 53 76 02 00 00
RSP=0x000000d19d6fa7d0 is pointing into the stack for thread: 0x000002764e6ec000
RBP=0x000000d19d6fad80 is pointing into the stack for thread: 0x000002764e6ec000
RSI=0x0000000000000002 is an unknown value
RDI=0x000000d19d6fada0 is pointing into the stack for thread: 0x000002764e6ec000
R8 =0x000000000000194a is an unknown value
R9 =0x0000000000000400 is an unknown value
R10=0x0000000000000007 is an unknown value
R11=0x000000d19d6fa838 is pointing into the stack for thread: 0x000002764e6ec000
R12=0x0 is NULL
R13=0x0000027650ad44a0 points into unknown readable memory: 0x00007ff9ae6b7df0 | f0 7d 6b ae f9 7f 00 00
R14=0x00000276534a05c0 points into unknown readable memory: 0x00000276534a06a0 | a0 06 4a 53 76 02 00 00
R15=0x0000027650ad4960 points into unknown readable memory: 0x00007ff9ae6b7eb0 | b0 7e 6b ae f9 7f 00 00


Registers:
RAX=0x0000000000000000, RBX=0x00000276534a24f0, RCX=0x000000d19d6fad80, RDX=0x000002765328b568
RSP=0x000000d19d6fa7d0, RBP=0x000000d19d6fad80, RSI=0x0000000000000002, RDI=0x000000d19d6fada0
R8 =0x000000000000194a, R9 =0x0000000000000400, R10=0x0000000000000007, R11=0x000000d19d6fa838
R12=0x0000000000000000, R13=0x0000027650ad44a0, R14=0x00000276534a05c0, R15=0x0000027650ad4960
RIP=0x00007ff9ae3c72df, EFLAGS=0x0000000000010206

Top of Stack: (sp=0x000000d19d6fa7d0)
0x000000d19d6fa7d0:   0000027650ad44a0 00000276534a05c0
0x000000d19d6fa7e0:   000000d19d6fad80 00007ff9ae3e5037
0x000000d19d6fa7f0:   0000027653289568 00007ff9ae3e7a5b
0x000000d19d6fa800:   00000000000000ee 000002765328aec8
0x000000d19d6fa810:   000000d19d6fad80 000000d19d6fad80
0x000000d19d6fa820:   000000d19d6fa948 0000000000000000
0x000000d19d6fa830:   0000027650b5c948 00007ff9ae3e978e
0x000000d19d6fa840:   00000000000000ee 000000d19d6fad80
0x000000d19d6fa850:   0000000000000000 0000027653289568
0x000000d19d6fa860:   0000027650ad4960 00000000000000ee
0x000000d19d6fa870:   000000d19d6fad80 0000000000000000
0x000000d19d6fa880:   0000027650ad4960 00007ff9ae3e9966
0x000000d19d6fa890:   0000027650ad44a0 0000027650ad4960
0x000000d19d6fa8a0:   0000000000000001 0000027650b5c948
0x000000d19d6fa8b0:   000000d19d6fa948 00007ff9ae3e8d87
0x000000d19d6fa8c0:   0000000000000000 00000276000000ee 

Instructions: (pc=0x00007ff9ae3c72df)
0x00007ff9ae3c71df:   c3 40 53 48 83 ec 20 48 8b d9 48 85 c9 74 21 8b
0x00007ff9ae3c71ef:   41 2c 24 0f 3c 08 75 18 ba 11 00 00 00 e8 ef 9d
0x00007ff9ae3c71ff:   0c 00 48 85 c0 74 09 48 8b c3 48 83 c4 20 5b c3
0x00007ff9ae3c720f:   80 3d 6e e9 49 00 00 74 20 48 85 db 74 1b 8b 43
0x00007ff9ae3c721f:   2c 24 0f 3c 08 75 12 ba 10 00 00 00 48 8b cb e8
0x00007ff9ae3c722f:   bd 9d 0c 00 48 85 c0 75 ce 80 3d 32 ea 49 00 00
0x00007ff9ae3c723f:   74 20 48 85 db 74 1b 8b 43 2c 24 0f 3c 08 75 12
0x00007ff9ae3c724f:   ba 08 00 00 00 48 8b cb e8 94 9d 0c 00 48 85 c0
0x00007ff9ae3c725f:   75 a5 33 c0 48 83 c4 20 5b c3 cc cc cc cc cc cc
0x00007ff9ae3c726f:   cc 40 53 48 83 ec 20 48 8b d9 48 85 c9 74 20 8b
0x00007ff9ae3c727f:   41 2c 24 0f 3c 08 75 17 e8 64 9d 0c 00 33 d2 48
0x00007ff9ae3c728f:   85 c0 48 0f 45 d3 48 8b c2 48 83 c4 20 5b c3 33
0x00007ff9ae3c729f:   c0 48 83 c4 20 5b c3 cc cc cc cc cc cc cc cc cc
0x00007ff9ae3c72af:   cc 48 89 5c 24 08 48 89 74 24 10 57 48 83 ec 20
0x00007ff9ae3c72bf:   8b 72 28 48 8d 79 20 3b 77 08 73 0a 48 8b 5f 10
0x00007ff9ae3c72cf:   48 8b 1c f3 eb 02 33 db 48 83 e3 fe 48 8b 43 08
0x00007ff9ae3c72df:   48 83 38 00 75 35 8b 4f 08 8b 43 28 3b c1 73 0a
0x00007ff9ae3c72ef:   48 8b 5f 10 48 8b 1c c3 eb 02 33 db 48 83 e3 fe
0x00007ff9ae3c72ff:   48 8b 43 08 48 83 38 00 74 df 8b 43 2c 83 e0 07
0x00007ff9ae3c730f:   3c 05 75 07 48 8b 43 08 48 8b 18 3b 77 08 72 0a
0x00007ff9ae3c731f:   8b d6 48 8b cf e8 07 a1 0d 00 48 8b 47 10 48 8d
0x00007ff9ae3c732f:   53 01 48 89 14 f0 48 8b c3 48 8b 5c 24 30 48 8b
0x00007ff9ae3c733f:   74 24 38 48 83 c4 20 5f c3 cc cc cc cc cc cc cc
0x00007ff9ae3c734f:   cc 48 89 5c 24 08 57 48 83 ec 20 48 8b fa 48 8b
0x00007ff9ae3c735f:   d9 e8 fb f5 db ff 84 c0 75 12 48 8b 83 90 09 00
0x00007ff9ae3c736f:   00 48 8b 5c 24 30 48 83 c4 20 5f c3 8b 47 28 3b
0x00007ff9ae3c737f:   43 28 73 15 8b c8 48 8b 43 30 48 8b 04 c8 48 8b
0x00007ff9ae3c738f:   5c 24 30 48 83 c4 20 5f c3 33 c0 48 8b 5c 24 30
0x00007ff9ae3c739f:   48 83 c4 20 5f c3 cc cc cc cc cc cc cc cc cc cc
0x00007ff9ae3c73af:   cc 48 89 5c 24 08 57 48 83 ec 20 83 79 04 00 48
0x00007ff9ae3c73bf:   8b d9 75 07 c7 41 04 01 00 00 00 8b 41 04 3b d0
0x00007ff9ae3c73cf:   7c 09 03 c0 3b d0 7d fa 89 41 04 ba 04 00 00 00 


Stack slot to memory mapping:
stack at sp + 0 slots: 0x0000027650ad44a0 points into unknown readable memory: 0x00007ff9ae6b7df0 | f0 7d 6b ae f9 7f 00 00
stack at sp + 1 slots: 0x00000276534a05c0 points into unknown readable memory: 0x00000276534a06a0 | a0 06 4a 53 76 02 00 00
stack at sp + 2 slots: 0x000000d19d6fad80 is pointing into the stack for thread: 0x000002764e6ec000
stack at sp + 3 slots: 0x00007ff9ae3e5037 jvm.dll
stack at sp + 4 slots: 0x0000027653289568 points into unknown readable memory: 0x00007ff9ae72e1b8 | b8 e1 72 ae f9 7f 00 00
stack at sp + 5 slots: 0x00007ff9ae3e7a5b jvm.dll
stack at sp + 6 slots: 0x00000000000000ee is an unknown value
stack at sp + 7 slots: 0x000002765328aec8 points into unknown readable memory: 0x00007ff9ae72ebf8 | f8 eb 72 ae f9 7f 00 00


---------------  P R O C E S S  ---------------

Threads class SMR info:
_java_thread_list=0x00000276503f90d0, length=123, elements={
0x000002763181a800, 0x000002764b41e000, 0x000002764b42a000, 0x000002764bdb2800,
0x000002764b43b000, 0x000002764b43c000, 0x000002764b440000, 0x000002764b445800,
0x000002764b44a800, 0x000002764beec000, 0x000002764d5d8000, 0x000002764d5d7800,
0x000002764cb53000, 0x000002764ce20800, 0x000002764ce9e800, 0x000002764cf39800,
0x000002764d1a1000, 0x000002764c188800, 0x000002764c197800, 0x000002764d577800,
0x000002764d574000, 0x000002764d575000, 0x000002764d576000, 0x000002764d576800,
0x000002764d578000, 0x000002764d579000, 0x000002764d573800, 0x000002764d57a000,
0x000002764d8c6800, 0x000002764d8c8000, 0x000002764d8c9000, 0x000002764d8cb000,
0x000002764d8c9800, 0x000002764d8cd000, 0x000002764d8ca800, 0x000002764d8cc000,
0x000002764d8c7000, 0x000002764de6a800, 0x000002764de6b800, 0x000002764de6c000,
0x000002764de69800, 0x000002764de6d000, 0x000002764de68000, 0x000002764de67000,
0x000002764de6d800, 0x000002764de6e800, 0x000002764de69000, 0x000002764de72000,
0x000002764de71000, 0x000002764de74000, 0x000002764de72800, 0x000002764de6f800,
0x000002764de70000, 0x000002764de73800, 0x000002764de75000, 0x000002764e1de000,
0x000002764e1de800, 0x000002764e1d9000, 0x000002764e1df800, 0x000002764e1dc800,
0x000002764e1da000, 0x000002764e1e0800, 0x000002764e1dd000, 0x000002764e1e1000,
0x000002764e1db800, 0x000002764e1e3800, 0x000002764e1e2000, 0x000002764e1e4800,
0x000002764e1e3000, 0x000002764e1e5000, 0x000002764e1e6000, 0x000002764e1e7000,
0x000002764e1e7800, 0x0000027652692800, 0x0000027652691800, 0x000002765268f000,
0x0000027652690000, 0x000002765268e800, 0x0000027652695800, 0x0000027652693000,
0x0000027652695000, 0x0000027652690800, 0x0000027652696800, 0x0000027652697800,
0x0000027652698000, 0x0000027652699800, 0x0000027652699000, 0x0000027652694000,
0x000002765269a800, 0x000002765269b800, 0x000002765269d000, 0x000002765269c000,
0x0000027653774800, 0x0000027653775800, 0x0000027653774000, 0x0000027653778000,
0x0000027653773000, 0x0000027653776800, 0x0000027653779000, 0x0000027653779800,
0x000002765377a800, 0x000002765377b000, 0x000002765377c000, 0x000002765377d000,
0x0000027653777000, 0x0000027653781800, 0x000002765377f800, 0x000002765377e800,
0x000002765377d800, 0x0000027653780000, 0x0000027653781000, 0x000002764e037000,
0x000002764e038000, 0x000002764e038800, 0x000002764e039800, 0x000002764e034800,
0x000002764e036000, 0x000002764e034000, 0x000002764e03a800, 0x000002764e03b000,
0x000002764e035800, 0x000002764e03d800, 0x000002764e6ec000
}

Java Threads: ( => current thread )
  0x000002763181a800 JavaThread "main" [_thread_blocked, id=2240, stack(0x000000d194f00000,0x000000d195000000)]
  0x000002764b41e000 JavaThread "Reference Handler" daemon [_thread_blocked, id=11688, stack(0x000000d195600000,0x000000d195700000)]
  0x000002764b42a000 JavaThread "Finalizer" daemon [_thread_blocked, id=1468, stack(0x000000d195700000,0x000000d195800000)]
  0x000002764bdb2800 JavaThread "Signal Dispatcher" daemon [_thread_blocked, id=11720, stack(0x000000d195800000,0x000000d195900000)]
  0x000002764b43b000 JavaThread "Attach Listener" daemon [_thread_blocked, id=1112, stack(0x000000d195900000,0x000000d195a00000)]
  0x000002764b43c000 JavaThread "Service Thread" daemon [_thread_blocked, id=5424, stack(0x000000d195a00000,0x000000d195b00000)]
  0x000002764b440000 JavaThread "C2 CompilerThread0" daemon [_thread_in_native, id=11724, stack(0x000000d195b00000,0x000000d195c00000)]
  0x000002764b445800 JavaThread "C1 CompilerThread0" daemon [_thread_blocked, id=11940, stack(0x000000d195c00000,0x000000d195d00000)]
  0x000002764b44a800 JavaThread "Sweeper thread" daemon [_thread_blocked, id=11780, stack(0x000000d195d00000,0x000000d195e00000)]
  0x000002764beec000 JavaThread "Common-Cleaner" daemon [_thread_blocked, id=11788, stack(0x000000d195e00000,0x000000d195f00000)]
  0x000002764d5d8000 JavaThread "Daemon health stats" [_thread_blocked, id=7672, stack(0x000000d196400000,0x000000d196500000)]
  0x000002764d5d7800 JavaThread "Incoming local TCP Connector on port 51260" [_thread_in_native, id=10048, stack(0x000000d196600000,0x000000d196700000)]
  0x000002764cb53000 JavaThread "Daemon periodic checks" [_thread_blocked, id=12004, stack(0x000000d196700000,0x000000d196800000)]
  0x000002764ce20800 JavaThread "Daemon" [_thread_blocked, id=12020, stack(0x000000d196800000,0x000000d196900000)]
  0x000002764ce9e800 JavaThread "Handler for socket connection from /127.0.0.1:51260 to /127.0.0.1:51261" [_thread_in_native, id=9840, stack(0x000000d196900000,0x000000d196a00000)]
  0x000002764cf39800 JavaThread "Cancel handler" [_thread_blocked, id=5048, stack(0x000000d196a00000,0x000000d196b00000)]
  0x000002764d1a1000 JavaThread "Daemon worker" [_thread_in_vm, id=12040, stack(0x000000d196b00000,0x000000d196c00000)]
  0x000002764c188800 JavaThread "Asynchronous log dispatcher for DefaultDaemonConnection: socket connection from /127.0.0.1:51260 to /127.0.0.1:51261" [_thread_blocked, id=12172, stack(0x000000d196c00000,0x000000d196d00000)]
  0x000002764c197800 JavaThread "Stdin handler" [_thread_blocked, id=10448, stack(0x000000d196d00000,0x000000d196e00000)]
  0x000002764d577800 JavaThread "Thread-8" [_thread_blocked, id=3508, stack(0x000000d196e00000,0x000000d196f00000)]
  0x000002764d574000 JavaThread "Cache worker for journal cache (C:\Users\amirn\.gradle\caches\journal-1)" [_thread_blocked, id=10332, stack(0x000000d197000000,0x000000d197100000)]
  0x000002764d575000 JavaThread "File lock request listener" [_thread_in_native, id=364, stack(0x000000d197100000,0x000000d197200000)]
  0x000002764d576000 JavaThread "Cache worker for file hash cache (C:\Users\amirn\.gradle\caches\6.5\fileHashes)" [_thread_blocked, id=11384, stack(0x000000d197200000,0x000000d197300000)]
  0x000002764d576800 JavaThread "Cache worker for file hash cache (C:\Users\amirn\Desktop\Shorten-Link-App\.gradle\6.5\fileHashes)" [_thread_blocked, id=10216, stack(0x000000d197400000,0x000000d197500000)]
  0x000002764d578000 JavaThread "jar transforms" [_thread_blocked, id=10908, stack(0x000000d197300000,0x000000d197400000)]
  0x000002764d579000 JavaThread "jar transforms Thread 2" [_thread_blocked, id=7872, stack(0x000000d197500000,0x000000d197600000)]
  0x000002764d573800 JavaThread "jar transforms Thread 3" [_thread_blocked, id=3540, stack(0x000000d197600000,0x000000d197700000)]
  0x000002764d57a000 JavaThread "jar transforms Thread 4" [_thread_blocked, id=10716, stack(0x000000d197700000,0x000000d197800000)]
  0x000002764d8c6800 JavaThread "jar transforms Thread 5" [_thread_blocked, id=10368, stack(0x000000d197800000,0x000000d197900000)]
  0x000002764d8c8000 JavaThread "jar transforms Thread 6" [_thread_blocked, id=4692, stack(0x000000d197900000,0x000000d197a00000)]
  0x000002764d8c9000 JavaThread "jar transforms Thread 7" [_thread_blocked, id=4940, stack(0x000000d197a00000,0x000000d197b00000)]
  0x000002764d8cb000 JavaThread "jar transforms Thread 8" [_thread_blocked, id=11868, stack(0x000000d197b00000,0x000000d197c00000)]
  0x000002764d8c9800 JavaThread "jar transforms Thread 9" [_thread_blocked, id=11900, stack(0x000000d197d00000,0x000000d197e00000)]
  0x000002764d8cd000 JavaThread "jar transforms Thread 10" [_thread_blocked, id=11864, stack(0x000000d197e00000,0x000000d197f00000)]
  0x000002764d8ca800 JavaThread "jar transforms Thread 11" [_thread_blocked, id=11832, stack(0x000000d197f00000,0x000000d198000000)]
  0x000002764d8cc000 JavaThread "jar transforms Thread 12" [_thread_blocked, id=11764, stack(0x000000d198000000,0x000000d198100000)]
  0x000002764d8c7000 JavaThread "jar transforms Thread 13" [_thread_blocked, id=11840, stack(0x000000d198100000,0x000000d198200000)]
  0x000002764de6a800 JavaThread "jar transforms Thread 14" [_thread_blocked, id=10916, stack(0x000000d198200000,0x000000d198300000)]
  0x000002764de6b800 JavaThread "jar transforms Thread 15" [_thread_blocked, id=11480, stack(0x000000d198300000,0x000000d198400000)]
  0x000002764de6c000 JavaThread "jar transforms Thread 16" [_thread_blocked, id=11172, stack(0x000000d198400000,0x000000d198500000)]
  0x000002764de69800 JavaThread "jar transforms Thread 17" [_thread_blocked, id=2548, stack(0x000000d198500000,0x000000d198600000)]
  0x000002764de6d000 JavaThread "jar transforms Thread 18" [_thread_blocked, id=3036, stack(0x000000d198600000,0x000000d198700000)]
  0x000002764de68000 JavaThread "jar transforms Thread 19" [_thread_blocked, id=7900, stack(0x000000d198700000,0x000000d198800000)]
  0x000002764de67000 JavaThread "jar transforms Thread 20" [_thread_blocked, id=3780, stack(0x000000d198800000,0x000000d198900000)]
  0x000002764de6d800 JavaThread "jar transforms Thread 21" [_thread_blocked, id=11452, stack(0x000000d198900000,0x000000d198a00000)]
  0x000002764de6e800 JavaThread "jar transforms Thread 22" [_thread_blocked, id=11752, stack(0x000000d198a00000,0x000000d198b00000)]
  0x000002764de69000 JavaThread "jar transforms Thread 23" [_thread_blocked, id=11948, stack(0x000000d198b00000,0x000000d198c00000)]
  0x000002764de72000 JavaThread "jar transforms Thread 24" [_thread_blocked, id=12256, stack(0x000000d198c00000,0x000000d198d00000)]
  0x000002764de71000 JavaThread "jar transforms Thread 25" [_thread_blocked, id=11412, stack(0x000000d198d00000,0x000000d198e00000)]
  0x000002764de74000 JavaThread "jar transforms Thread 26" [_thread_blocked, id=3396, stack(0x000000d198e00000,0x000000d198f00000)]
  0x000002764de72800 JavaThread "Cache worker for checksums cache (C:\Users\amirn\Desktop\Shorten-Link-App\.gradle\checksums)" [_thread_blocked, id=11528, stack(0x000000d197c00000,0x000000d197d00000)]
  0x000002764de6f800 JavaThread "Cache worker for cache directory md-supplier (C:\Users\amirn\.gradle\caches\6.5\md-supplier)" [_thread_blocked, id=12280, stack(0x000000d198f00000,0x000000d199000000)]
  0x000002764de70000 JavaThread "Cache worker for cache directory md-rule (C:\Users\amirn\.gradle\caches\6.5\md-rule)" [_thread_blocked, id=10728, stack(0x000000d199000000,0x000000d199100000)]
  0x000002764de73800 JavaThread "Cache worker for execution history cache (C:\Users\amirn\.gradle\caches\6.5\executionHistory)" [_thread_blocked, id=6076, stack(0x000000d199200000,0x000000d199300000)]
  0x000002764de75000 JavaThread "Cache worker for file content cache (C:\Users\amirn\.gradle\caches\6.5\fileContent)" [_thread_blocked, id=804, stack(0x000000d199100000,0x000000d199200000)]
  0x000002764e1de000 JavaThread "Cache worker for Build Output Cleanup Cache (C:\Users\amirn\Desktop\Shorten-Link-App\.gradle\buildOutputCleanup)" [_thread_blocked, id=8256, stack(0x000000d199400000,0x000000d199500000)]
  0x000002764e1de800 JavaThread "Build operations" [_thread_blocked, id=8800, stack(0x000000d199300000,0x000000d199400000)]
  0x000002764e1d9000 JavaThread "Build operations Thread 2" [_thread_blocked, id=11524, stack(0x000000d199500000,0x000000d199600000)]
  0x000002764e1df800 JavaThread "Build operations Thread 3" [_thread_blocked, id=9364, stack(0x000000d199600000,0x000000d199700000)]
  0x000002764e1dc800 JavaThread "Build operations Thread 4" [_thread_blocked, id=6904, stack(0x000000d199700000,0x000000d199800000)]
  0x000002764e1da000 JavaThread "jar transforms Thread 27" [_thread_blocked, id=6096, stack(0x000000d199800000,0x000000d199900000)]
  0x000002764e1e0800 JavaThread "jar transforms Thread 28" [_thread_blocked, id=8820, stack(0x000000d199900000,0x000000d199a00000)]
  0x000002764e1dd000 JavaThread "jar transforms Thread 29" [_thread_blocked, id=12268, stack(0x000000d199a00000,0x000000d199b00000)]
  0x000002764e1e1000 JavaThread "jar transforms Thread 30" [_thread_blocked, id=10460, stack(0x000000d199b00000,0x000000d199c00000)]
  0x000002764e1db800 JavaThread "jar transforms Thread 31" [_thread_blocked, id=10508, stack(0x000000d199c00000,0x000000d199d00000)]
  0x000002764e1e3800 JavaThread "jar transforms Thread 32" [_thread_blocked, id=8768, stack(0x000000d199d00000,0x000000d199e00000)]
  0x000002764e1e2000 JavaThread "jar transforms Thread 33" [_thread_blocked, id=2604, stack(0x000000d199e00000,0x000000d199f00000)]
  0x000002764e1e4800 JavaThread "jar transforms Thread 34" [_thread_blocked, id=11276, stack(0x000000d199f00000,0x000000d19a000000)]
  0x000002764e1e3000 JavaThread "jar transforms Thread 35" [_thread_blocked, id=2904, stack(0x000000d19a000000,0x000000d19a100000)]
  0x000002764e1e5000 JavaThread "jar transforms Thread 36" [_thread_blocked, id=12216, stack(0x000000d19a100000,0x000000d19a200000)]
  0x000002764e1e6000 JavaThread "jar transforms Thread 37" [_thread_blocked, id=11288, stack(0x000000d19a200000,0x000000d19a300000)]
  0x000002764e1e7000 JavaThread "jar transforms Thread 38" [_thread_blocked, id=8760, stack(0x000000d19a300000,0x000000d19a400000)]
  0x000002764e1e7800 JavaThread "jar transforms Thread 39" [_thread_blocked, id=6728, stack(0x000000d19a400000,0x000000d19a500000)]
  0x0000027652692800 JavaThread "jar transforms Thread 40" [_thread_blocked, id=6920, stack(0x000000d19a500000,0x000000d19a600000)]
  0x0000027652691800 JavaThread "jar transforms Thread 41" [_thread_blocked, id=11628, stack(0x000000d19a600000,0x000000d19a700000)]
  0x000002765268f000 JavaThread "jar transforms Thread 42" [_thread_blocked, id=12164, stack(0x000000d19a700000,0x000000d19a800000)]
  0x0000027652690000 JavaThread "jar transforms Thread 43" [_thread_blocked, id=12152, stack(0x000000d19a800000,0x000000d19a900000)]
  0x000002765268e800 JavaThread "jar transforms Thread 44" [_thread_blocked, id=11352, stack(0x000000d19a900000,0x000000d19aa00000)]
  0x0000027652695800 JavaThread "jar transforms Thread 45" [_thread_blocked, id=10784, stack(0x000000d19aa00000,0x000000d19ab00000)]
  0x0000027652693000 JavaThread "jar transforms Thread 46" [_thread_blocked, id=9328, stack(0x000000d19ab00000,0x000000d19ac00000)]
  0x0000027652695000 JavaThread "jar transforms Thread 47" [_thread_blocked, id=12144, stack(0x000000d19ac00000,0x000000d19ad00000)]
  0x0000027652690800 JavaThread "jar transforms Thread 48" [_thread_blocked, id=12140, stack(0x000000d19ad00000,0x000000d19ae00000)]
  0x0000027652696800 JavaThread "jar transforms Thread 49" [_thread_blocked, id=12136, stack(0x000000d19ae00000,0x000000d19af00000)]
  0x0000027652697800 JavaThread "jar transforms Thread 50" [_thread_blocked, id=5152, stack(0x000000d19af00000,0x000000d19b000000)]
  0x0000027652698000 JavaThread "jar transforms Thread 51" [_thread_blocked, id=8248, stack(0x000000d19b000000,0x000000d19b100000)]
  0x0000027652699800 JavaThread "jar transforms Thread 52" [_thread_blocked, id=12224, stack(0x000000d19b100000,0x000000d19b200000)]
  0x0000027652699000 JavaThread "jar transforms Thread 53" [_thread_blocked, id=12084, stack(0x000000d19b200000,0x000000d19b300000)]
  0x0000027652694000 JavaThread "jar transforms Thread 54" [_thread_blocked, id=2144, stack(0x000000d19b300000,0x000000d19b400000)]
  0x000002765269a800 JavaThread "jar transforms Thread 55" [_thread_blocked, id=10348, stack(0x000000d19b400000,0x000000d19b500000)]
  0x000002765269b800 JavaThread "jar transforms Thread 56" [_thread_blocked, id=5728, stack(0x000000d19b500000,0x000000d19b600000)]
  0x000002765269d000 JavaThread "jar transforms Thread 57" [_thread_blocked, id=3340, stack(0x000000d19b600000,0x000000d19b700000)]
  0x000002765269c000 JavaThread "jar transforms Thread 58" [_thread_blocked, id=7852, stack(0x000000d19b700000,0x000000d19b800000)]
  0x0000027653774800 JavaThread "jar transforms Thread 59" [_thread_blocked, id=2100, stack(0x000000d19b800000,0x000000d19b900000)]
  0x0000027653775800 JavaThread "jar transforms Thread 60" [_thread_blocked, id=5192, stack(0x000000d19b900000,0x000000d19ba00000)]
  0x0000027653774000 JavaThread "jar transforms Thread 61" [_thread_blocked, id=10488, stack(0x000000d19ba00000,0x000000d19bb00000)]
  0x0000027653778000 JavaThread "jar transforms Thread 62" [_thread_blocked, id=6832, stack(0x000000d19bb00000,0x000000d19bc00000)]
  0x0000027653773000 JavaThread "jar transforms Thread 63" [_thread_blocked, id=5144, stack(0x000000d19bc00000,0x000000d19bd00000)]
  0x0000027653776800 JavaThread "jar transforms Thread 64" [_thread_blocked, id=11244, stack(0x000000d19bd00000,0x000000d19be00000)]
  0x0000027653779000 JavaThread "jar transforms Thread 65" [_thread_blocked, id=10884, stack(0x000000d19be00000,0x000000d19bf00000)]
  0x0000027653779800 JavaThread "jar transforms Thread 66" [_thread_blocked, id=12176, stack(0x000000d19bf00000,0x000000d19c000000)]
  0x000002765377a800 JavaThread "jar transforms Thread 67" [_thread_blocked, id=8640, stack(0x000000d19c000000,0x000000d19c100000)]
  0x000002765377b000 JavaThread "jar transforms Thread 68" [_thread_blocked, id=11732, stack(0x000000d19c100000,0x000000d19c200000)]
  0x000002765377c000 JavaThread "jar transforms Thread 69" [_thread_blocked, id=7184, stack(0x000000d19c200000,0x000000d19c300000)]
  0x000002765377d000 JavaThread "jar transforms Thread 70" [_thread_blocked, id=11696, stack(0x000000d19c300000,0x000000d19c400000)]
  0x0000027653777000 JavaThread "jar transforms Thread 71" [_thread_blocked, id=10388, stack(0x000000d19c400000,0x000000d19c500000)]
  0x0000027653781800 JavaThread "jar transforms Thread 72" [_thread_blocked, id=10436, stack(0x000000d19c500000,0x000000d19c600000)]
  0x000002765377f800 JavaThread "jar transforms Thread 73" [_thread_blocked, id=4988, stack(0x000000d19c600000,0x000000d19c700000)]
  0x000002765377e800 JavaThread "jar transforms Thread 74" [_thread_blocked, id=11728, stack(0x000000d19c700000,0x000000d19c800000)]
  0x000002765377d800 JavaThread "jar transforms Thread 75" [_thread_blocked, id=1420, stack(0x000000d19c800000,0x000000d19c900000)]
  0x0000027653780000 JavaThread "jar transforms Thread 76" [_thread_blocked, id=5100, stack(0x000000d19c900000,0x000000d19ca00000)]
  0x0000027653781000 JavaThread "jar transforms Thread 77" [_thread_blocked, id=11952, stack(0x000000d19ca00000,0x000000d19cb00000)]
  0x000002764e037000 JavaThread "jar transforms Thread 78" [_thread_blocked, id=11836, stack(0x000000d19cb00000,0x000000d19cc00000)]
  0x000002764e038000 JavaThread "jar transforms Thread 79" [_thread_blocked, id=11756, stack(0x000000d19cc00000,0x000000d19cd00000)]
  0x000002764e038800 JavaThread "jar transforms Thread 80" [_thread_blocked, id=11520, stack(0x000000d19cd00000,0x000000d19ce00000)]
  0x000002764e039800 JavaThread "jar transforms Thread 81" [_thread_blocked, id=9456, stack(0x000000d19ce00000,0x000000d19cf00000)]
  0x000002764e034800 JavaThread "jar transforms Thread 82" [_thread_blocked, id=11876, stack(0x000000d19cf00000,0x000000d19d000000)]
  0x000002764e036000 JavaThread "jar transforms Thread 83" [_thread_blocked, id=11784, stack(0x000000d19d000000,0x000000d19d100000)]
  0x000002764e034000 JavaThread "jar transforms Thread 84" [_thread_blocked, id=2956, stack(0x000000d19d100000,0x000000d19d200000)]
  0x000002764e03a800 JavaThread "jar transforms Thread 85" [_thread_blocked, id=8008, stack(0x000000d19d200000,0x000000d19d300000)]
  0x000002764e03b000 JavaThread "jar transforms Thread 86" [_thread_blocked, id=7788, stack(0x000000d19d300000,0x000000d19d400000)]
  0x000002764e035800 JavaThread "jar transforms Thread 87" [_thread_blocked, id=3720, stack(0x000000d19d400000,0x000000d19d500000)]
  0x000002764e03d800 JavaThread "jar transforms Thread 88" [_thread_blocked, id=12188, stack(0x000000d19d500000,0x000000d19d600000)]
=>0x000002764e6ec000 JavaThread "C2 CompilerThread1" daemon [_thread_in_native, id=8532, stack(0x000000d19d600000,0x000000d19d700000)]

Other Threads:
  0x000002764b416800 VMThread "VM Thread" [stack: 0x000000d195500000,0x000000d195600000] [id=11776]
  0x000002764bf16000 WatcherThread [stack: 0x000000d195f00000,0x000000d196000000] [id=5212]
  0x0000027631835800 GCTaskThread "GC Thread#0" [stack: 0x000000d195000000,0x000000d195100000] [id=10572]
  0x000002764c384000 GCTaskThread "GC Thread#1" [stack: 0x000000d196100000,0x000000d196200000] [id=7636]
  0x000002764c5c1800 GCTaskThread "GC Thread#2" [stack: 0x000000d196200000,0x000000d196300000] [id=8656]
  0x000002764c35e000 GCTaskThread "GC Thread#3" [stack: 0x000000d196f00000,0x000000d197000000] [id=11712]
  0x0000027631864800 ConcurrentGCThread "G1 Main Marker" [stack: 0x000000d195100000,0x000000d195200000] [id=392]
  0x0000027631866800 ConcurrentGCThread "G1 Conc#0" [stack: 0x000000d195200000,0x000000d195300000] [id=9704]
  0x00000276318f7800 ConcurrentGCThread "G1 Refine#0" [stack: 0x000000d195300000,0x000000d195400000] [id=7256]
  0x00000276318f9000 ConcurrentGCThread "G1 Young RemSet Sampling" [stack: 0x000000d195400000,0x000000d195500000] [id=12244]

Threads with active compile tasks:
C2 CompilerThread0  47008 8685       4       org.gradle.internal.instantiation.generator.AbstractClassGenerator::inspectType (560 bytes)
C2 CompilerThread1  47008 8669       4       org.gradle.internal.reflect.MutableClassDetails::property (41 bytes)

VM state:synchronizing (normal execution)

VM Mutex/Monitor currently owned by a thread:  ([mutex/lock_event])
[0x0000027631817060] Threads_lock - owner thread: 0x000002764b416800
[0x00000276318173c0] Heap_lock - owner thread: 0x0000027631864800

Heap address: 0x0000000080000000, size: 2048 MB, Compressed Oops mode: 32-bit
Narrow klass base: 0x0000000000000000, Narrow klass shift: 3
Compressed class space size: 1073741824 Address: 0x0000000100000000

Heap:
 garbage-first heap   total 131072K, used 93259K [0x0000000080000000, 0x0000000100000000)
  region size 1024K, 8 young (8192K), 3 survivors (3072K)
 Metaspace       used 82217K, capacity 84233K, committed 84688K, reserved 1122304K
  class space    used 10338K, capacity 11022K, committed 11136K, reserved 1048576K
Heap Regions: E=young(eden), S=young(survivor), O=old, HS=humongous(starts), HC=humongous(continues), CS=collection set, F=free, A=archive, TAMS=top-at-mark-start (previous, next)
|   0|0x0000000080000000, 0x0000000080100000, 0x0000000080100000|100%| O|  |TAMS 0x0000000080100000, 0x0000000080000000| Updating 
|   1|0x0000000080100000, 0x0000000080200000, 0x0000000080200000|100%| O|  |TAMS 0x0000000080200000, 0x0000000080100000| Updating 
|   2|0x0000000080200000, 0x0000000080300000, 0x0000000080300000|100%| O|  |TAMS 0x0000000080300000, 0x0000000080200000| Updating 
|   3|0x0000000080300000, 0x0000000080400000, 0x0000000080400000|100%|HS|  |TAMS 0x0000000080400000, 0x0000000080300000| Complete 
|   4|0x0000000080400000, 0x0000000080500000, 0x0000000080500000|100%|HC|  |TAMS 0x0000000080500000, 0x0000000080400000| Complete 
|   5|0x0000000080500000, 0x0000000080600000, 0x0000000080600000|100%|HC|  |TAMS 0x0000000080600000, 0x0000000080500000| Complete 
|   6|0x0000000080600000, 0x0000000080700000, 0x0000000080700000|100%| O|  |TAMS 0x0000000080700000, 0x0000000080600000| Updating 
|   7|0x0000000080700000, 0x0000000080800000, 0x0000000080800000|100%| O|  |TAMS 0x0000000080800000, 0x0000000080700000| Updating 
|   8|0x0000000080800000, 0x0000000080900000, 0x0000000080900000|100%| O|  |TAMS 0x0000000080900000, 0x0000000080800000| Updating 
|   9|0x0000000080900000, 0x0000000080a00000, 0x0000000080a00000|100%| O|  |TAMS 0x0000000080a00000, 0x0000000080900000| Updating 
|  10|0x0000000080a00000, 0x0000000080b00000, 0x0000000080b00000|100%| O|  |TAMS 0x0000000080b00000, 0x0000000080a00000| Updating 
|  11|0x0000000080b00000, 0x0000000080c00000, 0x0000000080c00000|100%| O|  |TAMS 0x0000000080c00000, 0x0000000080b00000| Updating 
|  12|0x0000000080c00000, 0x0000000080d00000, 0x0000000080d00000|100%| O|  |TAMS 0x0000000080d00000, 0x0000000080c00000| Updating 
|  13|0x0000000080d00000, 0x0000000080e00000, 0x0000000080e00000|100%|HS|  |TAMS 0x0000000080e00000, 0x0000000080d00000| Complete 
|  14|0x0000000080e00000, 0x0000000080f00000, 0x0000000080f00000|100%|HC|  |TAMS 0x0000000080f00000, 0x0000000080e00000| Complete 
|  15|0x0000000080f00000, 0x0000000081000000, 0x0000000081000000|100%|HS|  |TAMS 0x0000000081000000, 0x0000000080f00000| Complete 
|  16|0x0000000081000000, 0x0000000081100000, 0x0000000081100000|100%|HC|  |TAMS 0x0000000081100000, 0x0000000081000000| Complete 
|  17|0x0000000081100000, 0x0000000081200000, 0x0000000081200000|100%|HC|  |TAMS 0x0000000081200000, 0x0000000081100000| Complete 
|  18|0x0000000081200000, 0x0000000081300000, 0x0000000081300000|100%|HS|  |TAMS 0x0000000081300000, 0x0000000081200000| Complete 
|  19|0x0000000081300000, 0x0000000081400000, 0x0000000081400000|100%|HC|  |TAMS 0x0000000081400000, 0x0000000081300000| Complete 
|  20|0x0000000081400000, 0x0000000081500000, 0x0000000081500000|100%|HC|  |TAMS 0x0000000081500000, 0x0000000081400000| Complete 
|  21|0x0000000081500000, 0x0000000081600000, 0x0000000081600000|100%|HC|  |TAMS 0x0000000081600000, 0x0000000081500000| Complete 
|  22|0x0000000081600000, 0x0000000081700000, 0x0000000081700000|100%| O|  |TAMS 0x0000000081700000, 0x0000000081600000| Updating 
|  23|0x0000000081700000, 0x0000000081800000, 0x0000000081800000|100%| O|  |TAMS 0x0000000081800000, 0x0000000081700000| Updating 
|  24|0x0000000081800000, 0x0000000081900000, 0x0000000081900000|100%| O|  |TAMS 0x0000000081900000, 0x0000000081800000| Updating 
|  25|0x0000000081900000, 0x0000000081a00000, 0x0000000081a00000|100%| O|  |TAMS 0x0000000081a00000, 0x0000000081900000| Updating 
|  26|0x0000000081a00000, 0x0000000081b00000, 0x0000000081b00000|100%| O|  |TAMS 0x0000000081b00000, 0x0000000081a00000| Updating 
|  27|0x0000000081b00000, 0x0000000081c00000, 0x0000000081c00000|100%| O|  |TAMS 0x0000000081c00000, 0x0000000081b00000| Updating 
|  28|0x0000000081c00000, 0x0000000081d00000, 0x0000000081d00000|100%| O|  |TAMS 0x0000000081d00000, 0x0000000081c00000| Updating 
|  29|0x0000000081d00000, 0x0000000081e00000, 0x0000000081e00000|100%| O|  |TAMS 0x0000000081e00000, 0x0000000081d00000| Updating 
|  30|0x0000000081e00000, 0x0000000081f00000, 0x0000000081f00000|100%| O|  |TAMS 0x0000000081f00000, 0x0000000081e00000| Updating 
|  31|0x0000000081f00000, 0x0000000082000000, 0x0000000082000000|100%| O|  |TAMS 0x0000000082000000, 0x0000000081f00000| Updating 
|  32|0x0000000082000000, 0x0000000082100000, 0x0000000082100000|100%| O|  |TAMS 0x0000000082100000, 0x0000000082000000| Updating 
|  33|0x0000000082100000, 0x0000000082200000, 0x0000000082200000|100%| O|  |TAMS 0x0000000082200000, 0x0000000082100000| Updating 
|  34|0x0000000082200000, 0x0000000082300000, 0x0000000082300000|100%| O|  |TAMS 0x0000000082300000, 0x0000000082200000| Updating 
|  35|0x0000000082300000, 0x0000000082400000, 0x0000000082400000|100%| O|  |TAMS 0x0000000082400000, 0x0000000082300000| Updating 
|  36|0x0000000082400000, 0x0000000082500000, 0x0000000082500000|100%| O|  |TAMS 0x0000000082500000, 0x0000000082400000| Updating 
|  37|0x0000000082500000, 0x0000000082600000, 0x0000000082600000|100%| O|  |TAMS 0x0000000082600000, 0x0000000082500000| Updating 
|  38|0x0000000082600000, 0x0000000082700000, 0x0000000082700000|100%| O|  |TAMS 0x0000000082700000, 0x0000000082600000| Updating 
|  39|0x0000000082700000, 0x0000000082800000, 0x0000000082800000|100%| O|  |TAMS 0x0000000082800000, 0x0000000082700000| Updating 
|  40|0x0000000082800000, 0x0000000082900000, 0x0000000082900000|100%| O|  |TAMS 0x0000000082900000, 0x0000000082800000| Updating 
|  41|0x0000000082900000, 0x0000000082a00000, 0x0000000082a00000|100%| O|  |TAMS 0x0000000082a00000, 0x0000000082900000| Updating 
|  42|0x0000000082a00000, 0x0000000082b00000, 0x0000000082b00000|100%|HS|  |TAMS 0x0000000082b00000, 0x0000000082a00000| Complete 
|  43|0x0000000082b00000, 0x0000000082c00000, 0x0000000082c00000|100%|HC|  |TAMS 0x0000000082c00000, 0x0000000082b00000| Complete 
|  44|0x0000000082c00000, 0x0000000082d00000, 0x0000000082d00000|100%|HC|  |TAMS 0x0000000082d00000, 0x0000000082c00000| Complete 
|  45|0x0000000082d00000, 0x0000000082e00000, 0x0000000082e00000|100%|HS|  |TAMS 0x0000000082e00000, 0x0000000082d00000| Complete 
|  46|0x0000000082e00000, 0x0000000082f00000, 0x0000000082f00000|100%|HC|  |TAMS 0x0000000082f00000, 0x0000000082e00000| Complete 
|  47|0x0000000082f00000, 0x0000000083000000, 0x0000000083000000|100%| O|  |TAMS 0x0000000083000000, 0x0000000082f00000| Updating 
|  48|0x0000000083000000, 0x0000000083100000, 0x0000000083100000|100%| O|  |TAMS 0x0000000083100000, 0x0000000083000000| Updating 
|  49|0x0000000083100000, 0x0000000083200000, 0x0000000083200000|100%| O|  |TAMS 0x0000000083200000, 0x0000000083100000| Updating 
|  50|0x0000000083200000, 0x0000000083300000, 0x0000000083300000|100%| O|  |TAMS 0x0000000083300000, 0x0000000083200000| Updating 
|  51|0x0000000083300000, 0x0000000083400000, 0x0000000083400000|100%| O|  |TAMS 0x0000000083400000, 0x0000000083300000| Updating 
|  52|0x0000000083400000, 0x0000000083500000, 0x0000000083500000|100%| O|  |TAMS 0x0000000083500000, 0x0000000083400000| Updating 
|  53|0x0000000083500000, 0x0000000083600000, 0x0000000083600000|100%| O|  |TAMS 0x0000000083600000, 0x0000000083500000| Updating 
|  54|0x0000000083600000, 0x0000000083700000, 0x0000000083700000|100%| O|  |TAMS 0x0000000083700000, 0x0000000083600000| Updating 
|  55|0x0000000083700000, 0x0000000083800000, 0x0000000083800000|100%| O|  |TAMS 0x0000000083800000, 0x0000000083700000| Updating 
|  56|0x0000000083800000, 0x0000000083900000, 0x0000000083900000|100%| O|  |TAMS 0x0000000083900000, 0x0000000083800000| Updating 
|  57|0x0000000083900000, 0x0000000083a00000, 0x0000000083a00000|100%| O|  |TAMS 0x0000000083a00000, 0x0000000083900000| Updating 
|  58|0x0000000083a00000, 0x0000000083b00000, 0x0000000083b00000|100%| O|  |TAMS 0x0000000083b00000, 0x0000000083a00000| Updating 
|  59|0x0000000083b00000, 0x0000000083c00000, 0x0000000083c00000|100%| O|  |TAMS 0x0000000083c00000, 0x0000000083b00000| Updating 
|  60|0x0000000083c00000, 0x0000000083d00000, 0x0000000083d00000|100%| O|  |TAMS 0x0000000083d00000, 0x0000000083c00000| Updating 
|  61|0x0000000083d00000, 0x0000000083e00000, 0x0000000083e00000|100%| O|  |TAMS 0x0000000083e00000, 0x0000000083d00000| Updating 
|  62|0x0000000083e00000, 0x0000000083f00000, 0x0000000083f00000|100%| O|  |TAMS 0x0000000083f00000, 0x0000000083e00000| Updating 
|  63|0x0000000083f00000, 0x0000000084000000, 0x0000000084000000|100%| O|  |TAMS 0x0000000084000000, 0x0000000083f00000| Updating 
|  64|0x0000000084000000, 0x0000000084100000, 0x0000000084100000|100%| O|  |TAMS 0x0000000084100000, 0x0000000084000000| Updating 
|  65|0x0000000084100000, 0x0000000084200000, 0x0000000084200000|100%|HS|  |TAMS 0x0000000084200000, 0x0000000084100000| Complete 
|  66|0x0000000084200000, 0x0000000084300000, 0x0000000084300000|100%|HC|  |TAMS 0x0000000084300000, 0x0000000084200000| Complete 
|  67|0x0000000084300000, 0x0000000084400000, 0x0000000084400000|100%|HS|  |TAMS 0x0000000084400000, 0x0000000084300000| Complete 
|  68|0x0000000084400000, 0x0000000084500000, 0x0000000084500000|100%|HC|  |TAMS 0x0000000084500000, 0x0000000084400000| Complete 
|  69|0x0000000084500000, 0x0000000084600000, 0x0000000084600000|100%|HC|  |TAMS 0x0000000084600000, 0x0000000084500000| Complete 
|  70|0x0000000084600000, 0x0000000084700000, 0x0000000084700000|100%|HS|  |TAMS 0x0000000084700000, 0x0000000084600000| Complete 
|  71|0x0000000084700000, 0x0000000084800000, 0x0000000084800000|100%|HC|  |TAMS 0x0000000084800000, 0x0000000084700000| Complete 
|  72|0x0000000084800000, 0x0000000084900000, 0x0000000084900000|100%|HC|  |TAMS 0x0000000084900000, 0x0000000084800000| Complete 
|  73|0x0000000084900000, 0x0000000084a00000, 0x0000000084a00000|100%|HC|  |TAMS 0x0000000084a00000, 0x0000000084900000| Complete 
|  74|0x0000000084a00000, 0x0000000084b00000, 0x0000000084b00000|100%| O|  |TAMS 0x0000000084b00000, 0x0000000084a00000| Updating 
|  75|0x0000000084b00000, 0x0000000084c00000, 0x0000000084c00000|100%| O|  |TAMS 0x0000000084c00000, 0x0000000084b00000| Updating 
|  76|0x0000000084c00000, 0x0000000084d00000, 0x0000000084d00000|100%| O|  |TAMS 0x0000000084d00000, 0x0000000084c00000| Updating 
|  77|0x0000000084d00000, 0x0000000084e00000, 0x0000000084e00000|100%| O|  |TAMS 0x0000000084e00000, 0x0000000084d00000| Updating 
|  78|0x0000000084e00000, 0x0000000084f00000, 0x0000000084f00000|100%| O|  |TAMS 0x0000000084f00000, 0x0000000084e00000| Updating 
|  79|0x0000000084f00000, 0x0000000085000000, 0x0000000085000000|100%| O|  |TAMS 0x0000000085000000, 0x0000000084f00000| Updating 
|  80|0x0000000085000000, 0x0000000085100000, 0x0000000085100000|100%| O|  |TAMS 0x0000000085100000, 0x0000000085000000| Updating 
|  81|0x0000000085100000, 0x0000000085200000, 0x0000000085200000|100%| O|  |TAMS 0x0000000085200000, 0x0000000085100000| Updating 
|  82|0x0000000085200000, 0x0000000085300000, 0x0000000085300000|100%| O|  |TAMS 0x0000000085300000, 0x0000000085200000| Updating 
|  83|0x0000000085300000, 0x0000000085400000, 0x0000000085400000|100%| O|  |TAMS 0x0000000085400000, 0x0000000085300000| Updating 
|  84|0x0000000085400000, 0x00000000854aa000, 0x0000000085500000| 66%| O|  |TAMS 0x00000000854aa000, 0x0000000085400000| Updating 
|  85|0x0000000085500000, 0x0000000085500000, 0x0000000085600000|  0%| F|  |TAMS 0x0000000085500000, 0x0000000085500000| Untracked 
|  86|0x0000000085600000, 0x0000000085600000, 0x0000000085700000|  0%| F|  |TAMS 0x0000000085600000, 0x0000000085600000| Untracked 
|  87|0x0000000085700000, 0x0000000085700000, 0x0000000085800000|  0%| F|  |TAMS 0x0000000085700000, 0x0000000085700000| Untracked 
|  88|0x0000000085800000, 0x0000000085800000, 0x0000000085900000|  0%| F|  |TAMS 0x0000000085800000, 0x0000000085800000| Untracked 
|  89|0x0000000085900000, 0x0000000085900000, 0x0000000085a00000|  0%| F|  |TAMS 0x0000000085900000, 0x0000000085900000| Untracked 
|  90|0x0000000085a00000, 0x0000000085a00000, 0x0000000085b00000|  0%| F|  |TAMS 0x0000000085a00000, 0x0000000085a00000| Untracked 
|  91|0x0000000085b00000, 0x0000000085b00000, 0x0000000085c00000|  0%| F|  |TAMS 0x0000000085b00000, 0x0000000085b00000| Untracked 
|  92|0x0000000085c00000, 0x0000000085c00000, 0x0000000085d00000|  0%| F|  |TAMS 0x0000000085c00000, 0x0000000085c00000| Untracked 
|  93|0x0000000085d00000, 0x0000000085d00000, 0x0000000085e00000|  0%| F|  |TAMS 0x0000000085d00000, 0x0000000085d00000| Untracked 
|  94|0x0000000085e00000, 0x0000000085e00000, 0x0000000085f00000|  0%| F|  |TAMS 0x0000000085e00000, 0x0000000085e00000| Untracked 
|  95|0x0000000085f00000, 0x0000000085f00000, 0x0000000086000000|  0%| F|  |TAMS 0x0000000085f00000, 0x0000000085f00000| Untracked 
|  96|0x0000000086000000, 0x0000000086000000, 0x0000000086100000|  0%| F|  |TAMS 0x0000000086000000, 0x0000000086000000| Untracked 
|  97|0x0000000086100000, 0x0000000086100000, 0x0000000086200000|  0%| F|  |TAMS 0x0000000086100000, 0x0000000086100000| Untracked 
|  98|0x0000000086200000, 0x0000000086200000, 0x0000000086300000|  0%| F|  |TAMS 0x0000000086200000, 0x0000000086200000| Untracked 
|  99|0x0000000086300000, 0x0000000086300000, 0x0000000086400000|  0%| F|  |TAMS 0x0000000086300000, 0x0000000086300000| Untracked 
| 100|0x0000000086400000, 0x0000000086400000, 0x0000000086500000|  0%| F|  |TAMS 0x0000000086400000, 0x0000000086400000| Untracked 
| 101|0x0000000086500000, 0x0000000086500000, 0x0000000086600000|  0%| F|  |TAMS 0x0000000086500000, 0x0000000086500000| Untracked 
| 102|0x0000000086600000, 0x0000000086600000, 0x0000000086700000|  0%| F|  |TAMS 0x0000000086600000, 0x0000000086600000| Untracked 
| 103|0x0000000086700000, 0x0000000086700000, 0x0000000086800000|  0%| F|  |TAMS 0x0000000086700000, 0x0000000086700000| Untracked 
| 104|0x0000000086800000, 0x0000000086800000, 0x0000000086900000|  0%| F|  |TAMS 0x0000000086800000, 0x0000000086800000| Untracked 
| 105|0x0000000086900000, 0x0000000086900000, 0x0000000086a00000|  0%| F|  |TAMS 0x0000000086900000, 0x0000000086900000| Untracked 
| 106|0x0000000086a00000, 0x0000000086a68da8, 0x0000000086b00000| 40%| S|CS|TAMS 0x0000000086a00000, 0x0000000086a00000| Complete 
| 107|0x0000000086b00000, 0x0000000086c00000, 0x0000000086c00000|100%| S|CS|TAMS 0x0000000086b00000, 0x0000000086b00000| Complete 
| 108|0x0000000086c00000, 0x0000000086d00000, 0x0000000086d00000|100%| S|CS|TAMS 0x0000000086c00000, 0x0000000086c00000| Complete 
| 109|0x0000000086d00000, 0x0000000086d00000, 0x0000000086e00000|  0%| F|  |TAMS 0x0000000086d00000, 0x0000000086d00000| Untracked 
| 110|0x0000000086e00000, 0x0000000086e00000, 0x0000000086f00000|  0%| F|  |TAMS 0x0000000086e00000, 0x0000000086e00000| Untracked 
| 111|0x0000000086f00000, 0x0000000086f00000, 0x0000000087000000|  0%| F|  |TAMS 0x0000000086f00000, 0x0000000086f00000| Untracked 
| 112|0x0000000087000000, 0x0000000087000000, 0x0000000087100000|  0%| F|  |TAMS 0x0000000087000000, 0x0000000087000000| Untracked 
| 113|0x0000000087100000, 0x0000000087100000, 0x0000000087200000|  0%| F|  |TAMS 0x0000000087100000, 0x0000000087100000| Untracked 
| 114|0x0000000087200000, 0x0000000087200000, 0x0000000087300000|  0%| F|  |TAMS 0x0000000087200000, 0x0000000087200000| Untracked 
| 115|0x0000000087300000, 0x0000000087300000, 0x0000000087400000|  0%| F|  |TAMS 0x0000000087300000, 0x0000000087300000| Untracked 
| 116|0x0000000087400000, 0x0000000087400000, 0x0000000087500000|  0%| F|  |TAMS 0x0000000087400000, 0x0000000087400000| Untracked 
| 117|0x0000000087500000, 0x0000000087500000, 0x0000000087600000|  0%| F|  |TAMS 0x0000000087500000, 0x0000000087500000| Untracked 
| 118|0x0000000087600000, 0x0000000087600000, 0x0000000087700000|  0%| F|  |TAMS 0x0000000087600000, 0x0000000087600000| Untracked 
| 119|0x0000000087700000, 0x0000000087700000, 0x0000000087800000|  0%| F|  |TAMS 0x0000000087700000, 0x0000000087700000| Untracked 
| 120|0x0000000087800000, 0x0000000087800000, 0x0000000087900000|  0%| F|  |TAMS 0x0000000087800000, 0x0000000087800000| Untracked 
| 121|0x0000000087900000, 0x0000000087900000, 0x0000000087a00000|  0%| F|  |TAMS 0x0000000087900000, 0x0000000087900000| Untracked 
| 122|0x0000000087a00000, 0x0000000087a00000, 0x0000000087b00000|  0%| F|  |TAMS 0x0000000087a00000, 0x0000000087a00000| Untracked 
| 123|0x0000000087b00000, 0x0000000087b3ed98, 0x0000000087c00000| 24%| E|  |TAMS 0x0000000087b00000, 0x0000000087b00000| Complete 
| 124|0x0000000087c00000, 0x0000000087d00000, 0x0000000087d00000|100%| E|CS|TAMS 0x0000000087c00000, 0x0000000087c00000| Complete 
| 125|0x0000000087d00000, 0x0000000087e00000, 0x0000000087e00000|100%| E|CS|TAMS 0x0000000087d00000, 0x0000000087d00000| Complete 
| 126|0x0000000087e00000, 0x0000000087f00000, 0x0000000087f00000|100%| E|CS|TAMS 0x0000000087e00000, 0x0000000087e00000| Complete 
| 127|0x0000000087f00000, 0x0000000088000000, 0x0000000088000000|100%| E|CS|TAMS 0x0000000087f00000, 0x0000000087f00000| Complete 

Card table byte_map: [0x0000027644720000,0x0000027644b20000] _byte_map_base: 0x0000027644320000

Marking Bits (Prev, Next): (CMBitMap*) 0x000002763185bb90, (CMBitMap*) 0x000002763185bb58
 Prev Bits: [0x0000027646f20000, 0x0000027648f20000)
 Next Bits: [0x0000027644f20000, 0x0000027646f20000)

Polling page: 0x0000027631000000

Metaspace:

Usage:
  Non-class:     71.50 MB capacity,    70.19 MB ( 98%) used,     1.11 MB (  2%) free+waste,   190.81 KB ( <1%) overhead. 
      Class:     10.76 MB capacity,    10.10 MB ( 94%) used,   595.65 KB (  5%) free+waste,    88.19 KB ( <1%) overhead. 
       Both:     82.26 MB capacity,    80.29 MB ( 98%) used,     1.70 MB (  2%) free+waste,   279.00 KB ( <1%) overhead. 

Virtual space:
  Non-class space:       72.00 MB reserved,      71.83 MB (>99%) committed 
      Class space:        1.00 GB reserved,      10.88 MB (  1%) committed 
             Both:        1.07 GB reserved,      82.70 MB (  8%) committed 

Chunk freelists:
   Non-Class:  149.00 KB
       Class:  63.00 KB
        Both:  212.00 KB

MaxMetaspaceSize: 17179869184.00 GB
CompressedClassSpaceSize: 1.00 GB

CodeHeap 'non-profiled nmethods': size=120064Kb used=4932Kb max_used=4932Kb free=115131Kb
 bounds [0x000002763cde0000, 0x000002763d2c0000, 0x0000027644320000]
CodeHeap 'profiled nmethods': size=120000Kb used=19646Kb max_used=19646Kb free=100354Kb
 bounds [0x00000276358b0000, 0x0000027636be0000, 0x000002763cde0000]
CodeHeap 'non-nmethods': size=5696Kb used=2278Kb max_used=2314Kb free=3418Kb
 bounds [0x0000027635320000, 0x0000027635590000, 0x00000276358b0000]
 total_blobs=9600 nmethods=8713 adapters=796
 compilation: enabled
              stopped_count=0, restarted_count=0
 full_count=0

Compilation events (20 events):
Event: 46.922 Thread 0x000002764b445800 8701       3       org.gradle.internal.FileUtils::normalize (52 bytes)
Event: 46.923 Thread 0x000002764b445800 nmethod 8701 0x0000027636bccf10 code [0x0000027636bcd140, 0x0000027636bcd5f8]
Event: 46.925 Thread 0x000002764b445800 8702       1       org.gradle.api.internal.file.DefaultFileSystemLocation::getAsFile (5 bytes)
Event: 46.925 Thread 0x000002764b445800 nmethod 8702 0x000002763d2b0190 code [0x000002763d2b0340, 0x000002763d2b03f8]
Event: 46.930 Thread 0x000002764b445800 8703       1       org.gradle.internal.reflect.annotations.impl.DefaultPropertyAnnotationMetadata::getPropertyName (5 bytes)
Event: 46.930 Thread 0x000002764b445800 nmethod 8703 0x000002763d2b0490 code [0x000002763d2b0640, 0x000002763d2b06f8]
Event: 46.932 Thread 0x000002764b445800 8704       3       com.google.common.collect.Platform::newHashMapWithExpectedSize (5 bytes)
Event: 46.932 Thread 0x000002764b445800 nmethod 8704 0x0000027636bcd890 code [0x0000027636bcdaa0, 0x0000027636bcde88]
Event: 46.932 Thread 0x000002764b445800 8705       3       com.google.common.collect.CompactHashMap::createWithExpectedSize (9 bytes)
Event: 46.933 Thread 0x000002764b445800 nmethod 8705 0x0000027636bce010 code [0x0000027636bce200, 0x0000027636bce588]
Event: 46.933 Thread 0x000002764b445800 8706       3       com.google.common.collect.CompactHashMap::<init> (7 bytes)
Event: 46.933 Thread 0x000002764b445800 nmethod 8706 0x0000027636bce710 code [0x0000027636bce900, 0x0000027636bcebc8]
Event: 46.934 Thread 0x000002764b445800 8707       3       org.gradle.internal.reflect.annotations.impl.DefaultTypeAnnotationMetadataStore$$Lambda$418/0x000000010082ec40::apply (8 bytes)
Event: 46.934 Thread 0x000002764b445800 nmethod 8707 0x0000027636bced10 code [0x0000027636bceec0, 0x0000027636bcf0d8]
Event: 46.934 Thread 0x000002764b445800 8708       3       com.google.common.collect.RegularImmutableMap$KeySet::size (8 bytes)
Event: 46.935 Thread 0x000002764b445800 nmethod 8708 0x0000027636bcf190 code [0x0000027636bcf340, 0x0000027636bcf508]
Event: 46.936 Thread 0x000002764b445800 8709       1       org.gradle.internal.reflect.annotations.impl.DefaultPropertyAnnotationMetadata::getAnnotations (5 bytes)
Event: 46.936 Thread 0x000002764b445800 nmethod 8709 0x000002763d2b0790 code [0x000002763d2b0940, 0x000002763d2b09f8]
Event: 46.937 Thread 0x000002764b445800 8710       3       com.google.common.collect.ImmutableMap::of (4 bytes)
Event: 46.937 Thread 0x000002764b445800 nmethod 8710 0x0000027636bcf610 code [0x0000027636bcf7c0, 0x0000027636bcf8b8]

GC Heap History (20 events):
Event: 37.002 GC heap before
{Heap before GC invocations=17 (full 0):
 garbage-first heap   total 131072K, used 99577K [0x0000000080000000, 0x0000000100000000)
  region size 1024K, 37 young (37888K), 4 survivors (4096K)
 Metaspace       used 69854K, capacity 71692K, committed 71888K, reserved 1112064K
  class space    used 8824K, capacity 9485K, committed 9600K, reserved 1048576K
}
Event: 37.016 GC heap after
{Heap after GC invocations=18 (full 0):
 garbage-first heap   total 131072K, used 68069K [0x0000000080000000, 0x0000000100000000)
  region size 1024K, 3 young (3072K), 3 survivors (3072K)
 Metaspace       used 69854K, capacity 71692K, committed 71888K, reserved 1112064K
  class space    used 8824K, capacity 9485K, committed 9600K, reserved 1048576K
}
Event: 37.417 GC heap before
{Heap before GC invocations=19 (full 0):
 garbage-first heap   total 131072K, used 74213K [0x0000000080000000, 0x0000000100000000)
  region size 1024K, 5 young (5120K), 3 survivors (3072K)
 Metaspace       used 70051K, capacity 71916K, committed 72144K, reserved 1112064K
  class space    used 8849K, capacity 9517K, committed 9600K, reserved 1048576K
}
Event: 37.427 GC heap after
{Heap after GC invocations=20 (full 0):
 garbage-first heap   total 131072K, used 74043K [0x0000000080000000, 0x0000000100000000)
  region size 1024K, 3 young (3072K), 3 survivors (3072K)
 Metaspace       used 70051K, capacity 71916K, committed 72144K, reserved 1112064K
  class space    used 8849K, capacity 9517K, committed 9600K, reserved 1048576K
}
Event: 39.981 GC heap before
{Heap before GC invocations=21 (full 0):
 garbage-first heap   total 131072K, used 110907K [0x0000000080000000, 0x0000000100000000)
  region size 1024K, 35 young (35840K), 3 survivors (3072K)
 Metaspace       used 72299K, capacity 74153K, committed 74448K, reserved 1114112K
  class space    used 9126K, capacity 9763K, committed 9856K, reserved 1048576K
}
Event: 39.992 GC heap after
{Heap after GC invocations=22 (full 0):
 garbage-first heap   total 131072K, used 82205K [0x0000000080000000, 0x0000000100000000)
  region size 1024K, 5 young (5120K), 5 survivors (5120K)
 Metaspace       used 72299K, capacity 74153K, committed 74448K, reserved 1114112K
  class space    used 9126K, capacity 9763K, committed 9856K, reserved 1048576K
}
Event: 40.303 GC heap before
{Heap before GC invocations=22 (full 0):
 garbage-first heap   total 131072K, used 85277K [0x0000000080000000, 0x0000000100000000)
  region size 1024K, 9 young (9216K), 5 survivors (5120K)
 Metaspace       used 72726K, capacity 74569K, committed 74704K, reserved 1114112K
  class space    used 9160K, capacity 9795K, committed 9856K, reserved 1048576K
}
Event: 40.310 GC heap after
{Heap after GC invocations=23 (full 0):
 garbage-first heap   total 131072K, used 83304K [0x0000000080000000, 0x0000000100000000)
  region size 1024K, 1 young (1024K), 1 survivors (1024K)
 Metaspace       used 72726K, capacity 74569K, committed 74704K, reserved 1114112K
  class space    used 9160K, capacity 9795K, committed 9856K, reserved 1048576K
}
Event: 41.354 GC heap before
{Heap before GC invocations=24 (full 0):
 garbage-first heap   total 131072K, used 101736K [0x0000000080000000, 0x0000000100000000)
  region size 1024K, 18 young (18432K), 1 survivors (1024K)
 Metaspace       used 74847K, capacity 76754K, committed 77008K, reserved 1116160K
  class space    used 9383K, capacity 10054K, committed 10112K, reserved 1048576K
}
Event: 41.359 GC heap after
{Heap after GC invocations=25 (full 0):
 garbage-first heap   total 131072K, used 82930K [0x0000000080000000, 0x0000000100000000)
  region size 1024K, 1 young (1024K), 1 survivors (1024K)
 Metaspace       used 74847K, capacity 76754K, committed 77008K, reserved 1116160K
  class space    used 9383K, capacity 10054K, committed 10112K, reserved 1048576K
}
Event: 41.991 GC heap before
{Heap before GC invocations=25 (full 0):
 garbage-first heap   total 131072K, used 102386K [0x0000000080000000, 0x0000000100000000)
  region size 1024K, 20 young (20480K), 1 survivors (1024K)
 Metaspace       used 77037K, capacity 78975K, committed 79056K, reserved 1118208K
  class space    used 9715K, capacity 10359K, committed 10368K, reserved 1048576K
}
Event: 41.999 GC heap after
{Heap after GC invocations=26 (full 0):
 garbage-first heap   total 131072K, used 83635K [0x0000000080000000, 0x0000000100000000)
  region size 1024K, 2 young (2048K), 2 survivors (2048K)
 Metaspace       used 77037K, capacity 78975K, committed 79056K, reserved 1118208K
  class space    used 9715K, capacity 10359K, committed 10368K, reserved 1048576K
}
Event: 43.119 GC heap before
{Heap before GC invocations=27 (full 0):
 garbage-first heap   total 131072K, used 104115K [0x0000000080000000, 0x0000000100000000)
  region size 1024K, 22 young (22528K), 2 survivors (2048K)
 Metaspace       used 79588K, capacity 81456K, committed 81744K, reserved 1120256K
  class space    used 10022K, capacity 10665K, committed 10752K, reserved 1048576K
}
Event: 43.126 GC heap after
{Heap after GC invocations=28 (full 0):
 garbage-first heap   total 131072K, used 84699K [0x0000000080000000, 0x0000000100000000)
  region size 1024K, 3 young (3072K), 3 survivors (3072K)
 Metaspace       used 79588K, capacity 81456K, committed 81744K, reserved 1120256K
  class space    used 10022K, capacity 10665K, committed 10752K, reserved 1048576K
}
Event: 44.645 GC heap before
{Heap before GC invocations=28 (full 0):
 garbage-first heap   total 131072K, used 104155K [0x0000000080000000, 0x0000000100000000)
  region size 1024K, 23 young (23552K), 3 survivors (3072K)
 Metaspace       used 80958K, capacity 83060K, committed 83280K, reserved 1122304K
  class space    used 10218K, capacity 10978K, committed 11008K, reserved 1048576K
}
Event: 44.657 GC heap after
{Heap after GC invocations=29 (full 0):
 garbage-first heap   total 131072K, used 86694K [0x0000000080000000, 0x0000000100000000)
  region size 1024K, 3 young (3072K), 3 survivors (3072K)
 Metaspace       used 80958K, capacity 83060K, committed 83280K, reserved 1122304K
  class space    used 10218K, capacity 10978K, committed 11008K, reserved 1048576K
}
Event: 45.665 GC heap before
{Heap before GC invocations=30 (full 0):
 garbage-first heap   total 131072K, used 106150K [0x0000000080000000, 0x0000000100000000)
  region size 1024K, 23 young (23552K), 3 survivors (3072K)
 Metaspace       used 81246K, capacity 83336K, committed 83536K, reserved 1122304K
  class space    used 10226K, capacity 10983K, committed 11008K, reserved 1048576K
}
Event: 45.677 GC heap after
{Heap after GC invocations=31 (full 0):
 garbage-first heap   total 131072K, used 88246K [0x0000000080000000, 0x0000000100000000)
  region size 1024K, 2 young (2048K), 2 survivors (2048K)
 Metaspace       used 81246K, capacity 83336K, committed 83536K, reserved 1122304K
  class space    used 10226K, capacity 10983K, committed 11008K, reserved 1048576K
}
Event: 46.699 GC heap before
{Heap before GC invocations=31 (full 0):
 garbage-first heap   total 131072K, used 106678K [0x0000000080000000, 0x0000000100000000)
  region size 1024K, 21 young (21504K), 2 survivors (2048K)
 Metaspace       used 81985K, capacity 84022K, committed 84176K, reserved 1122304K
  class space    used 10316K, capacity 11039K, committed 11136K, reserved 1048576K
}
Event: 46.706 GC heap after
{Heap after GC invocations=32 (full 0):
 garbage-first heap   total 131072K, used 89163K [0x0000000080000000, 0x0000000100000000)
  region size 1024K, 3 young (3072K), 3 survivors (3072K)
 Metaspace       used 81985K, capacity 84022K, committed 84176K, reserved 1122304K
  class space    used 10316K, capacity 11039K, committed 11136K, reserved 1048576K
}

Deoptimization events (20 events):
Event: 46.665 Thread 0x000002764d1a1000 DEOPT PACKING pc=0x000002763d0eb3dc sp=0x000000d196bf8c50
Event: 46.665 Thread 0x000002764d1a1000 DEOPT UNPACKING pc=0x0000027635346029 sp=0x000000d196bf8b58 mode 2
Event: 46.665 Thread 0x000002764d1a1000 Uncommon trap: trap_request=0xffffff4d fr.pc=0x000002763d19f9d0 relative=0x0000000000000290
Event: 46.665 Thread 0x000002764d1a1000 Uncommon trap: reason=unstable_if action=reinterpret pc=0x000002763d19f9d0 method=java.util.HashMap.getNode(ILjava/lang/Object;)Ljava/util/HashMap$Node; @ 84 c2
Event: 46.665 Thread 0x000002764d1a1000 DEOPT PACKING pc=0x000002763d19f9d0 sp=0x000000d196bf8c20
Event: 46.665 Thread 0x000002764d1a1000 DEOPT UNPACKING pc=0x0000027635346029 sp=0x000000d196bf8b40 mode 2
Event: 46.665 Thread 0x000002764d1a1000 Uncommon trap: trap_request=0xffffff4d fr.pc=0x000002763d104b5c relative=0x000000000000019c
Event: 46.665 Thread 0x000002764d1a1000 Uncommon trap: reason=unstable_if action=reinterpret pc=0x000002763d104b5c method=java.util.HashMap.getNode(ILjava/lang/Object;)Ljava/util/HashMap$Node; @ 84 c2
Event: 46.665 Thread 0x000002764d1a1000 DEOPT PACKING pc=0x000002763d104b5c sp=0x000000d196bf8bc0
Event: 46.665 Thread 0x000002764d1a1000 DEOPT UNPACKING pc=0x0000027635346029 sp=0x000000d196bf8b48 mode 2
Event: 46.740 Thread 0x000002764d1a1000 DEOPT PACKING pc=0x0000027636521cd6 sp=0x000000d196bf8d40
Event: 46.741 Thread 0x000002764d1a1000 DEOPT UNPACKING pc=0x000002763534643f sp=0x000000d196bf8308 mode 0
Event: 46.782 Thread 0x000002764d1a1000 Uncommon trap: trap_request=0xffffff4d fr.pc=0x000002763d090574 relative=0x00000000000006f4
Event: 46.782 Thread 0x000002764d1a1000 Uncommon trap: reason=unstable_if action=reinterpret pc=0x000002763d090574 method=java.util.HashMap.putVal(ILjava/lang/Object;Ljava/lang/Object;ZZ)Ljava/lang/Object; @ 109 c2
Event: 46.782 Thread 0x000002764d1a1000 DEOPT PACKING pc=0x000002763d090574 sp=0x000000d196bf92b0
Event: 46.782 Thread 0x000002764d1a1000 DEOPT UNPACKING pc=0x0000027635346029 sp=0x000000d196bf91c8 mode 2
Event: 46.783 Thread 0x000002764d1a1000 Uncommon trap: trap_request=0xffffff4d fr.pc=0x000002763d045ff8 relative=0x0000000000000678
Event: 46.783 Thread 0x000002764d1a1000 Uncommon trap: reason=unstable_if action=reinterpret pc=0x000002763d045ff8 method=java.util.HashMap.putVal(ILjava/lang/Object;Ljava/lang/Object;ZZ)Ljava/lang/Object; @ 109 c2
Event: 46.783 Thread 0x000002764d1a1000 DEOPT PACKING pc=0x000002763d045ff8 sp=0x000000d196bf9200
Event: 46.783 Thread 0x000002764d1a1000 DEOPT UNPACKING pc=0x0000027635346029 sp=0x000000d196bf91b8 mode 2

Classes redefined (0 events):
No events

Internal exceptions (20 events):
Event: 39.565 Thread 0x000002764d1a1000 Exception <a 'java/lang/ClassNotFoundException'{0x00000000865efe30}: java/lang/NumberBeanInfo> (0x00000000865efe30) thrown at [./src/hotspot/share/classfile/systemDictionary.cpp, line 231]
Event: 39.566 Thread 0x000002764d1a1000 Exception <a 'java/lang/ClassNotFoundException'{0x00000000865f7018}: java/lang/NumberCustomizer> (0x00000000865f7018) thrown at [./src/hotspot/share/classfile/systemDictionary.cpp, line 231]
Event: 39.567 Thread 0x000002764d1a1000 Exception <a 'java/lang/ClassNotFoundException'{0x0000000086401488}: java/lang/IntegerCustomizer> (0x0000000086401488) thrown at [./src/hotspot/share/classfile/systemDictionary.cpp, line 231]
Event: 39.599 Thread 0x000002764d1a1000 Exception <a 'java/lang/ClassNotFoundException'{0x00000000864574b0}: org/gradle/internal/extensibility/DefaultConventionBeanInfo> (0x00000000864574b0) thrown at [./src/hotspot/share/classfile/systemDictionary.cpp, line 231]
Event: 39.600 Thread 0x000002764d1a1000 Exception <a 'java/lang/ClassNotFoundException'{0x0000000086466b68}: org/gradle/internal/extensibility/DefaultConventionCustomizer> (0x0000000086466b68) thrown at [./src/hotspot/share/classfile/systemDictionary.cpp, line 231]
Event: 39.613 Thread 0x000002764d1a1000 Exception <a 'java/lang/ClassNotFoundException'{0x00000000864f46b0}: org/gradle/internal/extensibility/DefaultExtensionsSchemaBeanInfo> (0x00000000864f46b0) thrown at [./src/hotspot/share/classfile/systemDictionary.cpp, line 231]
Event: 39.613 Thread 0x000002764d1a1000 Exception <a 'java/lang/ClassNotFoundException'{0x0000000086304e10}: org/gradle/internal/extensibility/DefaultExtensionsSchemaCustomizer> (0x0000000086304e10) thrown at [./src/hotspot/share/classfile/systemDictionary.cpp, line 231]
Event: 39.619 Thread 0x000002764d1a1000 Exception <a 'java/lang/ClassNotFoundException'{0x00000000863350a8}: org/gradle/internal/extensibility/ExtensionsStorage$ExtensionHolderBeanInfo> (0x00000000863350a8) thrown at [./src/hotspot/share/classfile/systemDictionary.cpp, line 231]
Event: 39.620 Thread 0x000002764d1a1000 Exception <a 'java/lang/ClassNotFoundException'{0x0000000086345f70}: org/gradle/internal/extensibility/ExtensionsStorage$ExtensionHolderCustomizer> (0x0000000086345f70) thrown at [./src/hotspot/share/classfile/systemDictionary.cpp, line 231]
Event: 39.691 Thread 0x000002764d1a1000 Exception <a 'java/lang/NoSuchMethodError'{0x00000000862e7d70}: <clinit>> (0x00000000862e7d70) thrown at [./src/hotspot/share/prims/jni.cpp, line 1362]
Event: 39.696 Thread 0x000002764d1a1000 Exception <a 'java/lang/NoSuchMethodError'{0x000000008610b6d8}: <clinit>> (0x000000008610b6d8) thrown at [./src/hotspot/share/prims/jni.cpp, line 1362]
Event: 39.699 Thread 0x000002764d1a1000 Exception <a 'java/lang/NoSuchMethodError'{0x0000000086118668}: <clinit>> (0x0000000086118668) thrown at [./src/hotspot/share/prims/jni.cpp, line 1362]
Event: 39.702 Thread 0x000002764d1a1000 Exception <a 'java/lang/NoSuchMethodError'{0x0000000086126940}: <clinit>> (0x0000000086126940) thrown at [./src/hotspot/share/prims/jni.cpp, line 1362]
Event: 39.705 Thread 0x000002764d1a1000 Exception <a 'java/lang/NoSuchMethodError'{0x0000000086134638}: <clinit>> (0x0000000086134638) thrown at [./src/hotspot/share/prims/jni.cpp, line 1362]
Event: 41.446 Thread 0x000002764d1a1000 Exception <a 'java/lang/NullPointerException'{0x0000000087c90570}> (0x0000000087c90570) thrown at [./src/hotspot/share/interpreter/linkResolver.cpp, line 1440]
Event: 41.914 Thread 0x000002764d1a1000 Exception <a 'java/lang/NoSuchMethodError'{0x0000000086e12558}: 'int java.lang.invoke.DirectMethodHandle$Holder.invokeStatic(java.lang.Object, java.lang.Object, int, java.lang.Object)'> (0x0000000086e12558) thrown at [./src/hotspot/share/interpreter/linkResolver.cpp, line 773]
Event: 42.845 Thread 0x000002764d1a1000 Exception <a 'java/lang/reflect/InvocationTargetException'{0x0000000087463ba8}> (0x0000000087463ba8) thrown at [./src/hotspot/share/runtime/reflection.cpp, line 1247]
Event: 44.443 Thread 0x000002764d1a1000 Exception <a 'java/lang/NoSuchMethodError'{0x000000008715f6e8}: 'java.lang.Object java.lang.invoke.DirectMethodHandle$Holder.invokeSpecialIFC(java.lang.Object, java.lang.Object, java.lang.Object)'> (0x000000008715f6e8) thrown at [./src/hotspot/share/interpreter/linkResolver.cpp, line 773]
Event: 44.552 Thread 0x000002764e1df800 Exception <a 'java/lang/NoSuchMethodError'{0x0000000086fed9d8}: 'void java.lang.invoke.DirectMethodHandle$Holder.invokeStatic(java.lang.Object, java.lang.Object, java.lang.Object, java.lang.Object, java.lang.Object, int, java.lang.Object)'> (0x0000000086fed9d8) thrown at [./src/hotspot/share/interpreter/linkResolver.cpp, line 773]
Event: 44.552 Thread 0x000002764e1dc800 Exception <a 'java/lang/NoSuchMethodError'{0x0000000086ff3590}: 'void java.lang.invoke.DirectMethodHandle$Holder.invokeStatic(java.lang.Object, java.lang.Object, java.lang.Object, java.lang.Object, java.lang.Object, int, java.lang.Object)'> (0x0000000086ff3590) thrown at [./src/hotspot/share/interpreter/linkResolver.cpp, line 773]

Events (20 events):
Event: 46.878 loading class org/gradle/api/internal/file/collections/DirectoryFileTreeFactory
Event: 46.878 loading class org/gradle/api/internal/file/collections/DirectoryFileTreeFactory done
Event: 46.879 Executing VM operation: CGC_Operation
Event: 46.912 Executing VM operation: CGC_Operation done
Event: 46.917 loading class org/gradle/api/file/DuplicatesStrategy
Event: 46.917 loading class org/gradle/api/file/DuplicatesStrategy done
Event: 46.917 loading class org/gradle/internal/reflect/Instantiator
Event: 46.917 loading class org/gradle/internal/reflect/Instantiator done
Event: 46.917 loading class org/gradle/api/internal/file/FileResolver
Event: 46.917 loading class org/gradle/api/internal/file/FileResolver done
Event: 46.917 loading class org/gradle/api/internal/file/copy/CopySpecInternal
Event: 46.917 loading class org/gradle/api/internal/file/copy/CopySpecInternal done
Event: 46.918 loading class org/gradle/api/internal/file/copy/DestinationRootCopySpec
Event: 46.918 loading class org/gradle/api/internal/file/copy/DestinationRootCopySpec done
Event: 46.918 loading class org/gradle/api/internal/file/FileLookup
Event: 46.918 loading class org/gradle/api/internal/file/FileLookup done
Event: 46.919 loading class org/gradle/internal/file/Deleter
Event: 46.919 loading class org/gradle/internal/file/Deleter done
Event: 46.926 loading class org/gradle/api/internal/tasks/properties/GetOutputFilesVisitor
Event: 46.926 loading class org/gradle/api/internal/tasks/properties/GetOutputFilesVisitor done


Dynamic libraries:
0x00007ff7aa5a0000 - 0x00007ff7aa5aa000 	C:\Program Files\Android\Android Studio\jre\bin\java.exe
0x00007ff9ed140000 - 0x00007ff9ed349000 	C:\Windows\SYSTEM32\ntdll.dll
0x00007ff9ed040000 - 0x00007ff9ed0fd000 	C:\Windows\System32\KERNEL32.DLL
0x00007ff9ea9d0000 - 0x00007ff9ead44000 	C:\Windows\System32\KERNELBASE.dll
0x00007ff9ea8b0000 - 0x00007ff9ea9c1000 	C:\Windows\System32\ucrtbase.dll
0x00007ff9d6e50000 - 0x00007ff9d6e69000 	C:\Program Files\Android\Android Studio\jre\bin\jli.dll
0x00007ff9eb420000 - 0x00007ff9eb5cc000 	C:\Windows\System32\USER32.dll
0x00007ff9eae10000 - 0x00007ff9eae36000 	C:\Windows\System32\win32u.dll
0x00007ff9eb3f0000 - 0x00007ff9eb419000 	C:\Windows\System32\GDI32.dll
0x00007ff9eaec0000 - 0x00007ff9eafd2000 	C:\Windows\System32\gdi32full.dll
0x00007ff9ea630000 - 0x00007ff9ea6cd000 	C:\Windows\System32\msvcp_win.dll
0x00007ff9c9790000 - 0x00007ff9c97a7000 	C:\Program Files\Android\Android Studio\jre\bin\VCRUNTIME140.dll
0x00007ff9e02d0000 - 0x00007ff9e0575000 	C:\Windows\WinSxS\amd64_microsoft.windows.common-controls_6595b64144ccf1df_6.0.22000.120_none_9d947278b86cc467\COMCTL32.dll
0x00007ff9eb790000 - 0x00007ff9eb833000 	C:\Windows\System32\msvcrt.dll
0x00007ff9ebb30000 - 0x00007ff9ebb61000 	C:\Windows\System32\IMM32.DLL
0x00007ff9a9620000 - 0x00007ff9a96bd000 	C:\Program Files\Android\Android Studio\jre\bin\msvcp140.dll
0x00007ff9aded0000 - 0x00007ff9ae9a5000 	C:\Program Files\Android\Android Studio\jre\bin\server\jvm.dll
0x00007ff9ebb70000 - 0x00007ff9ebc1e000 	C:\Windows\System32\ADVAPI32.dll
0x00007ff9eb6f0000 - 0x00007ff9eb78e000 	C:\Windows\System32\sechost.dll
0x00007ff9eb5d0000 - 0x00007ff9eb6f0000 	C:\Windows\System32\RPCRT4.dll
0x00007ff9eb000000 - 0x00007ff9eb008000 	C:\Windows\System32\PSAPI.DLL
0x00007ff9e7410000 - 0x00007ff9e7419000 	C:\Windows\SYSTEM32\WSOCK32.dll
0x00007ff9ec020000 - 0x00007ff9ec08f000 	C:\Windows\System32\WS2_32.dll
0x00007ff9e0580000 - 0x00007ff9e05b3000 	C:\Windows\SYSTEM32\WINMM.dll
0x00007ff9e16a0000 - 0x00007ff9e16aa000 	C:\Windows\SYSTEM32\VERSION.dll
0x00007ff9e9730000 - 0x00007ff9e9748000 	C:\Windows\SYSTEM32\kernel.appcore.dll
0x00007ff9afb90000 - 0x00007ff9afba1000 	C:\Program Files\Android\Android Studio\jre\bin\verify.dll
0x00007ff9d6430000 - 0x00007ff9d6651000 	C:\Windows\SYSTEM32\DBGHELP.DLL
0x00007ff9d63f0000 - 0x00007ff9d6421000 	C:\Windows\SYSTEM32\dbgcore.DLL
0x00007ff9eae40000 - 0x00007ff9eaebf000 	C:\Windows\System32\bcryptPrimitives.dll
0x00007ff9af1a0000 - 0x00007ff9af1c9000 	C:\Program Files\Android\Android Studio\jre\bin\java.dll
0x00007ff9e7400000 - 0x00007ff9e740b000 	C:\Program Files\Android\Android Studio\jre\bin\jimage.dll
0x00007ff9af180000 - 0x00007ff9af198000 	C:\Program Files\Android\Android Studio\jre\bin\zip.dll
0x00007ff9ec090000 - 0x00007ff9ec83e000 	C:\Windows\System32\SHELL32.dll
0x00007ff9e87a0000 - 0x00007ff9e9008000 	C:\Windows\SYSTEM32\windows.storage.dll
0x00007ff9ebc20000 - 0x00007ff9ebf98000 	C:\Windows\System32\combase.dll
0x00007ff9e8630000 - 0x00007ff9e8796000 	C:\Windows\SYSTEM32\wintypes.dll
0x00007ff9eb140000 - 0x00007ff9eb22a000 	C:\Windows\System32\SHCORE.dll
0x00007ff9eb0e0000 - 0x00007ff9eb13d000 	C:\Windows\System32\shlwapi.dll
0x00007ff9ea560000 - 0x00007ff9ea581000 	C:\Windows\SYSTEM32\profapi.dll
0x00007ff9af160000 - 0x00007ff9af17a000 	C:\Program Files\Android\Android Studio\jre\bin\net.dll
0x00007ff9e16b0000 - 0x00007ff9e17bc000 	C:\Windows\SYSTEM32\WINHTTP.dll
0x00007ff9e9b60000 - 0x00007ff9e9bc7000 	C:\Windows\system32\mswsock.dll
0x00007ff9adeb0000 - 0x00007ff9adec4000 	C:\Program Files\Android\Android Studio\jre\bin\nio.dll
0x00007ff9de0a0000 - 0x00007ff9de0c7000 	C:\Users\amirn\.gradle\native\f6784746aeab05261644944871eae4fe03e0ef1612fff0a4a95f87b438bc6780\windows-amd64\native-platform.dll
0x00007ff9e1510000 - 0x00007ff9e151a000 	C:\Program Files\Android\Android Studio\jre\bin\management.dll
0x00007ff9d3a60000 - 0x00007ff9d3a6d000 	C:\Program Files\Android\Android Studio\jre\bin\management_ext.dll
0x00007ff9e9da0000 - 0x00007ff9e9db8000 	C:\Windows\SYSTEM32\CRYPTSP.dll
0x00007ff9e9690000 - 0x00007ff9e96c5000 	C:\Windows\system32\rsaenh.dll
0x00007ff9e9c50000 - 0x00007ff9e9c79000 	C:\Windows\SYSTEM32\USERENV.dll
0x00007ff9e9ff0000 - 0x00007ff9ea017000 	C:\Windows\SYSTEM32\bcrypt.dll
0x00007ff9e9dc0000 - 0x00007ff9e9dcc000 	C:\Windows\SYSTEM32\CRYPTBASE.dll
0x00007ff9e9250000 - 0x00007ff9e927d000 	C:\Windows\SYSTEM32\IPHLPAPI.DLL
0x00007ff9ec840000 - 0x00007ff9ec849000 	C:\Windows\System32\NSI.dll
0x00007ff9e15c0000 - 0x00007ff9e15d9000 	C:\Windows\SYSTEM32\dhcpcsvc6.DLL
0x00007ff9e2a80000 - 0x00007ff9e2a9e000 	C:\Windows\SYSTEM32\dhcpcsvc.DLL
0x00007ff9e9280000 - 0x00007ff9e9367000 	C:\Windows\SYSTEM32\DNSAPI.dll
0x00007ff9e1530000 - 0x00007ff9e153c000 	C:\Windows\SYSTEM32\WINNSI.DLL

dbghelp: loaded successfully - version: 4.0.5 - missing functions: none
symbol engine: initialized successfully - sym options: 0x614 - pdb path: .;C:\Program Files\Android\Android Studio\jre\bin;C:\Windows\SYSTEM32;C:\Windows\WinSxS\amd64_microsoft.windows.common-controls_6595b64144ccf1df_6.0.22000.120_none_9d947278b86cc467;C:\Program Files\Android\Android Studio\jre\bin\server;C:\Users\amirn\.gradle\native\f6784746aeab05261644944871eae4fe03e0ef1612fff0a4a95f87b438bc6780\windows-amd64

VM Arguments:
jvm_args: --add-opens=java.base/java.util=ALL-UNNAMED --add-opens=java.base/java.lang=ALL-UNNAMED --add-opens=java.base/java.lang.invoke=ALL-UNNAMED --add-opens=java.prefs/java.util.prefs=ALL-UNNAMED -Xmx2048m -Dfile.encoding=UTF-8 -Duser.country=US -Duser.language=en -Duser.variant 
java_command: org.gradle.launcher.daemon.bootstrap.GradleDaemon 6.5
java_class_path (initial): C:\Users\amirn\.gradle\wrapper\dists\gradle-6.5-bin\6nifqtx7604sqp1q6g8wikw7p\gradle-6.5\lib\gradle-launcher-6.5.jar
Launcher Type: SUN_STANDARD

[Global flags]
     intx CICompilerCount                          = 3                                         {product} {ergonomic}
     uint ConcGCThreads                            = 1                                         {product} {ergonomic}
     uint G1ConcRefinementThreads                  = 4                                         {product} {ergonomic}
   size_t G1HeapRegionSize                         = 1048576                                   {product} {ergonomic}
    uintx GCDrainStackTargetSize                   = 64                                        {product} {ergonomic}
   size_t InitialHeapSize                          = 134217728                                 {product} {ergonomic}
   size_t MarkStackSize                            = 4194304                                   {product} {ergonomic}
   size_t MaxHeapSize                              = 2147483648                                {product} {command line}
   size_t MaxNewSize                               = 1287651328                                {product} {ergonomic}
   size_t MinHeapDeltaBytes                        = 1048576                                   {product} {ergonomic}
    uintx NonNMethodCodeHeapSize                   = 5830732                                {pd product} {ergonomic}
    uintx NonProfiledCodeHeapSize                  = 122913754                              {pd product} {ergonomic}
    uintx ProfiledCodeHeapSize                     = 122913754                              {pd product} {ergonomic}
    uintx ReservedCodeCacheSize                    = 251658240                              {pd product} {ergonomic}
     bool SegmentedCodeCache                       = true                                      {product} {ergonomic}
     bool UseCompressedClassPointers               = true                                 {lp64_product} {ergonomic}
     bool UseCompressedOops                        = true                                 {lp64_product} {ergonomic}
     bool UseG1GC                                  = true                                      {product} {ergonomic}
     bool UseLargePagesIndividualAllocation        = false                                  {pd product} {ergonomic}

Logging:
Log output configuration:
 #0: stdout all=warning uptime,level,tags
 #1: stderr all=off uptime,level,tags

Environment Variables:
PATH=C:\Program Files (x86)\Common Files\Oracle\Java\javapath;C:\Program Files\Common Files\Oracle\Java\javapath;C:\Program Files (x86)\NVIDIA Corporation\PhysX\Common;C:\Windows\system32;C:\Windows;C:\Windows\System32\Wbem;C:\Windows\System32\WindowsPowerShell\v1.0\;C:\Windows\System32\OpenSSH\;C:\Program Files\Git\cmd;C:\Program Files\dotnet\;C:\Users\amirn\AppData\Local\Microsoft\WindowsApps;
USERNAME=iamnovinfar.ir
OS=Windows_NT
PROCESSOR_IDENTIFIER=AMD64 Family 16 Model 5 Stepping 2, AuthenticAMD



---------------  S Y S T E M  ---------------

OS: Windows 10 , 64 bit Build 22000 (10.0.22000.434)
OS uptime: 0 days 0:32 hours

CPU:total 4 (initial active 4) (4 cores per cpu, 1 threads per core) family 16 model 5 stepping 2 microcode 0x0, cmov, cx8, fxsr, mmx, sse, sse2, sse3, popcnt, mmxext, 3dnowpref, lzcnt, sse4a, tsc, tscinvbit, tscinv

Memory: 4k page, system-wide physical 8191M (933M free)
TotalPageFile size 11647M (AvailPageFile size 2682M)
current process WorkingSet (physical memory assigned to process): 344M, peak: 351M
current process commit charge ("private bytes"): 376M, peak: 383M

vm_info: OpenJDK 64-Bit Server VM (11.0.11+9-b60-7590822) for windows-amd64 JRE (11.0.11+9-b60-7590822), built on Jul 29 2021 21:43:44 by "builder" with MS VC++ 14.0 (VS2015)

END.
