#
# A fatal error has been detected by the Java Runtime Environment:
#
#  EXCEPTION_ACCESS_VIOLATION (0xc0000005) at pc=0x00007ff9ae3dac64, pid=12004, tid=11764
#
# JRE version: OpenJDK Runtime Environment (11.0.11+9) (build 11.0.11+9-b60-7590822)
# Java VM: OpenJDK 64-Bit Server VM (11.0.11+9-b60-7590822, mixed mode, tiered, compressed oops, g1 gc, windows-amd64)
# Problematic frame:
# V  [jvm.dll+0x50ac64]
#
# No core dump will be written. Minidumps are not enabled by default on client versions of Windows
#
# If you would like to submit a bug report, please visit:
#   https://bugreport.java.com/bugreport/crash.jsp
#

---------------  S U M M A R Y ------------

Command Line: --add-opens=java.base/java.util=ALL-UNNAMED --add-opens=java.base/java.lang=ALL-UNNAMED --add-opens=java.base/java.lang.invoke=ALL-UNNAMED --add-opens=java.prefs/java.util.prefs=ALL-UNNAMED -Xmx2048m -Dfile.encoding=UTF-8 -Duser.country=US -Duser.language=en -Duser.variant org.gradle.launcher.daemon.bootstrap.GradleDaemon 6.5

Host: AMD Athlon(tm) II X4 620 Processor, 4 cores, 7G,  Windows 10 , 64 bit Build 22000 (10.0.22000.434)
Time: Mon Mar 21 18:59:54 2022 Iran Standard Time elapsed time: 18.738010 seconds (0d 0h 0m 18s)

---------------  T H R E A D  ---------------

Current thread (0x000001b275084800):  JavaThread "C2 CompilerThread0" daemon [_thread_in_native, id=11764, stack(0x0000002a34400000,0x0000002a34500000)]


Current CompileTask:
C2:  18738 4759       4       java.lang.invoke.MethodType::makeImpl (108 bytes)

Stack: [0x0000002a34400000,0x0000002a34500000],  sp=0x0000002a344fb330,  free space=1004k
Native frames: (J=compiled Java code, j=interpreted, Vv=VM code, C=native code)
V  [jvm.dll+0x50ac64]
V  [jvm.dll+0x50a6e2]
V  [jvm.dll+0x50c191]
V  [jvm.dll+0x50943e]
V  [jvm.dll+0x509288]
V  [jvm.dll+0x5087a7]
V  [jvm.dll+0x1fd826]
V  [jvm.dll+0x1fb35f]
V  [jvm.dll+0x183d6c]
V  [jvm.dll+0x209a57]
V  [jvm.dll+0x2082a1]
V  [jvm.dll+0x6ef58f]
V  [jvm.dll+0x6e80b5]
V  [jvm.dll+0x5f1036]
C  [ucrtbase.dll+0x26c0c]
C  [KERNEL32.DLL+0x154e0]
C  [ntdll.dll+0x485b]


siginfo: EXCEPTION_ACCESS_VIOLATION (0xc0000005), reading address 0x0000000000000008


Register to memory mapping:

RIP=0x00007ff9ae3dac64 jvm.dll
RAX=0x000001b27805db60 points into unknown readable memory: 0x0000000000000000 | 00 00 00 00 00 00 00 00
RBX=0x000001b27bed8cb8 points into unknown readable memory: 0x00007ff9ae700cc8 | c8 0c 70 ae f9 7f 00 00
RCX=0x0 is NULL
RDX=0x000001b27805f418 points into unknown readable memory: 0x000001b27bed8cb8 | b8 8c ed 7b b2 01 00 00
RSP=0x0000002a344fb330 is pointing into the stack for thread: 0x000001b275084800
RBP=0x0000002a344fbac0 is pointing into the stack for thread: 0x000001b275084800
RSI=0x0000002a344fbac0 is pointing into the stack for thread: 0x000001b275084800
RDI=0x0 is NULL
R8 =0x000001b27805db60 points into unknown readable memory: 0x0000000000000000 | 00 00 00 00 00 00 00 00
R9 =0x000001b27bed60d8 points into unknown readable memory: 0x00007ff9ae6fbbe0 | e0 bb 6f ae f9 7f 00 00
R10=0x000001b27c251da0 points into unknown readable memory: 0x000001b27a291af8 | f8 1a 29 7a b2 01 00 00
R11=0x000001b278472460 points into unknown readable memory: 0x000001b2780bebf0 | f0 eb 0b 78 b2 01 00 00
R12=0x0 is NULL
R13=0x000001b27bed60d8 points into unknown readable memory: 0x00007ff9ae6fbbe0 | e0 bb 6f ae f9 7f 00 00
R14=0x0 is NULL
R15=0x0000000000000001 is an unknown value


Registers:
RAX=0x000001b27805db60, RBX=0x000001b27bed8cb8, RCX=0x0000000000000000, RDX=0x000001b27805f418
RSP=0x0000002a344fb330, RBP=0x0000002a344fbac0, RSI=0x0000002a344fbac0, RDI=0x0000000000000000
R8 =0x000001b27805db60, R9 =0x000001b27bed60d8, R10=0x000001b27c251da0, R11=0x000001b278472460
R12=0x0000000000000000, R13=0x000001b27bed60d8, R14=0x0000000000000000, R15=0x0000000000000001
RIP=0x00007ff9ae3dac64, EFLAGS=0x0000000000010287

Top of Stack: (sp=0x0000002a344fb330)
0x0000002a344fb330:   000001b27bed8f30 000001b279d295a0
0x0000002a344fb340:   000000000000000c 00007ff9ae5cbd77
0x0000002a344fb350:   000001b27bed60d8 000001b27bed6000
0x0000002a344fb360:   000001b27a298378 0000000000000000
0x0000002a344fb370:   0000000000000003 00007ff9ae3da6e2
0x0000002a344fb380:   000001b27bed4de0 0000002a344fbac0
0x0000002a344fb390:   000001b27bed8f98 000001b27bed60d8
0x0000002a344fb3a0:   000001b27bed60d8 0000002a344fbac0
0x0000002a344fb3b0:   000001b27bed60d8 000001b275d9c4e8
0x0000002a344fb3c0:   000001b275d9c4e8 0000002a344fb610
0x0000002a344fb3d0:   000001b278150e28 00007ff9ae3dc191
0x0000002a344fb3e0:   000000000000028f 000001b27a2983b8
0x0000002a344fb3f0:   000001b275d9c4e8 0000000000000020
0x0000002a344fb400:   000001b27506b250 0000002a00000004
0x0000002a344fb410:   000001b27c251d58 00007ff9ae4a14e0
0x0000002a344fb420:   0000000000000004 00007ff9ae4a2913 

Instructions: (pc=0x00007ff9ae3dac64)
0x00007ff9ae3dab64:   f8 e8 f6 c5 fe ff 4c 8b 44 24 78 48 8b d6 49 8b
0x00007ff9ae3dab74:   ce 44 8d 48 01 e8 62 4b 00 00 48 8b 6c 24 68 48
0x00007ff9ae3dab84:   8b c3 48 8b 5c 24 60 48 8b 74 24 70 48 83 c4 30
0x00007ff9ae3dab94:   41 5f 41 5e 41 5d 41 5c 5f c3 cc cc 48 83 ec 28
0x00007ff9ae3daba4:   48 85 d2 74 0d 49 3b d0 74 08 e8 2d 00 00 00 4c
0x00007ff9ae3dabb4:   8b c0 4d 85 c0 74 17 41 8b 40 2c 83 e0 07 3c 05
0x00007ff9ae3dabc4:   75 0c 49 8b 40 08 48 8b 00 48 83 c4 28 c3 49 8b
0x00007ff9ae3dabd4:   c0 48 83 c4 28 c3 cc cc cc cc cc cc 48 89 5c 24
0x00007ff9ae3dabe4:   08 48 89 6c 24 10 48 89 74 24 18 4c 89 4c 24 20
0x00007ff9ae3dabf4:   57 41 54 41 55 41 56 41 57 48 83 ec 20 4d 8b e9
0x00007ff9ae3dac04:   49 8b d8 4c 8b f2 48 8b f1 e8 4e c5 fe ff 48 8b
0x00007ff9ae3dac14:   d3 48 8b ce 44 8b f8 e8 40 c5 fe ff 44 8b e0 45
0x00007ff9ae3dac24:   3b fc 0f 86 b1 00 00 00 41 8b 7e 28 3b be e0 09
0x00007ff9ae3dac34:   00 00 72 0e 8b d7 48 8d 8e d8 09 00 00 e8 ea 67
0x00007ff9ae3dac44:   0c 00 48 8b 86 e8 09 00 00 4c 89 2c f8 41 8b 4e
0x00007ff9ae3dac54:   28 48 8b 86 f8 09 00 00 4c 8b 34 c8 4c 8d 04 c8
0x00007ff9ae3dac64:   49 8b 46 08 48 83 38 00 75 28 8b 56 28 41 8b 46
0x00007ff9ae3dac74:   28 3b c2 73 0c 8b c8 48 8b 46 30 4c 8b 34 c8 eb
0x00007ff9ae3dac84:   03 45 33 f6 49 83 e6 fe 49 8b 46 08 48 83 38 00
0x00007ff9ae3dac94:   74 db 4d 89 30 8b 86 f0 09 00 00 41 39 46 28 72
0x00007ff9ae3daca4:   24 4c 8d 0d 76 89 24 00 ba 95 03 00 00 4c 8d 05
0x00007ff9ae3dacb4:   c8 f1 34 00 48 8d 0d 89 5e 30 00 e8 ac 84 d3 ff
0x00007ff9ae3dacc4:   e8 d7 fb 0d 00 41 8b 4e 28 48 8b 86 00 0a 00 00
0x00007ff9ae3dacd4:   44 8b 3c 88 e9 74 03 00 00 0f 83 c9 00 00 00 8b
0x00007ff9ae3dace4:   7b 28 3b be e0 09 00 00 73 0d 48 8b 86 e8 09 00
0x00007ff9ae3dacf4:   00 48 8b 14 f8 eb 02 33 d2 49 3b d5 0f 84 54 03
0x00007ff9ae3dad04:   00 00 3b be e0 09 00 00 72 0e 8b d7 48 8d 8e d8
0x00007ff9ae3dad14:   09 00 00 e8 14 67 0c 00 48 8b 86 e8 09 00 00 4c
0x00007ff9ae3dad24:   89 2c f8 8b 4b 28 48 8b 86 f8 09 00 00 48 8b 1c
0x00007ff9ae3dad34:   c8 48 8d 14 c8 48 8b 43 08 48 83 38 00 75 24 8b
0x00007ff9ae3dad44:   4e 28 8b 43 28 3b c1 73 0a 48 8b 5e 30 48 8b 1c
0x00007ff9ae3dad54:   c3 eb 02 33 db 48 83 e3 fe 48 8b 43 08 48 83 38 


Stack slot to memory mapping:
stack at sp + 0 slots: 0x000001b27bed8f30 points into unknown readable memory: 0x00007ff9ae6b8360 | 60 83 6b ae f9 7f 00 00
stack at sp + 1 slots: 0x000001b279d295a0 points into unknown readable memory: 0x00007ff9ae6fbbe0 | e0 bb 6f ae f9 7f 00 00
stack at sp + 2 slots: 0x000000000000000c is an unknown value
stack at sp + 3 slots: 0x00007ff9ae5cbd77 jvm.dll
stack at sp + 4 slots: 0x000001b27bed60d8 points into unknown readable memory: 0x00007ff9ae6fbbe0 | e0 bb 6f ae f9 7f 00 00
stack at sp + 5 slots: 0x000001b27bed6000 points into unknown readable memory: 0x000001b27bed7858 | 58 78 ed 7b b2 01 00 00
stack at sp + 6 slots: 0x000001b27a298378 points into unknown readable memory: 0x000001b27bed8f98 | 98 8f ed 7b b2 01 00 00
stack at sp + 7 slots: 0x0 is NULL


---------------  P R O C E S S  ---------------

Threads class SMR info:
_java_thread_list=0x000001b279f52280, length=123, elements={
0x000001b25b47b000, 0x000001b27505c000, 0x000001b275069800, 0x000001b2759f2800,
0x000001b27507f000, 0x000001b275080000, 0x000001b275084800, 0x000001b275086000,
0x000001b2750a6800, 0x000001b275b59000, 0x000001b2766dc800, 0x000001b27700f000,
0x000001b276c97800, 0x000001b276aac800, 0x000001b277257800, 0x000001b27701f000,
0x000001b2768fd800, 0x000001b27733e800, 0x000001b27733b000, 0x000001b2770d5800,
0x000001b2770d6800, 0x000001b2770d8000, 0x000001b2770d2000, 0x000001b2770d3000,
0x000001b2770d4800, 0x000001b2770d7000, 0x000001b2770d8800, 0x000001b2770d4000,
0x000001b277e7c800, 0x000001b277e7d800, 0x000001b277e78800, 0x000001b277e7b000,
0x000001b277e7f000, 0x000001b277e7e000, 0x000001b277e79000, 0x000001b277e7a000,
0x000001b277e80000, 0x000001b277e80800, 0x000001b277e81800, 0x000001b277e7b800,
0x000001b277e84800, 0x000001b277e84000, 0x000001b277e86800, 0x000001b277e85800,
0x000001b277e87000, 0x000001b277e82000, 0x000001b277e83000, 0x000001b277ba0800,
0x000001b277ba1800, 0x000001b277b9e800, 0x000001b277ba0000, 0x000001b277b9c800,
0x000001b277b9d800, 0x000001b277ba3000, 0x000001b277ba2800, 0x000001b277ba5800,
0x000001b277ba8000, 0x000001b277ba6800, 0x000001b277ba7800, 0x000001b277ba9000,
0x000001b277ba9800, 0x000001b277baa800, 0x000001b277ba5000, 0x000001b277bab800,
0x000001b276610000, 0x000001b276615000, 0x000001b276617000, 0x000001b276616000,
0x000001b276611000, 0x000001b276617800, 0x000001b276612000, 0x000001b276618800,
0x000001b276612800, 0x000001b276619000, 0x000001b276613800, 0x000001b27661a000,
0x000001b276614800, 0x000001b27661b000, 0x000001b27661b800, 0x000001b27661c800,
0x000001b27661d800, 0x000001b27661e000, 0x000001b27661f000, 0x000001b276438800,
0x000001b276436800, 0x000001b276439000, 0x000001b27643a000, 0x000001b276436000,
0x000001b27643d000, 0x000001b27643c800, 0x000001b276437800, 0x000001b27643b800,
0x000001b276440800, 0x000001b27643e000, 0x000001b27643a800, 0x000001b276444800,
0x000001b27643f000, 0x000001b27643f800, 0x000001b276441800, 0x000001b276442000,
0x000001b276443000, 0x000001b276443800, 0x000001b278634800, 0x000001b278633000,
0x000001b27862f000, 0x000001b278634000, 0x000001b278631800, 0x000001b278632000,
0x000001b278635800, 0x000001b27862f800, 0x000001b278636000, 0x000001b278630800,
0x000001b278638800, 0x000001b27863a800, 0x000001b278638000, 0x000001b27863c000,
0x000001b27863b000, 0x000001b27863d000, 0x000001b278637000, 0x000001b27863d800,
0x000001b278639800, 0x000001b27b958800, 0x000001b277b4b800
}

Java Threads: ( => current thread )
  0x000001b25b47b000 JavaThread "main" [_thread_blocked, id=12172, stack(0x0000002a33800000,0x0000002a33900000)]
  0x000001b27505c000 JavaThread "Reference Handler" daemon [_thread_blocked, id=4692, stack(0x0000002a33f00000,0x0000002a34000000)]
  0x000001b275069800 JavaThread "Finalizer" daemon [_thread_blocked, id=4940, stack(0x0000002a34000000,0x0000002a34100000)]
  0x000001b2759f2800 JavaThread "Signal Dispatcher" daemon [_thread_blocked, id=11900, stack(0x0000002a34100000,0x0000002a34200000)]
  0x000001b27507f000 JavaThread "Attach Listener" daemon [_thread_blocked, id=11864, stack(0x0000002a34200000,0x0000002a34300000)]
  0x000001b275080000 JavaThread "Service Thread" daemon [_thread_blocked, id=11832, stack(0x0000002a34300000,0x0000002a34400000)]
=>0x000001b275084800 JavaThread "C2 CompilerThread0" daemon [_thread_in_native, id=11764, stack(0x0000002a34400000,0x0000002a34500000)]
  0x000001b275086000 JavaThread "C1 CompilerThread0" daemon [_thread_in_native, id=11840, stack(0x0000002a34500000,0x0000002a34600000)]
  0x000001b2750a6800 JavaThread "Sweeper thread" daemon [_thread_blocked, id=10916, stack(0x0000002a34600000,0x0000002a34700000)]
  0x000001b275b59000 JavaThread "Common-Cleaner" daemon [_thread_blocked, id=11480, stack(0x0000002a34700000,0x0000002a34800000)]
  0x000001b2766dc800 JavaThread "Daemon health stats" [_thread_blocked, id=6036, stack(0x0000002a34900000,0x0000002a34a00000)]
  0x000001b27700f000 JavaThread "Incoming local TCP Connector on port 51314" [_thread_in_native, id=8768, stack(0x0000002a34e00000,0x0000002a34f00000)]
  0x000001b276c97800 JavaThread "Daemon periodic checks" [_thread_blocked, id=2604, stack(0x0000002a34f00000,0x0000002a35000000)]
  0x000001b276aac800 JavaThread "Daemon" [_thread_blocked, id=11276, stack(0x0000002a35000000,0x0000002a35100000)]
  0x000001b277257800 JavaThread "Handler for socket connection from /127.0.0.1:51314 to /127.0.0.1:51315" [_thread_in_native, id=2904, stack(0x0000002a35100000,0x0000002a35200000)]
  0x000001b27701f000 JavaThread "Cancel handler" [_thread_blocked, id=12216, stack(0x0000002a35200000,0x0000002a35300000)]
  0x000001b2768fd800 JavaThread "Daemon worker" [_thread_in_Java, id=11288, stack(0x0000002a35300000,0x0000002a35400000)]
  0x000001b27733e800 JavaThread "Asynchronous log dispatcher for DefaultDaemonConnection: socket connection from /127.0.0.1:51314 to /127.0.0.1:51315" [_thread_blocked, id=6920, stack(0x0000002a35400000,0x0000002a35500000)]
  0x000001b27733b000 JavaThread "Stdin handler" [_thread_blocked, id=11628, stack(0x0000002a35500000,0x0000002a35600000)]
  0x000001b2770d5800 JavaThread "Thread-8" [_thread_blocked, id=12164, stack(0x0000002a35600000,0x0000002a35700000)]
  0x000001b2770d6800 JavaThread "Cache worker for journal cache (C:\Users\amirn\.gradle\caches\journal-1)" [_thread_blocked, id=12084, stack(0x0000002a35800000,0x0000002a35900000)]
  0x000001b2770d8000 JavaThread "File lock request listener" [_thread_in_native, id=5728, stack(0x0000002a35900000,0x0000002a35a00000)]
  0x000001b2770d2000 JavaThread "Cache worker for file hash cache (C:\Users\amirn\.gradle\caches\6.5\fileHashes)" [_thread_blocked, id=3340, stack(0x0000002a35a00000,0x0000002a35b00000)]
  0x000001b2770d3000 JavaThread "Cache worker for file hash cache (C:\Users\amirn\Desktop\Shorten-Link-App\.gradle\6.5\fileHashes)" [_thread_blocked, id=10488, stack(0x0000002a35c00000,0x0000002a35d00000)]
  0x000001b2770d4800 JavaThread "jar transforms" [_thread_blocked, id=11244, stack(0x0000002a35d00000,0x0000002a35e00000)]
  0x000001b2770d7000 JavaThread "jar transforms Thread 2" [_thread_blocked, id=5144, stack(0x0000002a35e00000,0x0000002a35f00000)]
  0x000001b2770d8800 JavaThread "jar transforms Thread 3" [_thread_blocked, id=10884, stack(0x0000002a35f00000,0x0000002a36000000)]
  0x000001b2770d4000 JavaThread "jar transforms Thread 4" [_thread_blocked, id=12176, stack(0x0000002a36000000,0x0000002a36100000)]
  0x000001b277e7c800 JavaThread "jar transforms Thread 5" [_thread_blocked, id=8640, stack(0x0000002a36100000,0x0000002a36200000)]
  0x000001b277e7d800 JavaThread "jar transforms Thread 6" [_thread_blocked, id=11732, stack(0x0000002a36200000,0x0000002a36300000)]
  0x000001b277e78800 JavaThread "jar transforms Thread 7" [_thread_blocked, id=7184, stack(0x0000002a36300000,0x0000002a36400000)]
  0x000001b277e7b000 JavaThread "jar transforms Thread 8" [_thread_blocked, id=11696, stack(0x0000002a36400000,0x0000002a36500000)]
  0x000001b277e7f000 JavaThread "jar transforms Thread 9" [_thread_blocked, id=10388, stack(0x0000002a36500000,0x0000002a36600000)]
  0x000001b277e7e000 JavaThread "jar transforms Thread 10" [_thread_blocked, id=10436, stack(0x0000002a36600000,0x0000002a36700000)]
  0x000001b277e79000 JavaThread "jar transforms Thread 11" [_thread_blocked, id=4988, stack(0x0000002a36700000,0x0000002a36800000)]
  0x000001b277e7a000 JavaThread "jar transforms Thread 12" [_thread_blocked, id=11728, stack(0x0000002a36800000,0x0000002a36900000)]
  0x000001b277e80000 JavaThread "jar transforms Thread 13" [_thread_blocked, id=1420, stack(0x0000002a36900000,0x0000002a36a00000)]
  0x000001b277e80800 JavaThread "jar transforms Thread 14" [_thread_blocked, id=5100, stack(0x0000002a36a00000,0x0000002a36b00000)]
  0x000001b277e81800 JavaThread "jar transforms Thread 15" [_thread_blocked, id=11952, stack(0x0000002a36b00000,0x0000002a36c00000)]
  0x000001b277e7b800 JavaThread "jar transforms Thread 16" [_thread_blocked, id=11836, stack(0x0000002a36c00000,0x0000002a36d00000)]
  0x000001b277e84800 JavaThread "jar transforms Thread 17" [_thread_blocked, id=11756, stack(0x0000002a36d00000,0x0000002a36e00000)]
  0x000001b277e84000 JavaThread "jar transforms Thread 18" [_thread_blocked, id=11520, stack(0x0000002a36e00000,0x0000002a36f00000)]
  0x000001b277e86800 JavaThread "jar transforms Thread 19" [_thread_blocked, id=9456, stack(0x0000002a36f00000,0x0000002a37000000)]
  0x000001b277e85800 JavaThread "jar transforms Thread 20" [_thread_blocked, id=11876, stack(0x0000002a37000000,0x0000002a37100000)]
  0x000001b277e87000 JavaThread "jar transforms Thread 21" [_thread_blocked, id=11784, stack(0x0000002a37100000,0x0000002a37200000)]
  0x000001b277e82000 JavaThread "jar transforms Thread 22" [_thread_blocked, id=2956, stack(0x0000002a37200000,0x0000002a37300000)]
  0x000001b277e83000 JavaThread "jar transforms Thread 23" [_thread_blocked, id=8008, stack(0x0000002a37300000,0x0000002a37400000)]
  0x000001b277ba0800 JavaThread "jar transforms Thread 24" [_thread_blocked, id=7788, stack(0x0000002a37400000,0x0000002a37500000)]
  0x000001b277ba1800 JavaThread "jar transforms Thread 25" [_thread_blocked, id=3720, stack(0x0000002a37500000,0x0000002a37600000)]
  0x000001b277b9e800 JavaThread "jar transforms Thread 26" [_thread_blocked, id=12188, stack(0x0000002a37600000,0x0000002a37700000)]
  0x000001b277ba0000 JavaThread "Cache worker for checksums cache (C:\Users\amirn\Desktop\Shorten-Link-App\.gradle\checksums)" [_thread_blocked, id=12108, stack(0x0000002a35b00000,0x0000002a35c00000)]
  0x000001b277b9c800 JavaThread "Cache worker for cache directory md-supplier (C:\Users\amirn\.gradle\caches\6.5\md-supplier)" [_thread_blocked, id=11640, stack(0x0000002a37700000,0x0000002a37800000)]
  0x000001b277b9d800 JavaThread "Cache worker for cache directory md-rule (C:\Users\amirn\.gradle\caches\6.5\md-rule)" [_thread_blocked, id=3240, stack(0x0000002a37800000,0x0000002a37900000)]
  0x000001b277ba3000 JavaThread "Cache worker for execution history cache (C:\Users\amirn\.gradle\caches\6.5\executionHistory)" [_thread_blocked, id=11700, stack(0x0000002a37900000,0x0000002a37a00000)]
  0x000001b277ba2800 JavaThread "Cache worker for file content cache (C:\Users\amirn\.gradle\caches\6.5\fileContent)" [_thread_blocked, id=10864, stack(0x0000002a37a00000,0x0000002a37b00000)]
  0x000001b277ba5800 JavaThread "Cache worker for Build Output Cleanup Cache (C:\Users\amirn\Desktop\Shorten-Link-App\.gradle\buildOutputCleanup)" [_thread_blocked, id=12132, stack(0x0000002a37c00000,0x0000002a37d00000)]
  0x000001b277ba8000 JavaThread "Build operations" [_thread_blocked, id=11804, stack(0x0000002a37b00000,0x0000002a37c00000)]
  0x000001b277ba6800 JavaThread "Build operations Thread 2" [_thread_blocked, id=1052, stack(0x0000002a37d00000,0x0000002a37e00000)]
  0x000001b277ba7800 JavaThread "Build operations Thread 3" [_thread_blocked, id=11992, stack(0x0000002a37e00000,0x0000002a37f00000)]
  0x000001b277ba9000 JavaThread "Build operations Thread 4" [_thread_blocked, id=10028, stack(0x0000002a37f00000,0x0000002a38000000)]
  0x000001b277ba9800 JavaThread "jar transforms Thread 27" [_thread_blocked, id=10336, stack(0x0000002a38000000,0x0000002a38100000)]
  0x000001b277baa800 JavaThread "jar transforms Thread 28" [_thread_blocked, id=8988, stack(0x0000002a38100000,0x0000002a38200000)]
  0x000001b277ba5000 JavaThread "jar transforms Thread 29" [_thread_blocked, id=9852, stack(0x0000002a38200000,0x0000002a38300000)]
  0x000001b277bab800 JavaThread "jar transforms Thread 30" [_thread_blocked, id=9408, stack(0x0000002a38300000,0x0000002a38400000)]
  0x000001b276610000 JavaThread "jar transforms Thread 31" [_thread_blocked, id=11280, stack(0x0000002a38400000,0x0000002a38500000)]
  0x000001b276615000 JavaThread "jar transforms Thread 32" [_thread_blocked, id=9528, stack(0x0000002a38500000,0x0000002a38600000)]
  0x000001b276617000 JavaThread "jar transforms Thread 33" [_thread_blocked, id=1604, stack(0x0000002a38600000,0x0000002a38700000)]
  0x000001b276616000 JavaThread "jar transforms Thread 34" [_thread_blocked, id=3952, stack(0x0000002a38700000,0x0000002a38800000)]
  0x000001b276611000 JavaThread "jar transforms Thread 35" [_thread_blocked, id=10208, stack(0x0000002a38800000,0x0000002a38900000)]
  0x000001b276617800 JavaThread "jar transforms Thread 36" [_thread_blocked, id=10004, stack(0x0000002a38900000,0x0000002a38a00000)]
  0x000001b276612000 JavaThread "jar transforms Thread 37" [_thread_blocked, id=11996, stack(0x0000002a38a00000,0x0000002a38b00000)]
  0x000001b276618800 JavaThread "jar transforms Thread 38" [_thread_blocked, id=3628, stack(0x0000002a38b00000,0x0000002a38c00000)]
  0x000001b276612800 JavaThread "jar transforms Thread 39" [_thread_blocked, id=11240, stack(0x0000002a38c00000,0x0000002a38d00000)]
  0x000001b276619000 JavaThread "jar transforms Thread 40" [_thread_blocked, id=12052, stack(0x0000002a38d00000,0x0000002a38e00000)]
  0x000001b276613800 JavaThread "jar transforms Thread 41" [_thread_blocked, id=3436, stack(0x0000002a38e00000,0x0000002a38f00000)]
  0x000001b27661a000 JavaThread "jar transforms Thread 42" [_thread_blocked, id=12192, stack(0x0000002a38f00000,0x0000002a39000000)]
  0x000001b276614800 JavaThread "jar transforms Thread 43" [_thread_blocked, id=10256, stack(0x0000002a39000000,0x0000002a39100000)]
  0x000001b27661b000 JavaThread "jar transforms Thread 44" [_thread_blocked, id=10424, stack(0x0000002a39100000,0x0000002a39200000)]
  0x000001b27661b800 JavaThread "jar transforms Thread 45" [_thread_blocked, id=6624, stack(0x0000002a39200000,0x0000002a39300000)]
  0x000001b27661c800 JavaThread "jar transforms Thread 46" [_thread_blocked, id=11468, stack(0x0000002a39300000,0x0000002a39400000)]
  0x000001b27661d800 JavaThread "jar transforms Thread 47" [_thread_blocked, id=1292, stack(0x0000002a39400000,0x0000002a39500000)]
  0x000001b27661e000 JavaThread "jar transforms Thread 48" [_thread_blocked, id=11040, stack(0x0000002a39500000,0x0000002a39600000)]
  0x000001b27661f000 JavaThread "jar transforms Thread 49" [_thread_blocked, id=10744, stack(0x0000002a39600000,0x0000002a39700000)]
  0x000001b276438800 JavaThread "jar transforms Thread 50" [_thread_blocked, id=416, stack(0x0000002a39700000,0x0000002a39800000)]
  0x000001b276436800 JavaThread "jar transforms Thread 51" [_thread_blocked, id=8092, stack(0x0000002a39800000,0x0000002a39900000)]
  0x000001b276439000 JavaThread "jar transforms Thread 52" [_thread_blocked, id=10224, stack(0x0000002a39900000,0x0000002a39a00000)]
  0x000001b27643a000 JavaThread "jar transforms Thread 53" [_thread_blocked, id=8680, stack(0x0000002a39a00000,0x0000002a39b00000)]
  0x000001b276436000 JavaThread "jar transforms Thread 54" [_thread_blocked, id=5880, stack(0x0000002a39b00000,0x0000002a39c00000)]
  0x000001b27643d000 JavaThread "jar transforms Thread 55" [_thread_blocked, id=5400, stack(0x0000002a39c00000,0x0000002a39d00000)]
  0x000001b27643c800 JavaThread "jar transforms Thread 56" [_thread_blocked, id=2512, stack(0x0000002a39d00000,0x0000002a39e00000)]
  0x000001b276437800 JavaThread "jar transforms Thread 57" [_thread_blocked, id=10404, stack(0x0000002a39e00000,0x0000002a39f00000)]
  0x000001b27643b800 JavaThread "jar transforms Thread 58" [_thread_blocked, id=10652, stack(0x0000002a39f00000,0x0000002a3a000000)]
  0x000001b276440800 JavaThread "jar transforms Thread 59" [_thread_blocked, id=12028, stack(0x0000002a3a000000,0x0000002a3a100000)]
  0x000001b27643e000 JavaThread "jar transforms Thread 60" [_thread_blocked, id=11716, stack(0x0000002a3a100000,0x0000002a3a200000)]
  0x000001b27643a800 JavaThread "jar transforms Thread 61" [_thread_blocked, id=11296, stack(0x0000002a3a200000,0x0000002a3a300000)]
  0x000001b276444800 JavaThread "jar transforms Thread 62" [_thread_blocked, id=11300, stack(0x0000002a3a300000,0x0000002a3a400000)]
  0x000001b27643f000 JavaThread "jar transforms Thread 63" [_thread_blocked, id=10596, stack(0x0000002a3a400000,0x0000002a3a500000)]
  0x000001b27643f800 JavaThread "jar transforms Thread 64" [_thread_blocked, id=12160, stack(0x0000002a3a500000,0x0000002a3a600000)]
  0x000001b276441800 JavaThread "jar transforms Thread 65" [_thread_blocked, id=10976, stack(0x0000002a3a600000,0x0000002a3a700000)]
  0x000001b276442000 JavaThread "jar transforms Thread 66" [_thread_blocked, id=12264, stack(0x0000002a3a700000,0x0000002a3a800000)]
  0x000001b276443000 JavaThread "jar transforms Thread 67" [_thread_blocked, id=9444, stack(0x0000002a3a800000,0x0000002a3a900000)]
  0x000001b276443800 JavaThread "jar transforms Thread 68" [_thread_blocked, id=10992, stack(0x0000002a3a900000,0x0000002a3aa00000)]
  0x000001b278634800 JavaThread "jar transforms Thread 69" [_thread_blocked, id=11152, stack(0x0000002a3aa00000,0x0000002a3ab00000)]
  0x000001b278633000 JavaThread "jar transforms Thread 70" [_thread_blocked, id=12184, stack(0x0000002a3ab00000,0x0000002a3ac00000)]
  0x000001b27862f000 JavaThread "jar transforms Thread 71" [_thread_blocked, id=8592, stack(0x0000002a3ac00000,0x0000002a3ad00000)]
  0x000001b278634000 JavaThread "jar transforms Thread 72" [_thread_blocked, id=11304, stack(0x0000002a3ad00000,0x0000002a3ae00000)]
  0x000001b278631800 JavaThread "jar transforms Thread 73" [_thread_blocked, id=11232, stack(0x0000002a3ae00000,0x0000002a3af00000)]
  0x000001b278632000 JavaThread "jar transforms Thread 74" [_thread_blocked, id=1468, stack(0x0000002a3af00000,0x0000002a3b000000)]
  0x000001b278635800 JavaThread "jar transforms Thread 75" [_thread_blocked, id=11676, stack(0x0000002a3b000000,0x0000002a3b100000)]
  0x000001b27862f800 JavaThread "jar transforms Thread 76" [_thread_blocked, id=1320, stack(0x0000002a3b100000,0x0000002a3b200000)]
  0x000001b278636000 JavaThread "jar transforms Thread 77" [_thread_blocked, id=8732, stack(0x0000002a3b200000,0x0000002a3b300000)]
  0x000001b278630800 JavaThread "jar transforms Thread 78" [_thread_blocked, id=11392, stack(0x0000002a3b300000,0x0000002a3b400000)]
  0x000001b278638800 JavaThread "jar transforms Thread 79" [_thread_blocked, id=9376, stack(0x0000002a3b400000,0x0000002a3b500000)]
  0x000001b27863a800 JavaThread "jar transforms Thread 80" [_thread_blocked, id=11616, stack(0x0000002a3b500000,0x0000002a3b600000)]
  0x000001b278638000 JavaThread "jar transforms Thread 81" [_thread_blocked, id=6400, stack(0x0000002a3b600000,0x0000002a3b700000)]
  0x000001b27863c000 JavaThread "jar transforms Thread 82" [_thread_blocked, id=11884, stack(0x0000002a3b700000,0x0000002a3b800000)]
  0x000001b27863b000 JavaThread "jar transforms Thread 83" [_thread_blocked, id=11944, stack(0x0000002a3b800000,0x0000002a3b900000)]
  0x000001b27863d000 JavaThread "jar transforms Thread 84" [_thread_blocked, id=10640, stack(0x0000002a3b900000,0x0000002a3ba00000)]
  0x000001b278637000 JavaThread "jar transforms Thread 85" [_thread_blocked, id=11812, stack(0x0000002a3ba00000,0x0000002a3bb00000)]
  0x000001b27863d800 JavaThread "jar transforms Thread 86" [_thread_blocked, id=11760, stack(0x0000002a3bb00000,0x0000002a3bc00000)]
  0x000001b278639800 JavaThread "jar transforms Thread 87" [_thread_blocked, id=2496, stack(0x0000002a3bc00000,0x0000002a3bd00000)]
  0x000001b27b958800 JavaThread "jar transforms Thread 88" [_thread_blocked, id=10568, stack(0x0000002a3bd00000,0x0000002a3be00000)]
  0x000001b277b4b800 JavaThread "C2 CompilerThread1" daemon [_thread_in_native, id=9000, stack(0x0000002a3be00000,0x0000002a3bf00000)]

Other Threads:
  0x000001b275058800 VMThread "VM Thread" [stack: 0x0000002a33e00000,0x0000002a33f00000] [id=10368]
  0x000001b275b9a800 WatcherThread [stack: 0x0000002a34800000,0x0000002a34900000] [id=11172]
  0x000001b25b495000 GCTaskThread "GC Thread#0" [stack: 0x0000002a33900000,0x0000002a33a00000] [id=10216]
  0x000001b27607b000 GCTaskThread "GC Thread#1" [stack: 0x0000002a34a00000,0x0000002a34b00000] [id=3036]
  0x000001b276035800 GCTaskThread "GC Thread#2" [stack: 0x0000002a34b00000,0x0000002a34c00000] [id=7900]
  0x000001b2773c5800 GCTaskThread "GC Thread#3" [stack: 0x0000002a35700000,0x0000002a35800000] [id=10784]
  0x000001b25b4c5800 ConcurrentGCThread "G1 Main Marker" [stack: 0x0000002a33a00000,0x0000002a33b00000] [id=10908]
  0x000001b25b4c7000 ConcurrentGCThread "G1 Conc#0" [stack: 0x0000002a33b00000,0x0000002a33c00000] [id=7872]
  0x000001b25b558000 ConcurrentGCThread "G1 Refine#0" [stack: 0x0000002a33c00000,0x0000002a33d00000] [id=3540]
  0x000001b25b559000 ConcurrentGCThread "G1 Young RemSet Sampling" [stack: 0x0000002a33d00000,0x0000002a33e00000] [id=10716]

Threads with active compile tasks:
C2 CompilerThread0  18821 4759       4       java.lang.invoke.MethodType::makeImpl (108 bytes)
C1 CompilerThread0  18821 4810       3       java.lang.invoke.MethodHandleNatives::staticArgumentsPulled (5 bytes)
C2 CompilerThread1  18821 4760       4       java.lang.invoke.MethodType$ConcurrentWeakInternSet::get (54 bytes)

VM state:not at safepoint (normal execution)

VM Mutex/Monitor currently owned by a thread:  ([mutex/lock_event])
[0x000001b25b477460] AdapterHandlerLibrary_lock - owner thread: 0x000001b2768fd800

Heap address: 0x0000000080000000, size: 2048 MB, Compressed Oops mode: 32-bit
Narrow klass base: 0x0000000000000000, Narrow klass shift: 3
Compressed class space size: 1073741824 Address: 0x0000000100000000

Heap:
 garbage-first heap   total 131072K, used 96174K [0x0000000080000000, 0x0000000100000000)
  region size 1024K, 54 young (55296K), 5 survivors (5120K)
 Metaspace       used 48497K, capacity 50074K, committed 50304K, reserved 1093632K
  class space    used 6242K, capacity 6761K, committed 6784K, reserved 1048576K
Heap Regions: E=young(eden), S=young(survivor), O=old, HS=humongous(starts), HC=humongous(continues), CS=collection set, F=free, A=archive, TAMS=top-at-mark-start (previous, next)
|   0|0x0000000080000000, 0x0000000080100000, 0x0000000080100000|100%| O|  |TAMS 0x0000000080100000, 0x0000000080000000| Untracked 
|   1|0x0000000080100000, 0x0000000080200000, 0x0000000080200000|100%| O|  |TAMS 0x0000000080200000, 0x0000000080100000| Untracked 
|   2|0x0000000080200000, 0x0000000080300000, 0x0000000080300000|100%| O|  |TAMS 0x0000000080300000, 0x0000000080200000| Untracked 
|   3|0x0000000080300000, 0x0000000080400000, 0x0000000080400000|100%|HS|  |TAMS 0x0000000080400000, 0x0000000080300000| Complete 
|   4|0x0000000080400000, 0x0000000080500000, 0x0000000080500000|100%|HC|  |TAMS 0x0000000080500000, 0x0000000080400000| Complete 
|   5|0x0000000080500000, 0x0000000080600000, 0x0000000080600000|100%|HC|  |TAMS 0x0000000080600000, 0x0000000080500000| Complete 
|   6|0x0000000080600000, 0x0000000080700000, 0x0000000080700000|100%| O|  |TAMS 0x0000000080700000, 0x0000000080600000| Untracked 
|   7|0x0000000080700000, 0x0000000080800000, 0x0000000080800000|100%| O|  |TAMS 0x0000000080800000, 0x0000000080700000| Untracked 
|   8|0x0000000080800000, 0x0000000080900000, 0x0000000080900000|100%| O|  |TAMS 0x0000000080900000, 0x0000000080800000| Untracked 
|   9|0x0000000080900000, 0x0000000080a00000, 0x0000000080a00000|100%| O|  |TAMS 0x0000000080a00000, 0x0000000080900000| Untracked 
|  10|0x0000000080a00000, 0x0000000080b00000, 0x0000000080b00000|100%| O|  |TAMS 0x0000000080b00000, 0x0000000080a00000| Untracked 
|  11|0x0000000080b00000, 0x0000000080c00000, 0x0000000080c00000|100%| O|  |TAMS 0x0000000080c00000, 0x0000000080b00000| Untracked 
|  12|0x0000000080c00000, 0x0000000080d00000, 0x0000000080d00000|100%| O|  |TAMS 0x0000000080d00000, 0x0000000080c00000| Untracked 
|  13|0x0000000080d00000, 0x0000000080e00000, 0x0000000080e00000|100%| O|  |TAMS 0x0000000080e00000, 0x0000000080d00000| Untracked 
|  14|0x0000000080e00000, 0x0000000080f00000, 0x0000000080f00000|100%| O|  |TAMS 0x0000000080f00000, 0x0000000080e00000| Untracked 
|  15|0x0000000080f00000, 0x0000000081000000, 0x0000000081000000|100%| O|  |TAMS 0x0000000081000000, 0x0000000080f00000| Untracked 
|  16|0x0000000081000000, 0x0000000081100000, 0x0000000081100000|100%|HS|  |TAMS 0x0000000081100000, 0x0000000081000000| Complete 
|  17|0x0000000081100000, 0x0000000081200000, 0x0000000081200000|100%|HC|  |TAMS 0x0000000081200000, 0x0000000081100000| Complete 
|  18|0x0000000081200000, 0x0000000081300000, 0x0000000081300000|100%|HS|  |TAMS 0x0000000081300000, 0x0000000081200000| Complete 
|  19|0x0000000081300000, 0x0000000081400000, 0x0000000081400000|100%|HC|  |TAMS 0x0000000081400000, 0x0000000081300000| Complete 
|  20|0x0000000081400000, 0x0000000081500000, 0x0000000081500000|100%|HC|  |TAMS 0x0000000081500000, 0x0000000081400000| Complete 
|  21|0x0000000081500000, 0x0000000081600000, 0x0000000081600000|100%|HS|  |TAMS 0x0000000081600000, 0x0000000081500000| Complete 
|  22|0x0000000081600000, 0x0000000081700000, 0x0000000081700000|100%|HC|  |TAMS 0x0000000081700000, 0x0000000081600000| Complete 
|  23|0x0000000081700000, 0x0000000081800000, 0x0000000081800000|100%|HC|  |TAMS 0x0000000081800000, 0x0000000081700000| Complete 
|  24|0x0000000081800000, 0x0000000081900000, 0x0000000081900000|100%|HC|  |TAMS 0x0000000081900000, 0x0000000081800000| Complete 
|  25|0x0000000081900000, 0x0000000081a00000, 0x0000000081a00000|100%| O|  |TAMS 0x0000000081a00000, 0x0000000081900000| Untracked 
|  26|0x0000000081a00000, 0x0000000081b00000, 0x0000000081b00000|100%| O|  |TAMS 0x0000000081b00000, 0x0000000081a00000| Untracked 
|  27|0x0000000081b00000, 0x0000000081c00000, 0x0000000081c00000|100%| O|  |TAMS 0x0000000081c00000, 0x0000000081b00000| Untracked 
|  28|0x0000000081c00000, 0x0000000081d00000, 0x0000000081d00000|100%| O|  |TAMS 0x0000000081d00000, 0x0000000081c00000| Untracked 
|  29|0x0000000081d00000, 0x0000000081e00000, 0x0000000081e00000|100%| O|  |TAMS 0x0000000081e00000, 0x0000000081d00000| Untracked 
|  30|0x0000000081e00000, 0x0000000081f00000, 0x0000000081f00000|100%| O|  |TAMS 0x0000000081e8aa00, 0x0000000081e00000| Untracked 
|  31|0x0000000081f00000, 0x0000000082000000, 0x0000000082000000|100%| O|  |TAMS 0x0000000081f00000, 0x0000000081f00000| Untracked 
|  32|0x0000000082000000, 0x0000000082100000, 0x0000000082100000|100%| O|  |TAMS 0x0000000082000000, 0x0000000082000000| Untracked 
|  33|0x0000000082100000, 0x0000000082200000, 0x0000000082200000|100%| O|  |TAMS 0x0000000082100000, 0x0000000082100000| Untracked 
|  34|0x0000000082200000, 0x0000000082300000, 0x0000000082300000|100%| O|  |TAMS 0x0000000082200000, 0x0000000082200000| Untracked 
|  35|0x0000000082300000, 0x0000000082400000, 0x0000000082400000|100%| O|  |TAMS 0x0000000082300000, 0x0000000082300000| Untracked 
|  36|0x0000000082400000, 0x0000000082500000, 0x0000000082500000|100%| O|  |TAMS 0x0000000082400000, 0x0000000082400000| Untracked 
|  37|0x0000000082500000, 0x000000008259f800, 0x0000000082600000| 62%| O|  |TAMS 0x0000000082500000, 0x0000000082500000| Untracked 
|  38|0x0000000082600000, 0x0000000082700000, 0x0000000082700000|100%|HS|  |TAMS 0x0000000082600000, 0x0000000082600000| Complete 
|  39|0x0000000082700000, 0x0000000082800000, 0x0000000082800000|100%|HC|  |TAMS 0x0000000082700000, 0x0000000082700000| Complete 
|  40|0x0000000082800000, 0x0000000082900000, 0x0000000082900000|100%|HC|  |TAMS 0x0000000082800000, 0x0000000082800000| Complete 
|  41|0x0000000082900000, 0x0000000082a00000, 0x0000000082a00000|100%|HS|  |TAMS 0x0000000082900000, 0x0000000082900000| Complete 
|  42|0x0000000082a00000, 0x0000000082b00000, 0x0000000082b00000|100%|HC|  |TAMS 0x0000000082a00000, 0x0000000082a00000| Complete 
|  43|0x0000000082b00000, 0x0000000082b00000, 0x0000000082c00000|  0%| F|  |TAMS 0x0000000082b00000, 0x0000000082b00000| Untracked 
|  44|0x0000000082c00000, 0x0000000082c00000, 0x0000000082d00000|  0%| F|  |TAMS 0x0000000082c00000, 0x0000000082c00000| Untracked 
|  45|0x0000000082d00000, 0x0000000082d00000, 0x0000000082e00000|  0%| F|  |TAMS 0x0000000082d00000, 0x0000000082d00000| Untracked 
|  46|0x0000000082e00000, 0x0000000082e00000, 0x0000000082f00000|  0%| F|  |TAMS 0x0000000082e00000, 0x0000000082e00000| Untracked 
|  47|0x0000000082f00000, 0x0000000082f00000, 0x0000000083000000|  0%| F|  |TAMS 0x0000000082f00000, 0x0000000082f00000| Untracked 
|  48|0x0000000083000000, 0x0000000083000000, 0x0000000083100000|  0%| F|  |TAMS 0x0000000083000000, 0x0000000083000000| Untracked 
|  49|0x0000000083100000, 0x0000000083100000, 0x0000000083200000|  0%| F|  |TAMS 0x0000000083100000, 0x0000000083100000| Untracked 
|  50|0x0000000083200000, 0x0000000083200000, 0x0000000083300000|  0%| F|  |TAMS 0x0000000083200000, 0x0000000083200000| Untracked 
|  51|0x0000000083300000, 0x0000000083300000, 0x0000000083400000|  0%| F|  |TAMS 0x0000000083300000, 0x0000000083300000| Untracked 
|  52|0x0000000083400000, 0x0000000083400000, 0x0000000083500000|  0%| F|  |TAMS 0x0000000083400000, 0x0000000083400000| Untracked 
|  53|0x0000000083500000, 0x0000000083500000, 0x0000000083600000|  0%| F|  |TAMS 0x0000000083500000, 0x0000000083500000| Untracked 
|  54|0x0000000083600000, 0x0000000083600000, 0x0000000083700000|  0%| F|  |TAMS 0x0000000083600000, 0x0000000083600000| Untracked 
|  55|0x0000000083700000, 0x0000000083700000, 0x0000000083800000|  0%| F|  |TAMS 0x0000000083700000, 0x0000000083700000| Untracked 
|  56|0x0000000083800000, 0x0000000083800000, 0x0000000083900000|  0%| F|  |TAMS 0x0000000083800000, 0x0000000083800000| Untracked 
|  57|0x0000000083900000, 0x0000000083900000, 0x0000000083a00000|  0%| F|  |TAMS 0x0000000083900000, 0x0000000083900000| Untracked 
|  58|0x0000000083a00000, 0x0000000083a00000, 0x0000000083b00000|  0%| F|  |TAMS 0x0000000083a00000, 0x0000000083a00000| Untracked 
|  59|0x0000000083b00000, 0x0000000083b4c2c8, 0x0000000083c00000| 29%| S|CS|TAMS 0x0000000083b00000, 0x0000000083b00000| Complete 
|  60|0x0000000083c00000, 0x0000000083c00000, 0x0000000083d00000|  0%| F|  |TAMS 0x0000000083c00000, 0x0000000083c00000| Untracked 
|  61|0x0000000083d00000, 0x0000000083d00000, 0x0000000083e00000|  0%| F|  |TAMS 0x0000000083d00000, 0x0000000083d00000| Untracked 
|  62|0x0000000083e00000, 0x0000000083e00000, 0x0000000083f00000|  0%| F|  |TAMS 0x0000000083e00000, 0x0000000083e00000| Untracked 
|  63|0x0000000083f00000, 0x0000000083f00000, 0x0000000084000000|  0%| F|  |TAMS 0x0000000083f00000, 0x0000000083f00000| Untracked 
|  64|0x0000000084000000, 0x0000000084000000, 0x0000000084100000|  0%| F|  |TAMS 0x0000000084000000, 0x0000000084000000| Untracked 
|  65|0x0000000084100000, 0x0000000084100000, 0x0000000084200000|  0%| F|  |TAMS 0x0000000084100000, 0x0000000084100000| Untracked 
|  66|0x0000000084200000, 0x0000000084200000, 0x0000000084300000|  0%| F|  |TAMS 0x0000000084200000, 0x0000000084200000| Untracked 
|  67|0x0000000084300000, 0x0000000084300000, 0x0000000084400000|  0%| F|  |TAMS 0x0000000084300000, 0x0000000084300000| Untracked 
|  68|0x0000000084400000, 0x0000000084500000, 0x0000000084500000|100%| S|CS|TAMS 0x0000000084400000, 0x0000000084400000| Complete 
|  69|0x0000000084500000, 0x0000000084600000, 0x0000000084600000|100%| S|CS|TAMS 0x0000000084500000, 0x0000000084500000| Complete 
|  70|0x0000000084600000, 0x0000000084700000, 0x0000000084700000|100%| S|CS|TAMS 0x0000000084600000, 0x0000000084600000| Complete 
|  71|0x0000000084700000, 0x0000000084800000, 0x0000000084800000|100%| S|CS|TAMS 0x0000000084700000, 0x0000000084700000| Complete 
|  72|0x0000000084800000, 0x0000000084800000, 0x0000000084900000|  0%| F|  |TAMS 0x0000000084800000, 0x0000000084800000| Untracked 
|  73|0x0000000084900000, 0x0000000084900000, 0x0000000084a00000|  0%| F|  |TAMS 0x0000000084900000, 0x0000000084900000| Untracked 
|  74|0x0000000084a00000, 0x0000000084a00000, 0x0000000084b00000|  0%| F|  |TAMS 0x0000000084a00000, 0x0000000084a00000| Untracked 
|  75|0x0000000084b00000, 0x0000000084b00000, 0x0000000084c00000|  0%| F|  |TAMS 0x0000000084b00000, 0x0000000084b00000| Untracked 
|  76|0x0000000084c00000, 0x0000000084c00000, 0x0000000084d00000|  0%| F|  |TAMS 0x0000000084c00000, 0x0000000084c00000| Untracked 
|  77|0x0000000084d00000, 0x0000000084d00000, 0x0000000084e00000|  0%| F|  |TAMS 0x0000000084d00000, 0x0000000084d00000| Untracked 
|  78|0x0000000084e00000, 0x0000000084e00000, 0x0000000084f00000|  0%| F|  |TAMS 0x0000000084e00000, 0x0000000084e00000| Untracked 
|  79|0x0000000084f00000, 0x0000000085000000, 0x0000000085000000|100%| E|  |TAMS 0x0000000084f00000, 0x0000000084f00000| Complete 
|  80|0x0000000085000000, 0x0000000085100000, 0x0000000085100000|100%| E|CS|TAMS 0x0000000085000000, 0x0000000085000000| Complete 
|  81|0x0000000085100000, 0x0000000085200000, 0x0000000085200000|100%| E|CS|TAMS 0x0000000085100000, 0x0000000085100000| Complete 
|  82|0x0000000085200000, 0x0000000085300000, 0x0000000085300000|100%| E|CS|TAMS 0x0000000085200000, 0x0000000085200000| Complete 
|  83|0x0000000085300000, 0x0000000085400000, 0x0000000085400000|100%| E|CS|TAMS 0x0000000085300000, 0x0000000085300000| Complete 
|  84|0x0000000085400000, 0x0000000085500000, 0x0000000085500000|100%| E|CS|TAMS 0x0000000085400000, 0x0000000085400000| Complete 
|  85|0x0000000085500000, 0x0000000085600000, 0x0000000085600000|100%| E|CS|TAMS 0x0000000085500000, 0x0000000085500000| Complete 
|  86|0x0000000085600000, 0x0000000085700000, 0x0000000085700000|100%| E|CS|TAMS 0x0000000085600000, 0x0000000085600000| Complete 
|  87|0x0000000085700000, 0x0000000085800000, 0x0000000085800000|100%| E|CS|TAMS 0x0000000085700000, 0x0000000085700000| Complete 
|  88|0x0000000085800000, 0x0000000085900000, 0x0000000085900000|100%| E|CS|TAMS 0x0000000085800000, 0x0000000085800000| Complete 
|  89|0x0000000085900000, 0x0000000085a00000, 0x0000000085a00000|100%| E|CS|TAMS 0x0000000085900000, 0x0000000085900000| Complete 
|  90|0x0000000085a00000, 0x0000000085b00000, 0x0000000085b00000|100%| E|CS|TAMS 0x0000000085a00000, 0x0000000085a00000| Complete 
|  91|0x0000000085b00000, 0x0000000085c00000, 0x0000000085c00000|100%| E|CS|TAMS 0x0000000085b00000, 0x0000000085b00000| Complete 
|  92|0x0000000085c00000, 0x0000000085d00000, 0x0000000085d00000|100%| E|CS|TAMS 0x0000000085c00000, 0x0000000085c00000| Complete 
|  93|0x0000000085d00000, 0x0000000085e00000, 0x0000000085e00000|100%| E|CS|TAMS 0x0000000085d00000, 0x0000000085d00000| Complete 
|  94|0x0000000085e00000, 0x0000000085f00000, 0x0000000085f00000|100%| E|CS|TAMS 0x0000000085e00000, 0x0000000085e00000| Complete 
|  95|0x0000000085f00000, 0x0000000086000000, 0x0000000086000000|100%| E|CS|TAMS 0x0000000085f00000, 0x0000000085f00000| Complete 
|  96|0x0000000086000000, 0x0000000086100000, 0x0000000086100000|100%| E|CS|TAMS 0x0000000086000000, 0x0000000086000000| Complete 
|  97|0x0000000086100000, 0x0000000086200000, 0x0000000086200000|100%| E|CS|TAMS 0x0000000086100000, 0x0000000086100000| Complete 
|  98|0x0000000086200000, 0x0000000086300000, 0x0000000086300000|100%| E|CS|TAMS 0x0000000086200000, 0x0000000086200000| Complete 
|  99|0x0000000086300000, 0x0000000086400000, 0x0000000086400000|100%| E|CS|TAMS 0x0000000086300000, 0x0000000086300000| Complete 
| 100|0x0000000086400000, 0x0000000086500000, 0x0000000086500000|100%| E|CS|TAMS 0x0000000086400000, 0x0000000086400000| Complete 
| 101|0x0000000086500000, 0x0000000086600000, 0x0000000086600000|100%| E|CS|TAMS 0x0000000086500000, 0x0000000086500000| Complete 
| 102|0x0000000086600000, 0x0000000086700000, 0x0000000086700000|100%| E|CS|TAMS 0x0000000086600000, 0x0000000086600000| Complete 
| 103|0x0000000086700000, 0x0000000086800000, 0x0000000086800000|100%| E|CS|TAMS 0x0000000086700000, 0x0000000086700000| Complete 
| 104|0x0000000086800000, 0x0000000086900000, 0x0000000086900000|100%| E|CS|TAMS 0x0000000086800000, 0x0000000086800000| Complete 
| 105|0x0000000086900000, 0x0000000086a00000, 0x0000000086a00000|100%| E|CS|TAMS 0x0000000086900000, 0x0000000086900000| Complete 
| 106|0x0000000086a00000, 0x0000000086b00000, 0x0000000086b00000|100%| E|CS|TAMS 0x0000000086a00000, 0x0000000086a00000| Complete 
| 107|0x0000000086b00000, 0x0000000086c00000, 0x0000000086c00000|100%| E|CS|TAMS 0x0000000086b00000, 0x0000000086b00000| Complete 
| 108|0x0000000086c00000, 0x0000000086d00000, 0x0000000086d00000|100%| E|CS|TAMS 0x0000000086c00000, 0x0000000086c00000| Complete 
| 109|0x0000000086d00000, 0x0000000086e00000, 0x0000000086e00000|100%| E|CS|TAMS 0x0000000086d00000, 0x0000000086d00000| Complete 
| 110|0x0000000086e00000, 0x0000000086f00000, 0x0000000086f00000|100%| E|CS|TAMS 0x0000000086e00000, 0x0000000086e00000| Complete 
| 111|0x0000000086f00000, 0x0000000087000000, 0x0000000087000000|100%| E|CS|TAMS 0x0000000086f00000, 0x0000000086f00000| Complete 
| 112|0x0000000087000000, 0x0000000087100000, 0x0000000087100000|100%| E|CS|TAMS 0x0000000087000000, 0x0000000087000000| Complete 
| 113|0x0000000087100000, 0x0000000087200000, 0x0000000087200000|100%| E|  |TAMS 0x0000000087100000, 0x0000000087100000| Complete 
| 114|0x0000000087200000, 0x0000000087300000, 0x0000000087300000|100%| E|CS|TAMS 0x0000000087200000, 0x0000000087200000| Complete 
| 115|0x0000000087300000, 0x0000000087400000, 0x0000000087400000|100%| E|CS|TAMS 0x0000000087300000, 0x0000000087300000| Complete 
| 116|0x0000000087400000, 0x0000000087500000, 0x0000000087500000|100%| E|CS|TAMS 0x0000000087400000, 0x0000000087400000| Complete 
| 117|0x0000000087500000, 0x0000000087600000, 0x0000000087600000|100%| E|CS|TAMS 0x0000000087500000, 0x0000000087500000| Complete 
| 118|0x0000000087600000, 0x0000000087700000, 0x0000000087700000|100%| E|CS|TAMS 0x0000000087600000, 0x0000000087600000| Complete 
| 119|0x0000000087700000, 0x0000000087800000, 0x0000000087800000|100%| E|CS|TAMS 0x0000000087700000, 0x0000000087700000| Complete 
| 120|0x0000000087800000, 0x0000000087900000, 0x0000000087900000|100%| E|CS|TAMS 0x0000000087800000, 0x0000000087800000| Complete 
| 121|0x0000000087900000, 0x0000000087a00000, 0x0000000087a00000|100%| E|CS|TAMS 0x0000000087900000, 0x0000000087900000| Complete 
| 122|0x0000000087a00000, 0x0000000087b00000, 0x0000000087b00000|100%| E|CS|TAMS 0x0000000087a00000, 0x0000000087a00000| Complete 
| 123|0x0000000087b00000, 0x0000000087c00000, 0x0000000087c00000|100%| E|CS|TAMS 0x0000000087b00000, 0x0000000087b00000| Complete 
| 124|0x0000000087c00000, 0x0000000087d00000, 0x0000000087d00000|100%| E|CS|TAMS 0x0000000087c00000, 0x0000000087c00000| Complete 
| 125|0x0000000087d00000, 0x0000000087e00000, 0x0000000087e00000|100%| E|CS|TAMS 0x0000000087d00000, 0x0000000087d00000| Complete 
| 126|0x0000000087e00000, 0x0000000087f00000, 0x0000000087f00000|100%| E|CS|TAMS 0x0000000087e00000, 0x0000000087e00000| Complete 
| 127|0x0000000087f00000, 0x0000000088000000, 0x0000000088000000|100%| E|CS|TAMS 0x0000000087f00000, 0x0000000087f00000| Complete 

Card table byte_map: [0x000001b26e380000,0x000001b26e780000] _byte_map_base: 0x000001b26df80000

Marking Bits (Prev, Next): (CMBitMap*) 0x000001b25b4bcdc8, (CMBitMap*) 0x000001b25b4bce00
 Prev Bits: [0x000001b26eb80000, 0x000001b270b80000)
 Next Bits: [0x000001b270b80000, 0x000001b272b80000)

Polling page: 0x000001b259360000

Metaspace:

Usage:
  Non-class:     42.30 MB capacity,    41.27 MB ( 98%) used,   942.53 KB (  2%) free+waste,   112.31 KB ( <1%) overhead. 
      Class:      6.60 MB capacity,     6.10 MB ( 92%) used,   464.38 KB (  7%) free+waste,    54.88 KB ( <1%) overhead. 
       Both:     48.90 MB capacity,    47.37 MB ( 97%) used,     1.37 MB (  3%) free+waste,   167.19 KB ( <1%) overhead. 

Virtual space:
  Non-class space:       44.00 MB reserved,      42.50 MB ( 97%) committed 
      Class space:        1.00 GB reserved,       6.63 MB ( <1%) committed 
             Both:        1.04 GB reserved,      49.13 MB (  5%) committed 

Chunk freelists:
   Non-Class:  14.00 KB
       Class:  22.00 KB
        Both:  36.00 KB

MaxMetaspaceSize: 17179869184.00 GB
CompressedClassSpaceSize: 1.00 GB

CodeHeap 'non-profiled nmethods': size=120064Kb used=2375Kb max_used=2375Kb free=117688Kb
 bounds [0x000001b266a40000, 0x000001b266cb0000, 0x000001b26df80000]
CodeHeap 'profiled nmethods': size=120000Kb used=10299Kb max_used=10299Kb free=109701Kb
 bounds [0x000001b25f510000, 0x000001b25ff20000, 0x000001b266a40000]
CodeHeap 'non-nmethods': size=5696Kb used=2200Kb max_used=2242Kb free=3495Kb
 bounds [0x000001b25ef80000, 0x000001b25f1f0000, 0x000001b25f510000]
 total_blobs=5577 nmethods=4801 adapters=687
 compilation: enabled
              stopped_count=0, restarted_count=0
 full_count=0

Compilation events (20 events):
Event: 18.696 Thread 0x000001b275086000 4790       1       com.sun.management.internal.DiagnosticCommandArgumentInfo::getName (5 bytes)
Event: 18.696 Thread 0x000001b275086000 nmethod 4790 0x000001b266c8fa90 code [0x000001b266c8fc40, 0x000001b266c8fcf8]
Event: 18.700 Thread 0x000001b275086000 4791       1       com.sun.management.internal.DiagnosticCommandInfo::getArgumentsInfo (5 bytes)
Event: 18.701 Thread 0x000001b275086000 nmethod 4791 0x000001b266c8fd90 code [0x000001b266c8ff40, 0x000001b266c8fff8]
Event: 18.707 Thread 0x000001b275086000 4792       3       java.util.HashMap$EntrySet::<init> (10 bytes)
Event: 18.707 Thread 0x000001b275086000 nmethod 4792 0x000001b25ff06990 code [0x000001b25ff06b60, 0x000001b25ff06dd8]
Event: 18.707 Thread 0x000001b275086000 4793       3       java.util.HashMap::entrySet (27 bytes)
Event: 18.708 Thread 0x000001b275086000 nmethod 4793 0x000001b25ff06f10 code [0x000001b25ff070e0, 0x000001b25ff074b8]
Event: 18.710 Thread 0x000001b277b4b800 nmethod 4786 0x000001b266c90090 code [0x000001b266c90260, 0x000001b266c90918]
Event: 18.710 Thread 0x000001b277b4b800 4789       4       java.lang.String$CaseInsensitiveComparator::compare (68 bytes)
Event: 18.720 Thread 0x000001b275086000 4794       3       javax.management.ObjectName::getDomainLength (8 bytes)
Event: 18.720 Thread 0x000001b275086000 nmethod 4794 0x000001b25ff07610 code [0x000001b25ff077c0, 0x000001b25ff078b8]
Event: 18.724 Thread 0x000001b275086000 4795       3       java.util.IdentityHashMap::containsKey (55 bytes)
Event: 18.725 Thread 0x000001b275086000 nmethod 4795 0x000001b25ff07990 code [0x000001b25ff07b80, 0x000001b25ff07fa8]
Event: 18.725 Thread 0x000001b275086000 4796  s!   3       com.sun.jmx.mbeanserver.DefaultMXBeanMappingFactory::mappingForType (110 bytes)
Event: 18.727 Thread 0x000001b277b4b800 nmethod 4789 0x000001b266c90e10 code [0x000001b266c90fc0, 0x000001b266c91618]
Event: 18.727 Thread 0x000001b275086000 nmethod 4796 0x000001b25ff08190 code [0x000001b25ff084e0, 0x000001b25ff09818]
Event: 18.727 Thread 0x000001b277b4b800 4760       4       java.lang.invoke.MethodType$ConcurrentWeakInternSet::get (54 bytes)
Event: 18.727 Thread 0x000001b275086000 4797  s    3       com.sun.jmx.mbeanserver.DefaultMXBeanMappingFactory::getMapping (27 bytes)
Event: 18.727 Thread 0x000001b275086000 nmethod 4797 0x000001b25ff09f90 code [0x000001b25ff0a180, 0x000001b25ff0a778]

GC Heap History (14 events):
Event: 1.151 GC heap before
{Heap before GC invocations=0 (full 0):
 garbage-first heap   total 131072K, used 19456K [0x0000000080000000, 0x0000000100000000)
  region size 1024K, 14 young (14336K), 0 survivors (0K)
 Metaspace       used 7571K, capacity 7729K, committed 7936K, reserved 1056768K
  class space    used 704K, capacity 749K, committed 768K, reserved 1048576K
}
Event: 1.158 GC heap after
{Heap after GC invocations=1 (full 0):
 garbage-first heap   total 131072K, used 7578K [0x0000000080000000, 0x0000000100000000)
  region size 1024K, 2 young (2048K), 2 survivors (2048K)
 Metaspace       used 7571K, capacity 7729K, committed 7936K, reserved 1056768K
  class space    used 704K, capacity 749K, committed 768K, reserved 1048576K
}
Event: 5.012 GC heap before
{Heap before GC invocations=1 (full 0):
 garbage-first heap   total 131072K, used 82330K [0x0000000080000000, 0x0000000100000000)
  region size 1024K, 76 young (77824K), 2 survivors (2048K)
 Metaspace       used 18001K, capacity 18433K, committed 18560K, reserved 1064960K
  class space    used 2172K, capacity 2340K, committed 2432K, reserved 1048576K
}
Event: 5.032 GC heap after
{Heap after GC invocations=2 (full 0):
 garbage-first heap   total 131072K, used 15103K [0x0000000080000000, 0x0000000100000000)
  region size 1024K, 10 young (10240K), 10 survivors (10240K)
 Metaspace       used 18001K, capacity 18433K, committed 18560K, reserved 1064960K
  class space    used 2172K, capacity 2340K, committed 2432K, reserved 1048576K
}
Event: 6.107 GC heap before
{Heap before GC invocations=2 (full 0):
 garbage-first heap   total 131072K, used 27391K [0x0000000080000000, 0x0000000100000000)
  region size 1024K, 23 young (23552K), 10 survivors (10240K)
 Metaspace       used 20685K, capacity 21107K, committed 21248K, reserved 1069056K
  class space    used 2430K, capacity 2553K, committed 2560K, reserved 1048576K
}
Event: 6.122 GC heap after
{Heap after GC invocations=3 (full 0):
 garbage-first heap   total 131072K, used 16178K [0x0000000080000000, 0x0000000100000000)
  region size 1024K, 1 young (1024K), 1 survivors (1024K)
 Metaspace       used 20685K, capacity 21107K, committed 21248K, reserved 1069056K
  class space    used 2430K, capacity 2553K, committed 2560K, reserved 1048576K
}
Event: 8.579 GC heap before
{Heap before GC invocations=4 (full 0):
 garbage-first heap   total 131072K, used 81714K [0x0000000080000000, 0x0000000100000000)
  region size 1024K, 57 young (58368K), 1 survivors (1024K)
 Metaspace       used 26558K, capacity 27234K, committed 27520K, reserved 1073152K
  class space    used 3389K, capacity 3616K, committed 3712K, reserved 1048576K
}
Event: 8.589 GC heap after
{Heap after GC invocations=5 (full 0):
 garbage-first heap   total 131072K, used 30946K [0x0000000080000000, 0x0000000100000000)
  region size 1024K, 7 young (7168K), 7 survivors (7168K)
 Metaspace       used 26558K, capacity 27234K, committed 27520K, reserved 1073152K
  class space    used 3389K, capacity 3616K, committed 3712K, reserved 1048576K
}
Event: 11.191 GC heap before
{Heap before GC invocations=5 (full 0):
 garbage-first heap   total 131072K, used 74978K [0x0000000080000000, 0x0000000100000000)
  region size 1024K, 51 young (52224K), 7 survivors (7168K)
 Metaspace       used 34685K, capacity 35514K, committed 35628K, reserved 1081344K
  class space    used 4438K, capacity 4718K, committed 4736K, reserved 1048576K
}
Event: 11.208 GC heap after
{Heap after GC invocations=6 (full 0):
 garbage-first heap   total 131072K, used 34346K [0x0000000080000000, 0x0000000100000000)
  region size 1024K, 3 young (3072K), 3 survivors (3072K)
 Metaspace       used 34685K, capacity 35514K, committed 35628K, reserved 1081344K
  class space    used 4438K, capacity 4718K, committed 4736K, reserved 1048576K
}
Event: 13.545 GC heap before
{Heap before GC invocations=7 (full 0):
 garbage-first heap   total 131072K, used 94762K [0x0000000080000000, 0x0000000100000000)
  region size 1024K, 60 young (61440K), 3 survivors (3072K)
 Metaspace       used 40641K, capacity 41728K, committed 41984K, reserved 1085440K
  class space    used 5133K, capacity 5519K, committed 5632K, reserved 1048576K
}
Event: 13.559 GC heap after
{Heap after GC invocations=8 (full 0):
 garbage-first heap   total 131072K, used 38750K [0x0000000080000000, 0x0000000100000000)
  region size 1024K, 8 young (8192K), 8 survivors (8192K)
 Metaspace       used 40641K, capacity 41728K, committed 41984K, reserved 1085440K
  class space    used 5133K, capacity 5519K, committed 5632K, reserved 1048576K
}
Event: 16.351 GC heap before
{Heap before GC invocations=8 (full 0):
 garbage-first heap   total 131072K, used 96094K [0x0000000080000000, 0x0000000100000000)
  region size 1024K, 64 young (65536K), 8 survivors (8192K)
 Metaspace       used 44339K, capacity 45600K, committed 45952K, reserved 1089536K
  class space    used 5721K, capacity 6150K, committed 6272K, reserved 1048576K
}
Event: 16.375 GC heap after
{Heap after GC invocations=9 (full 0):
 garbage-first heap   total 131072K, used 42926K [0x0000000080000000, 0x0000000100000000)
  region size 1024K, 5 young (5120K), 5 survivors (5120K)
 Metaspace       used 44339K, capacity 45600K, committed 45952K, reserved 1089536K
  class space    used 5721K, capacity 6150K, committed 6272K, reserved 1048576K
}

Deoptimization events (20 events):
Event: 18.519 Thread 0x000001b2768fd800 Uncommon trap: trap_request=0xffffffc6 fr.pc=0x000001b266b8d364 relative=0x00000000000039c4
Event: 18.519 Thread 0x000001b2768fd800 Uncommon trap: reason=bimorphic_or_optimized_type_check action=maybe_recompile pc=0x000001b266b8d364 method=java.util.AbstractCollection.addAll(Ljava/util/Collection;)Z @ 29 c2
Event: 18.519 Thread 0x000001b2768fd800 DEOPT PACKING pc=0x000001b266b8d364 sp=0x0000002a353f98a0
Event: 18.519 Thread 0x000001b2768fd800 DEOPT UNPACKING pc=0x000001b25efa6029 sp=0x0000002a353f98a0 mode 2
Event: 18.575 Thread 0x000001b2768fd800 Uncommon trap: trap_request=0xffffffc6 fr.pc=0x000001b266bc9288 relative=0x00000000000002e8
Event: 18.575 Thread 0x000001b2768fd800 Uncommon trap: reason=bimorphic_or_optimized_type_check action=maybe_recompile pc=0x000001b266bc9288 method=java.util.Arrays.binarySearch0([Ljava/lang/Object;IILjava/lang/Object;Ljava/util/Comparator;)I @ 48 c2
Event: 18.575 Thread 0x000001b2768fd800 DEOPT PACKING pc=0x000001b266bc9288 sp=0x0000002a353f6080
Event: 18.575 Thread 0x000001b2768fd800 DEOPT UNPACKING pc=0x000001b25efa6029 sp=0x0000002a353f5fe0 mode 2
Event: 18.575 Thread 0x000001b2768fd800 Uncommon trap: trap_request=0xffffffc6 fr.pc=0x000001b266bc9288 relative=0x00000000000002e8
Event: 18.575 Thread 0x000001b2768fd800 Uncommon trap: reason=bimorphic_or_optimized_type_check action=maybe_recompile pc=0x000001b266bc9288 method=java.util.Arrays.binarySearch0([Ljava/lang/Object;IILjava/lang/Object;Ljava/util/Comparator;)I @ 48 c2
Event: 18.575 Thread 0x000001b2768fd800 DEOPT PACKING pc=0x000001b266bc9288 sp=0x0000002a353f6080
Event: 18.575 Thread 0x000001b2768fd800 DEOPT UNPACKING pc=0x000001b25efa6029 sp=0x0000002a353f5fe0 mode 2
Event: 18.575 Thread 0x000001b2768fd800 Uncommon trap: trap_request=0xffffffc6 fr.pc=0x000001b266bc9288 relative=0x00000000000002e8
Event: 18.575 Thread 0x000001b2768fd800 Uncommon trap: reason=bimorphic_or_optimized_type_check action=maybe_recompile pc=0x000001b266bc9288 method=java.util.Arrays.binarySearch0([Ljava/lang/Object;IILjava/lang/Object;Ljava/util/Comparator;)I @ 48 c2
Event: 18.575 Thread 0x000001b2768fd800 DEOPT PACKING pc=0x000001b266bc9288 sp=0x0000002a353f6080
Event: 18.575 Thread 0x000001b2768fd800 DEOPT UNPACKING pc=0x000001b25efa6029 sp=0x0000002a353f5fe0 mode 2
Event: 18.575 Thread 0x000001b2768fd800 Uncommon trap: trap_request=0xffffffc6 fr.pc=0x000001b266bc9288 relative=0x00000000000002e8
Event: 18.575 Thread 0x000001b2768fd800 Uncommon trap: reason=bimorphic_or_optimized_type_check action=maybe_recompile pc=0x000001b266bc9288 method=java.util.Arrays.binarySearch0([Ljava/lang/Object;IILjava/lang/Object;Ljava/util/Comparator;)I @ 48 c2
Event: 18.575 Thread 0x000001b2768fd800 DEOPT PACKING pc=0x000001b266bc9288 sp=0x0000002a353f6100
Event: 18.575 Thread 0x000001b2768fd800 DEOPT UNPACKING pc=0x000001b25efa6029 sp=0x0000002a353f6060 mode 2

Classes redefined (0 events):
No events

Internal exceptions (20 events):
Event: 17.983 Thread 0x000001b2768fd800 Exception <a 'java/security/PrivilegedActionException'{0x0000000085f9b280}> (0x0000000085f9b280) thrown at [./src/hotspot/share/prims/jvm.cpp, line 1306]
Event: 17.983 Thread 0x000001b2768fd800 Exception <a 'java/security/PrivilegedActionException'{0x0000000085f9e1c8}> (0x0000000085f9e1c8) thrown at [./src/hotspot/share/prims/jvm.cpp, line 1306]
Event: 17.983 Thread 0x000001b2768fd800 Exception <a 'java/security/PrivilegedActionException'{0x0000000085f9f488}> (0x0000000085f9f488) thrown at [./src/hotspot/share/prims/jvm.cpp, line 1306]
Event: 18.009 Thread 0x000001b2768fd800 Exception <a 'java/lang/ClassNotFoundException'{0x0000000085e65050}: org/gradle/api/tasks/Delete_DecoratedBeanInfo> (0x0000000085e65050) thrown at [./src/hotspot/share/classfile/systemDictionary.cpp, line 231]
Event: 18.010 Thread 0x000001b2768fd800 Exception <a 'java/lang/ClassNotFoundException'{0x0000000085e85070}: org/gradle/api/tasks/DeleteBeanInfo> (0x0000000085e85070) thrown at [./src/hotspot/share/classfile/systemDictionary.cpp, line 231]
Event: 18.014 Thread 0x000001b2768fd800 Exception <a 'java/lang/ClassNotFoundException'{0x0000000085ea6f20}: org/gradle/api/internal/ConventionTaskBeanInfo> (0x0000000085ea6f20) thrown at [./src/hotspot/share/classfile/systemDictionary.cpp, line 231]
Event: 18.015 Thread 0x000001b2768fd800 Exception <a 'java/lang/ClassNotFoundException'{0x0000000085ec6120}: org/gradle/api/DefaultTaskBeanInfo> (0x0000000085ec6120) thrown at [./src/hotspot/share/classfile/systemDictionary.cpp, line 231]
Event: 18.017 Thread 0x000001b2768fd800 Exception <a 'java/lang/ClassNotFoundException'{0x0000000085ee7eb8}: org/gradle/api/internal/AbstractTaskBeanInfo> (0x0000000085ee7eb8) thrown at [./src/hotspot/share/classfile/systemDictionary.cpp, line 231]
Event: 18.020 Thread 0x000001b2768fd800 Exception <a 'java/lang/ClassNotFoundException'{0x0000000085d0a210}: org/gradle/api/internal/AbstractTaskCustomizer> (0x0000000085d0a210) thrown at [./src/hotspot/share/classfile/systemDictionary.cpp, line 231]
Event: 18.027 Thread 0x000001b2768fd800 Exception <a 'java/lang/ClassNotFoundException'{0x0000000085d6c3d8}: org/gradle/api/DefaultTaskCustomizer> (0x0000000085d6c3d8) thrown at [./src/hotspot/share/classfile/systemDictionary.cpp, line 231]
Event: 18.031 Thread 0x000001b2768fd800 Exception <a 'java/lang/ClassNotFoundException'{0x0000000085d9a520}: org/gradle/api/internal/ConventionTaskCustomizer> (0x0000000085d9a520) thrown at [./src/hotspot/share/classfile/systemDictionary.cpp, line 231]
Event: 18.034 Thread 0x000001b2768fd800 Exception <a 'java/lang/ClassNotFoundException'{0x0000000085dc92b8}: org/gradle/api/tasks/DeleteCustomizer> (0x0000000085dc92b8) thrown at [./src/hotspot/share/classfile/systemDictionary.cpp, line 231]
Event: 18.037 Thread 0x000001b2768fd800 Exception <a 'java/lang/ClassNotFoundException'{0x0000000085dfdff8}: org/gradle/api/tasks/Delete_DecoratedCustomizer> (0x0000000085dfdff8) thrown at [./src/hotspot/share/classfile/systemDictionary.cpp, line 231]
Event: 18.098 Thread 0x000001b2768fd800 Exception <a 'java/lang/ClassNotFoundException'{0x0000000085b06cd0}: build_6xs7qbwb5y04d2qt5hky1e5stBeanInfo> (0x0000000085b06cd0) thrown at [./src/hotspot/share/classfile/systemDictionary.cpp, line 231]
Event: 18.099 Thread 0x000001b2768fd800 Exception <a 'java/lang/ClassNotFoundException'{0x0000000085b0f5c8}: build_6xs7qbwb5y04d2qt5hky1e5stCustomizer> (0x0000000085b0f5c8) thrown at [./src/hotspot/share/classfile/systemDictionary.cpp, line 231]
Event: 18.113 Thread 0x000001b2768fd800 Exception <a 'java/lang/ClassNotFoundException'{0x0000000085b7afa8}: org/gradle/plugin/use/internal/PluginRequestCollector$PluginDependenciesSpecImplBeanInfo> (0x0000000085b7afa8) thrown at [./src/hotspot/share/classfile/systemDictionary.cpp, line 231]
Event: 18.114 Thread 0x000001b2768fd800 Exception <a 'java/lang/ClassNotFoundException'{0x0000000085b9e500}: org/gradle/plugin/use/internal/PluginRequestCollector$PluginDependenciesSpecImplCustomizer> (0x0000000085b9e500) thrown at [./src/hotspot/share/classfile/systemDictionary.cpp, line 231]
Event: 18.134 Thread 0x000001b2768fd800 Exception <a 'java/lang/NoSuchMethodError'{0x0000000085a0c520}: 'void java.lang.invoke.DirectMethodHandle$Holder.invokeInterface(java.lang.Object, java.lang.Object)'> (0x0000000085a0c520) thrown at [./src/hotspot/share/interpreter/linkResolver.cpp, line 773]
Event: 18.424 Thread 0x000001b2768fd800 Exception <a 'java/lang/NoSuchMethodError'{0x000000008556df88}: 'void java.lang.invoke.DirectMethodHandle$Holder.invokeStatic(java.lang.Object, java.lang.Object, java.lang.Object, java.lang.Object, java.lang.Object)'> (0x000000008556df88) thrown at [./src/hotspot/share/interpreter/linkResolver.cpp, line 773]
Event: 18.552 Thread 0x000001b2768fd800 Exception <a 'java/lang/IncompatibleClassChangeError'{0x0000000085179188}: Found class java.lang.Object, but interface was expected> (0x0000000085179188) thrown at [./src/hotspot/share/interpreter/linkResolver.cpp, line 839]

Events (20 events):
Event: 18.708 loading class java/util/PropertyPermission
Event: 18.708 loading class java/util/PropertyPermission done
Event: 18.709 loading class com/sun/management/GcInfo
Event: 18.709 loading class javax/management/openmbean/CompositeDataView
Event: 18.709 loading class javax/management/openmbean/CompositeDataView done
Event: 18.710 loading class com/sun/management/GcInfo done
Event: 18.720 loading class sun/management/ManagementFactoryHelper$1
Event: 18.720 loading class java/lang/management/BufferPoolMXBean
Event: 18.721 loading class java/lang/management/BufferPoolMXBean done
Event: 18.722 loading class sun/management/ManagementFactoryHelper$1 done
Event: 18.722 loading class sun/nio/ch/FileChannelImpl$1
Event: 18.722 loading class sun/nio/ch/FileChannelImpl$1 done
Event: 18.727 loading class com/sun/management/internal/HotSpotDiagnostic
Event: 18.731 loading class com/sun/management/HotSpotDiagnosticMXBean
Event: 18.731 loading class com/sun/management/HotSpotDiagnosticMXBean done
Event: 18.731 loading class com/sun/management/internal/HotSpotDiagnostic done
Event: 18.732 loading class com/sun/management/VMOption
Event: 18.732 loading class com/sun/management/VMOption done
Event: 18.733 loading class com/sun/management/VMOption$Origin
Event: 18.733 loading class com/sun/management/VMOption$Origin done


Dynamic libraries:
0x00007ff7aa5a0000 - 0x00007ff7aa5aa000 	C:\Program Files\Android\Android Studio\jre\bin\java.exe
0x00007ff9ed140000 - 0x00007ff9ed349000 	C:\Windows\SYSTEM32\ntdll.dll
0x00007ff9ed040000 - 0x00007ff9ed0fd000 	C:\Windows\System32\KERNEL32.DLL
0x00007ff9ea9d0000 - 0x00007ff9ead44000 	C:\Windows\System32\KERNELBASE.dll
0x00007ff9ea8b0000 - 0x00007ff9ea9c1000 	C:\Windows\System32\ucrtbase.dll
0x00007ff9d6e30000 - 0x00007ff9d6e49000 	C:\Program Files\Android\Android Studio\jre\bin\jli.dll
0x00007ff9eb420000 - 0x00007ff9eb5cc000 	C:\Windows\System32\USER32.dll
0x00007ff9eae10000 - 0x00007ff9eae36000 	C:\Windows\System32\win32u.dll
0x00007ff9eb3f0000 - 0x00007ff9eb419000 	C:\Windows\System32\GDI32.dll
0x00007ff9d6e50000 - 0x00007ff9d6e67000 	C:\Program Files\Android\Android Studio\jre\bin\VCRUNTIME140.dll
0x00007ff9e02d0000 - 0x00007ff9e0575000 	C:\Windows\WinSxS\amd64_microsoft.windows.common-controls_6595b64144ccf1df_6.0.22000.120_none_9d947278b86cc467\COMCTL32.dll
0x00007ff9eb790000 - 0x00007ff9eb833000 	C:\Windows\System32\msvcrt.dll
0x00007ff9eaec0000 - 0x00007ff9eafd2000 	C:\Windows\System32\gdi32full.dll
0x00007ff9ea630000 - 0x00007ff9ea6cd000 	C:\Windows\System32\msvcp_win.dll
0x00007ff9ebb30000 - 0x00007ff9ebb61000 	C:\Windows\System32\IMM32.DLL
0x00007ff9a9620000 - 0x00007ff9a96bd000 	C:\Program Files\Android\Android Studio\jre\bin\msvcp140.dll
0x00007ff9aded0000 - 0x00007ff9ae9a5000 	C:\Program Files\Android\Android Studio\jre\bin\server\jvm.dll
0x00007ff9ebb70000 - 0x00007ff9ebc1e000 	C:\Windows\System32\ADVAPI32.dll
0x00007ff9eb6f0000 - 0x00007ff9eb78e000 	C:\Windows\System32\sechost.dll
0x00007ff9eb5d0000 - 0x00007ff9eb6f0000 	C:\Windows\System32\RPCRT4.dll
0x00007ff9eb000000 - 0x00007ff9eb008000 	C:\Windows\System32\PSAPI.DLL
0x00007ff9e0580000 - 0x00007ff9e05b3000 	C:\Windows\SYSTEM32\WINMM.dll
0x00007ff9e7410000 - 0x00007ff9e7419000 	C:\Windows\SYSTEM32\WSOCK32.dll
0x00007ff9e16a0000 - 0x00007ff9e16aa000 	C:\Windows\SYSTEM32\VERSION.dll
0x00007ff9ec020000 - 0x00007ff9ec08f000 	C:\Windows\System32\WS2_32.dll
0x00007ff9e9730000 - 0x00007ff9e9748000 	C:\Windows\SYSTEM32\kernel.appcore.dll
0x00007ff9afb90000 - 0x00007ff9afba1000 	C:\Program Files\Android\Android Studio\jre\bin\verify.dll
0x00007ff9d6430000 - 0x00007ff9d6651000 	C:\Windows\SYSTEM32\DBGHELP.DLL
0x00007ff9d63f0000 - 0x00007ff9d6421000 	C:\Windows\SYSTEM32\dbgcore.DLL
0x00007ff9eae40000 - 0x00007ff9eaebf000 	C:\Windows\System32\bcryptPrimitives.dll
0x00007ff9af1a0000 - 0x00007ff9af1c9000 	C:\Program Files\Android\Android Studio\jre\bin\java.dll
0x00007ff9e7400000 - 0x00007ff9e740b000 	C:\Program Files\Android\Android Studio\jre\bin\jimage.dll
0x00007ff9af180000 - 0x00007ff9af198000 	C:\Program Files\Android\Android Studio\jre\bin\zip.dll
0x00007ff9ec090000 - 0x00007ff9ec83e000 	C:\Windows\System32\SHELL32.dll
0x00007ff9e87a0000 - 0x00007ff9e9008000 	C:\Windows\SYSTEM32\windows.storage.dll
0x00007ff9ebc20000 - 0x00007ff9ebf98000 	C:\Windows\System32\combase.dll
0x00007ff9e8630000 - 0x00007ff9e8796000 	C:\Windows\SYSTEM32\wintypes.dll
0x00007ff9eb140000 - 0x00007ff9eb22a000 	C:\Windows\System32\SHCORE.dll
0x00007ff9eb0e0000 - 0x00007ff9eb13d000 	C:\Windows\System32\shlwapi.dll
0x00007ff9ea560000 - 0x00007ff9ea581000 	C:\Windows\SYSTEM32\profapi.dll
0x00007ff9af160000 - 0x00007ff9af17a000 	C:\Program Files\Android\Android Studio\jre\bin\net.dll
0x00007ff9e16b0000 - 0x00007ff9e17bc000 	C:\Windows\SYSTEM32\WINHTTP.dll
0x00007ff9e9b60000 - 0x00007ff9e9bc7000 	C:\Windows\system32\mswsock.dll
0x00007ff9adeb0000 - 0x00007ff9adec4000 	C:\Program Files\Android\Android Studio\jre\bin\nio.dll
0x00007ff9de0a0000 - 0x00007ff9de0c7000 	C:\Users\amirn\.gradle\native\f6784746aeab05261644944871eae4fe03e0ef1612fff0a4a95f87b438bc6780\windows-amd64\native-platform.dll
0x00007ff9e1510000 - 0x00007ff9e151a000 	C:\Program Files\Android\Android Studio\jre\bin\management.dll
0x00007ff9d3a60000 - 0x00007ff9d3a6d000 	C:\Program Files\Android\Android Studio\jre\bin\management_ext.dll
0x00007ff9e9da0000 - 0x00007ff9e9db8000 	C:\Windows\SYSTEM32\CRYPTSP.dll
0x00007ff9e9690000 - 0x00007ff9e96c5000 	C:\Windows\system32\rsaenh.dll
0x00007ff9e9c50000 - 0x00007ff9e9c79000 	C:\Windows\SYSTEM32\USERENV.dll
0x00007ff9e9ff0000 - 0x00007ff9ea017000 	C:\Windows\SYSTEM32\bcrypt.dll
0x00007ff9e9dc0000 - 0x00007ff9e9dcc000 	C:\Windows\SYSTEM32\CRYPTBASE.dll
0x00007ff9e9250000 - 0x00007ff9e927d000 	C:\Windows\SYSTEM32\IPHLPAPI.DLL
0x00007ff9ec840000 - 0x00007ff9ec849000 	C:\Windows\System32\NSI.dll
0x00007ff9e15c0000 - 0x00007ff9e15d9000 	C:\Windows\SYSTEM32\dhcpcsvc6.DLL
0x00007ff9e2a80000 - 0x00007ff9e2a9e000 	C:\Windows\SYSTEM32\dhcpcsvc.DLL
0x00007ff9e9280000 - 0x00007ff9e9367000 	C:\Windows\SYSTEM32\DNSAPI.dll
0x00007ff9e1530000 - 0x00007ff9e153c000 	C:\Windows\SYSTEM32\WINNSI.DLL

dbghelp: loaded successfully - version: 4.0.5 - missing functions: none
symbol engine: initialized successfully - sym options: 0x614 - pdb path: .;C:\Program Files\Android\Android Studio\jre\bin;C:\Windows\SYSTEM32;C:\Windows\WinSxS\amd64_microsoft.windows.common-controls_6595b64144ccf1df_6.0.22000.120_none_9d947278b86cc467;C:\Program Files\Android\Android Studio\jre\bin\server;C:\Users\amirn\.gradle\native\f6784746aeab05261644944871eae4fe03e0ef1612fff0a4a95f87b438bc6780\windows-amd64

VM Arguments:
jvm_args: --add-opens=java.base/java.util=ALL-UNNAMED --add-opens=java.base/java.lang=ALL-UNNAMED --add-opens=java.base/java.lang.invoke=ALL-UNNAMED --add-opens=java.prefs/java.util.prefs=ALL-UNNAMED -Xmx2048m -Dfile.encoding=UTF-8 -Duser.country=US -Duser.language=en -Duser.variant 
java_command: org.gradle.launcher.daemon.bootstrap.GradleDaemon 6.5
java_class_path (initial): C:\Users\amirn\.gradle\wrapper\dists\gradle-6.5-bin\6nifqtx7604sqp1q6g8wikw7p\gradle-6.5\lib\gradle-launcher-6.5.jar
Launcher Type: SUN_STANDARD

[Global flags]
     intx CICompilerCount                          = 3                                         {product} {ergonomic}
     uint ConcGCThreads                            = 1                                         {product} {ergonomic}
     uint G1ConcRefinementThreads                  = 4                                         {product} {ergonomic}
   size_t G1HeapRegionSize                         = 1048576                                   {product} {ergonomic}
    uintx GCDrainStackTargetSize                   = 64                                        {product} {ergonomic}
   size_t InitialHeapSize                          = 134217728                                 {product} {ergonomic}
   size_t MarkStackSize                            = 4194304                                   {product} {ergonomic}
   size_t MaxHeapSize                              = 2147483648                                {product} {command line}
   size_t MaxNewSize                               = 1287651328                                {product} {ergonomic}
   size_t MinHeapDeltaBytes                        = 1048576                                   {product} {ergonomic}
    uintx NonNMethodCodeHeapSize                   = 5830732                                {pd product} {ergonomic}
    uintx NonProfiledCodeHeapSize                  = 122913754                              {pd product} {ergonomic}
    uintx ProfiledCodeHeapSize                     = 122913754                              {pd product} {ergonomic}
    uintx ReservedCodeCacheSize                    = 251658240                              {pd product} {ergonomic}
     bool SegmentedCodeCache                       = true                                      {product} {ergonomic}
     bool UseCompressedClassPointers               = true                                 {lp64_product} {ergonomic}
     bool UseCompressedOops                        = true                                 {lp64_product} {ergonomic}
     bool UseG1GC                                  = true                                      {product} {ergonomic}
     bool UseLargePagesIndividualAllocation        = false                                  {pd product} {ergonomic}

Logging:
Log output configuration:
 #0: stdout all=warning uptime,level,tags
 #1: stderr all=off uptime,level,tags

Environment Variables:
PATH=C:\Program Files (x86)\Common Files\Oracle\Java\javapath;C:\Program Files\Common Files\Oracle\Java\javapath;C:\Program Files (x86)\NVIDIA Corporation\PhysX\Common;C:\Windows\system32;C:\Windows;C:\Windows\System32\Wbem;C:\Windows\System32\WindowsPowerShell\v1.0\;C:\Windows\System32\OpenSSH\;C:\Program Files\Git\cmd;C:\Program Files\dotnet\;C:\Users\amirn\AppData\Local\Microsoft\WindowsApps;
USERNAME=iamnovinfar.ir
OS=Windows_NT
PROCESSOR_IDENTIFIER=AMD64 Family 16 Model 5 Stepping 2, AuthenticAMD



---------------  S Y S T E M  ---------------

OS: Windows 10 , 64 bit Build 22000 (10.0.22000.434)
OS uptime: 0 days 0:32 hours

CPU:total 4 (initial active 4) (4 cores per cpu, 1 threads per core) family 16 model 5 stepping 2 microcode 0x0, cmov, cx8, fxsr, mmx, sse, sse2, sse3, popcnt, mmxext, 3dnowpref, lzcnt, sse4a, tsc, tscinvbit, tscinv

Memory: 4k page, system-wide physical 8191M (1012M free)
TotalPageFile size 11647M (AvailPageFile size 2800M)
current process WorkingSet (physical memory assigned to process): 291M, peak: 291M
current process commit charge ("private bytes"): 325M, peak: 325M

vm_info: OpenJDK 64-Bit Server VM (11.0.11+9-b60-7590822) for windows-amd64 JRE (11.0.11+9-b60-7590822), built on Jul 29 2021 21:43:44 by "builder" with MS VC++ 14.0 (VS2015)

END.
