#
# A fatal error has been detected by the Java Runtime Environment:
#
#  EXCEPTION_ACCESS_VIOLATION (0xc0000005) at pc=0x00007ff9ae3d8eaf, pid=2920, tid=2144
#
# JRE version: OpenJDK Runtime Environment (11.0.11+9) (build 11.0.11+9-b60-7590822)
# Java VM: OpenJDK 64-Bit Server VM (11.0.11+9-b60-7590822, mixed mode, tiered, compressed oops, g1 gc, windows-amd64)
# Problematic frame:
# V  [jvm.dll+0x508eaf]
#
# No core dump will be written. Minidumps are not enabled by default on client versions of Windows
#
# If you would like to submit a bug report, please visit:
#   https://bugreport.java.com/bugreport/crash.jsp
#

---------------  S U M M A R Y ------------

Command Line: --add-opens=java.base/java.util=ALL-UNNAMED --add-opens=java.base/java.lang=ALL-UNNAMED --add-opens=java.base/java.lang.invoke=ALL-UNNAMED --add-opens=java.prefs/java.util.prefs=ALL-UNNAMED -Xmx2048m -Dfile.encoding=UTF-8 -Duser.country=US -Duser.language=en -Duser.variant org.gradle.launcher.daemon.bootstrap.GradleDaemon 6.5

Host: AMD Athlon(tm) II X4 620 Processor, 4 cores, 7G,  Windows 10 , 64 bit Build 22000 (10.0.22000.434)
Time: Mon Mar 21 18:57:54 2022 Iran Standard Time elapsed time: 68.479248 seconds (0d 0h 1m 8s)

---------------  T H R E A D  ---------------

Current thread (0x0000026120043800):  JavaThread "C2 CompilerThread0" daemon [_thread_in_native, id=2144, stack(0x000000e7bf000000,0x000000e7bf100000)]


Current CompileTask:
C2:  68479 10557       4       java.net.URLClassLoader::isSealed (70 bytes)

Stack: [0x000000e7bf000000,0x000000e7bf100000],  sp=0x000000e7bf0faf70,  free space=1003k
Native frames: (J=compiled Java code, j=interpreted, Vv=VM code, C=native code)
V  [jvm.dll+0x508eaf]
V  [jvm.dll+0x5086d4]
V  [jvm.dll+0x203d53]
V  [jvm.dll+0x1fdbac]
V  [jvm.dll+0x1fb35f]
V  [jvm.dll+0x183d6c]
V  [jvm.dll+0x209a57]
V  [jvm.dll+0x2082a1]
V  [jvm.dll+0x6ef58f]
V  [jvm.dll+0x6e80b5]
V  [jvm.dll+0x5f1036]
C  [ucrtbase.dll+0x26c0c]
C  [KERNEL32.DLL+0x154e0]
C  [ntdll.dll+0x485b]


siginfo: EXCEPTION_ACCESS_VIOLATION (0xc0000005), reading address 0xffffffffffffffff


Register to memory mapping:

RIP=0x00007ff9ae3d8eaf jvm.dll
RAX=0x00007ff9ae6b3c28 jvm.dll
RBX=0x000000e7bf0fb470 is pointing into the stack for thread: 0x0000026120043800
RCX=0x0000026128a972a0 points into unknown readable memory: 0x00007ff9ae6b1c28 | 28 1c 6b ae f9 7f 00 00
RDX=0x0000026125c85cdc points into unknown readable memory: 90 60 00 04
RSP=0x000000e7bf0faf70 is pointing into the stack for thread: 0x0000026120043800
RBP=0x000000e7bf0faff0 is pointing into the stack for thread: 0x0000026120043800
RSI=0x0000000000000066 is an unknown value
RDI=0x0000026128a972a0 points into unknown readable memory: 0x00007ff9ae6b1c28 | 28 1c 6b ae f9 7f 00 00
R8 =0x0000000000002000 is an unknown value
R9 =0x0 is NULL
R10=0x0000026126132420 points into unknown readable memory: 0xfff3ff95ff739dff | ff 9d 73 ff 95 ff f3 ff
R11=0x0000026125c85bb0 points into unknown readable memory: 0x0200000000000000 | 00 00 00 00 00 00 00 02
R12=0x0000026128a97ed8 points into unknown readable memory: 0x00007ff9ae6ce1b8 | b8 e1 6c ae f9 7f 00 00
R13=0x000000e7bf0fb018 is pointing into the stack for thread: 0x0000026120043800
R14=0x0000000000000002 is an unknown value
R15=0x000000e7bf0fb080 is pointing into the stack for thread: 0x0000026120043800


Registers:
RAX=0x00007ff9ae6b3c28, RBX=0x000000e7bf0fb470, RCX=0x0000026128a972a0, RDX=0x0000026125c85cdc
RSP=0x000000e7bf0faf70, RBP=0x000000e7bf0faff0, RSI=0x0000000000000066, RDI=0x0000026128a972a0
R8 =0x0000000000002000, R9 =0x0000000000000000, R10=0x0000026126132420, R11=0x0000026125c85bb0
R12=0x0000026128a97ed8, R13=0x000000e7bf0fb018, R14=0x0000000000000002, R15=0x000000e7bf0fb080
RIP=0x00007ff9ae3d8eaf, EFLAGS=0x0000000000010206

Top of Stack: (sp=0x000000e7bf0faf70)
0x000000e7bf0faf70:   000000e7bf0fb470 000000e7bf0faff0
0x000000e7bf0faf80:   00000261253b7858 00007ff9ae3da1e3
0x000000e7bf0faf90:   000000000000000d 0000000000000002
0x000000e7bf0fafa0:   000000e7bf0fb450 000000000000005f
0x000000e7bf0fafb0:   0000026120023ab0 0000000000000000
0x000000e7bf0fafc0:   000000e7bf0fb0d0 00007ff9ae3d86d4
0x000000e7bf0fafd0:   000000e7bf0fb450 00000261254bfff0
0x000000e7bf0fafe0:   0000000000000002 000000e7bf0fb080
0x000000e7bf0faff0:   0000026120023ab0 0000026100000080
0x000000e7bf0fb000:   0000026125c857a0 0000000000000067
0x000000e7bf0fb010:   000002610000000d 00007ff9ae742368
0x000000e7bf0fb020:   0000026120023ab0 0000026100000080
0x000000e7bf0fb030:   0000026125c85ba0 0000026120023ab0
0x000000e7bf0fb040:   0000026122fb05f0 0000000000058298
0x000000e7bf0fb050:   0000026122fb0640 0000026122fb85d8
0x000000e7bf0fb060:   0000026120023ab0 000000e700000004 

Instructions: (pc=0x00007ff9ae3d8eaf)
0x00007ff9ae3d8daf:   00 00 49 83 b8 a8 09 00 00 00 0f 85 c7 00 00 00
0x00007ff9ae3d8dbf:   f6 46 5a 04 0f 84 bd 00 00 00 49 8b 04 24 49 8b
0x00007ff9ae3d8dcf:   cc ff 10 3d fc 00 00 00 0f 85 a9 00 00 00 48 8b
0x00007ff9ae3d8ddf:   7c 24 60 49 8b d4 48 8b cf e8 73 49 00 00 84 c0
0x00007ff9ae3d8def:   0f 84 91 00 00 00 49 8b 44 24 08 49 8b d4 48 8b
0x00007ff9ae3d8dff:   cf 4c 8b 30 4d 8b c6 e8 35 ed fe ff 48 8b 4e 60
0x00007ff9ae3d8e0f:   48 85 c9 74 08 49 8b d4 e8 34 9b 0c 00 41 8b 4e
0x00007ff9ae3d8e1f:   28 8b c1 c1 e8 05 41 3b 45 10 72 0e 49 8b 45 00
0x00007ff9ae3d8e2f:   8b d1 49 8b cd ff 50 18 eb 25 83 e1 1f 41 b8 01
0x00007ff9ae3d8e3f:   00 00 00 41 d3 e0 8b c8 49 8b 45 18 48 8d 14 88
0x00007ff9ae3d8e4f:   8b 0c 88 8b c1 41 0b c8 89 0a 41 23 c0 75 20 8b
0x00007ff9ae3d8e5f:   7d 18 8d 47 01 89 45 18 3b 7d 08 72 0a 8b d7 48
0x00007ff9ae3d8e6f:   8b cd e8 ba 85 0c 00 48 8b 45 10 4c 89 34 f8 44
0x00007ff9ae3d8e7f:   8b 74 24 70 41 ff c6 44 3b 74 24 70 0f 83 eb 00
0x00007ff9ae3d8e8f:   00 00 49 8b 44 24 08 41 8b ce 41 ff c6 48 8b 3c
0x00007ff9ae3d8e9f:   c8 48 85 ff 0f 84 c3 00 00 00 48 8b 07 48 8b cf
0x00007ff9ae3d8eaf:   ff 90 a8 00 00 00 84 c0 74 32 48 8b 07 48 8b cf
0x00007ff9ae3d8ebf:   ff 50 10 84 c0 75 25 48 8b 47 08 8b 77 28 4c 8b
0x00007ff9ae3d8ecf:   38 3b 73 08 72 0a 8b d6 48 8b cb e8 51 85 0c 00
0x00007ff9ae3d8edf:   48 8b 43 10 49 8d 57 01 48 89 14 f0 8b 4f 28 8b
0x00007ff9ae3d8eef:   c1 c1 e8 05 41 3b 45 10 72 11 49 8b 45 00 8b d1
0x00007ff9ae3d8eff:   49 8b cd ff 50 18 45 33 c9 eb 20 83 e1 1f 41 b8
0x00007ff9ae3d8f0f:   01 00 00 00 41 d3 e0 8b c8 45 8b c8 49 8b 45 18
0x00007ff9ae3d8f1f:   44 23 0c 88 48 8d 14 88 44 09 02 8b 47 28 3b 43
0x00007ff9ae3d8f2f:   08 0f 83 ae 00 00 00 8b c8 48 8b 43 10 48 83 3c
0x00007ff9ae3d8f3f:   c8 00 0f 84 9d 00 00 00 45 85 c9 75 20 8b 75 18
0x00007ff9ae3d8f4f:   8d 46 01 89 45 18 3b 75 08 72 0a 8b d6 48 8b cd
0x00007ff9ae3d8f5f:   e8 cc 84 0c 00 48 8b 45 10 48 89 3c f0 44 3b 74
0x00007ff9ae3d8f6f:   24 70 0f 82 1a ff ff ff 4c 8b 7c 24 78 41 8b 44
0x00007ff9ae3d8f7f:   24 28 3b 43 08 73 0d 8b c8 48 8b 43 10 48 83 3c
0x00007ff9ae3d8f8f:   c8 00 75 30 48 8b 4c 24 60 49 8b d4 e8 70 2b 00
0x00007ff9ae3d8f9f:   00 41 8b 7c 24 28 48 8b f0 3b 7b 08 72 0a 8b d7 


Stack slot to memory mapping:
stack at sp + 0 slots: 0x000000e7bf0fb470 is pointing into the stack for thread: 0x0000026120043800
stack at sp + 1 slots: 0x000000e7bf0faff0 is pointing into the stack for thread: 0x0000026120043800
stack at sp + 2 slots: 0x00000261253b7858 points into unknown readable memory: 0x00007ff9ae6dffb0 | b0 ff 6d ae f9 7f 00 00
stack at sp + 3 slots: 0x00007ff9ae3da1e3 jvm.dll
stack at sp + 4 slots: 0x000000000000000d is an unknown value
stack at sp + 5 slots: 0x0000000000000002 is an unknown value
stack at sp + 6 slots: 0x000000e7bf0fb450 is pointing into the stack for thread: 0x0000026120043800
stack at sp + 7 slots: 0x000000000000005f is an unknown value


---------------  P R O C E S S  ---------------

Threads class SMR info:
_java_thread_list=0x000002612920c8a0, length=137, elements={
0x00000261044ab000, 0x000002612001c800, 0x0000026120022000, 0x00000261209b2800,
0x000002612003f800, 0x0000026120040800, 0x0000026120043800, 0x0000026120054000,
0x000002612006d800, 0x0000026120af4000, 0x0000026121961800, 0x0000026120ce0800,
0x00000261221d3000, 0x0000026121a9b000, 0x00000261220e5800, 0x0000026122397800,
0x0000026120c38000, 0x0000026121479800, 0x0000026120f77800, 0x0000026120f7b800,
0x0000026120f78000, 0x0000026120f7c800, 0x0000026120f79000, 0x0000026120f7a000,
0x0000026120f7e000, 0x0000026120f7a800, 0x0000026120f7d000, 0x0000026122e04000,
0x0000026122e03000, 0x0000026122dff000, 0x0000026122e00000, 0x0000026122e01800,
0x0000026122dfe000, 0x0000026122e02000, 0x0000026122e00800, 0x0000026122e09800,
0x0000026122e0b000, 0x0000026122e0a800, 0x0000026122e09000, 0x0000026122e05800,
0x0000026122e0c000, 0x0000026122e0d000, 0x0000026122e07000, 0x0000026122e08000,
0x0000026122b4a800, 0x0000026122b51000, 0x0000026122b4e800, 0x0000026122b4f800,
0x0000026122b4b800, 0x0000026122b4d000, 0x0000026122b52000, 0x0000026122b50800,
0x0000026122b4e000, 0x0000026122b4c000, 0x0000026122b55000, 0x0000026122b52800,
0x0000026122b56000, 0x0000026122b57800, 0x0000026122b53800, 0x0000026122b54800,
0x0000026122b58800, 0x0000026122b57000, 0x0000026122b59800, 0x000002612232f800,
0x000002612232d800, 0x000002612232b800, 0x0000026122332000, 0x000002612232d000,
0x000002612232e800, 0x0000026122330000, 0x0000026122331000, 0x000002612232c000,
0x0000026122336800, 0x0000026122338800, 0x0000026122333800, 0x0000026122334000,
0x0000026122335000, 0x0000026122336000, 0x0000026122337800, 0x0000026122332800,
0x0000026122339000, 0x000002612233a000, 0x00000261252d7800, 0x00000261252da800,
0x00000261252d9000, 0x00000261252da000, 0x00000261252d5000, 0x00000261252db800,
0x00000261252d6000, 0x00000261252dc800, 0x00000261252d6800, 0x00000261252dd000,
0x00000261252de000, 0x00000261252d8000, 0x00000261252df800, 0x00000261252e1000,
0x00000261252df000, 0x00000261252e0800, 0x00000261252e2000, 0x00000261252e3000,
0x00000261252e3800, 0x000002612327b800, 0x0000026123277800, 0x000002612327c000,
0x000002612327d000, 0x0000026123279800, 0x000002612327e000, 0x0000026123278000,
0x000002612327e800, 0x000002612327a800, 0x0000026123279000, 0x0000026123282000,
0x0000026123282800, 0x0000026123284800, 0x0000026123280800, 0x0000026123281000,
0x0000026123285000, 0x0000026123283800, 0x000002612327f800, 0x0000026123286000,
0x0000026125332800, 0x0000026125332000, 0x000002612532e000, 0x000002612532d000,
0x0000026125333800, 0x0000026125331000, 0x000002612532e800, 0x0000026126128800,
0x0000026126123800, 0x0000026126126000, 0x0000026126125000, 0x0000026126124800,
0x0000026126122800, 0x0000026126126800, 0x0000026126127800, 0x0000026126129000,
0x0000026125330000
}

Java Threads: ( => current thread )
  0x00000261044ab000 JavaThread "main" [_thread_blocked, id=2604, stack(0x000000e7be400000,0x000000e7be500000)]
  0x000002612001c800 JavaThread "Reference Handler" daemon [_thread_blocked, id=11172, stack(0x000000e7beb00000,0x000000e7bec00000)]
  0x0000026120022000 JavaThread "Finalizer" daemon [_thread_blocked, id=7572, stack(0x000000e7bec00000,0x000000e7bed00000)]
  0x00000261209b2800 JavaThread "Signal Dispatcher" daemon [_thread_blocked, id=3196, stack(0x000000e7bed00000,0x000000e7bee00000)]
  0x000002612003f800 JavaThread "Attach Listener" daemon [_thread_blocked, id=9368, stack(0x000000e7bee00000,0x000000e7bef00000)]
  0x0000026120040800 JavaThread "Service Thread" daemon [_thread_blocked, id=224, stack(0x000000e7bef00000,0x000000e7bf000000)]
=>0x0000026120043800 JavaThread "C2 CompilerThread0" daemon [_thread_in_native, id=2144, stack(0x000000e7bf000000,0x000000e7bf100000)]
  0x0000026120054000 JavaThread "C1 CompilerThread0" daemon [_thread_blocked, id=10692, stack(0x000000e7bf100000,0x000000e7bf200000)]
  0x000002612006d800 JavaThread "Sweeper thread" daemon [_thread_blocked, id=3036, stack(0x000000e7bf200000,0x000000e7bf300000)]
  0x0000026120af4000 JavaThread "Common-Cleaner" daemon [_thread_blocked, id=624, stack(0x000000e7bf300000,0x000000e7bf400000)]
  0x0000026121961800 JavaThread "Daemon health stats" [_thread_blocked, id=3576, stack(0x000000e7bf700000,0x000000e7bf800000)]
  0x0000026120ce0800 JavaThread "Incoming local TCP Connector on port 51179" [_thread_in_native, id=9700, stack(0x000000e7bfa00000,0x000000e7bfb00000)]
  0x00000261221d3000 JavaThread "Daemon periodic checks" [_thread_blocked, id=5976, stack(0x000000e7bfb00000,0x000000e7bfc00000)]
  0x0000026121a9b000 JavaThread "Daemon" [_thread_blocked, id=11156, stack(0x000000e7bfc00000,0x000000e7bfd00000)]
  0x00000261220e5800 JavaThread "Handler for socket connection from /127.0.0.1:51179 to /127.0.0.1:51180" [_thread_in_native, id=2508, stack(0x000000e7bfd00000,0x000000e7bfe00000)]
  0x0000026122397800 JavaThread "Cancel handler" [_thread_blocked, id=10372, stack(0x000000e7bfe00000,0x000000e7bff00000)]
  0x0000026120c38000 JavaThread "Daemon worker" [_thread_blocked, id=10600, stack(0x000000e7bff00000,0x000000e7c0000000)]
  0x0000026121479800 JavaThread "Asynchronous log dispatcher for DefaultDaemonConnection: socket connection from /127.0.0.1:51179 to /127.0.0.1:51180" [_thread_blocked, id=10404, stack(0x000000e7c0100000,0x000000e7c0200000)]
  0x0000026120f77800 JavaThread "Thread-8" [_thread_blocked, id=11212, stack(0x000000e7c0300000,0x000000e7c0400000)]
  0x0000026120f7b800 JavaThread "Cache worker for journal cache (C:\Users\amirn\.gradle\caches\journal-1)" [_thread_blocked, id=10452, stack(0x000000e7c0400000,0x000000e7c0500000)]
  0x0000026120f78000 JavaThread "File lock request listener" [_thread_in_native, id=804, stack(0x000000e7c0500000,0x000000e7c0600000)]
  0x0000026120f7c800 JavaThread "Cache worker for file hash cache (C:\Users\amirn\.gradle\caches\6.5\fileHashes)" [_thread_blocked, id=6568, stack(0x000000e7c0600000,0x000000e7c0700000)]
  0x0000026120f79000 JavaThread "Cache worker for file hash cache (C:\Users\amirn\Desktop\Shorten-Link-App\.gradle\6.5\fileHashes)" [_thread_blocked, id=9712, stack(0x000000e7c0800000,0x000000e7c0900000)]
  0x0000026120f7a000 JavaThread "jar transforms" [_thread_blocked, id=9444, stack(0x000000e7c0700000,0x000000e7c0800000)]
  0x0000026120f7e000 JavaThread "jar transforms Thread 2" [_thread_blocked, id=1620, stack(0x000000e7c0900000,0x000000e7c0a00000)]
  0x0000026120f7a800 JavaThread "jar transforms Thread 3" [_thread_blocked, id=5744, stack(0x000000e7c0a00000,0x000000e7c0b00000)]
  0x0000026120f7d000 JavaThread "jar transforms Thread 4" [_thread_blocked, id=11112, stack(0x000000e7c0c00000,0x000000e7c0d00000)]
  0x0000026122e04000 JavaThread "jar transforms Thread 5" [_thread_blocked, id=6424, stack(0x000000e7c0d00000,0x000000e7c0e00000)]
  0x0000026122e03000 JavaThread "Cache worker for checksums cache (C:\Users\amirn\Desktop\Shorten-Link-App\.gradle\checksums)" [_thread_blocked, id=6152, stack(0x000000e7c0e00000,0x000000e7c0f00000)]
  0x0000026122dff000 JavaThread "Cache worker for cache directory md-supplier (C:\Users\amirn\.gradle\caches\6.5\md-supplier)" [_thread_blocked, id=9604, stack(0x000000e7c0b00000,0x000000e7c0c00000)]
  0x0000026122e00000 JavaThread "Cache worker for cache directory md-rule (C:\Users\amirn\.gradle\caches\6.5\md-rule)" [_thread_blocked, id=11040, stack(0x000000e7c0f00000,0x000000e7c1000000)]
  0x0000026122e01800 JavaThread "Cache worker for execution history cache (C:\Users\amirn\.gradle\caches\6.5\executionHistory)" [_thread_blocked, id=812, stack(0x000000e7c1000000,0x000000e7c1100000)]
  0x0000026122dfe000 JavaThread "Cache worker for file content cache (C:\Users\amirn\.gradle\caches\6.5\fileContent)" [_thread_blocked, id=4940, stack(0x000000e7c1200000,0x000000e7c1300000)]
  0x0000026122e02000 JavaThread "Build operations" [_thread_blocked, id=6832, stack(0x000000e7c1100000,0x000000e7c1200000)]
  0x0000026122e00800 JavaThread "Build operations Thread 2" [_thread_blocked, id=256, stack(0x000000e7c1300000,0x000000e7c1400000)]
  0x0000026122e09800 JavaThread "Build operations Thread 3" [_thread_blocked, id=10864, stack(0x000000e7c1400000,0x000000e7c1500000)]
  0x0000026122e0b000 JavaThread "Build operations Thread 4" [_thread_blocked, id=10788, stack(0x000000e7c1500000,0x000000e7c1600000)]
  0x0000026122e0a800 JavaThread "jar transforms Thread 6" [_thread_blocked, id=10216, stack(0x000000e7c1700000,0x000000e7c1800000)]
  0x0000026122e09000 JavaThread "jar transforms Thread 7" [_thread_blocked, id=9540, stack(0x000000e7c1800000,0x000000e7c1900000)]
  0x0000026122e05800 JavaThread "jar transforms Thread 8" [_thread_blocked, id=8840, stack(0x000000e7c1900000,0x000000e7c1a00000)]
  0x0000026122e0c000 JavaThread "jar transforms Thread 9" [_thread_blocked, id=10336, stack(0x000000e7c1a00000,0x000000e7c1b00000)]
  0x0000026122e0d000 JavaThread "jar transforms Thread 10" [_thread_blocked, id=5568, stack(0x000000e7c1b00000,0x000000e7c1c00000)]
  0x0000026122e07000 JavaThread "jar transforms Thread 11" [_thread_blocked, id=7404, stack(0x000000e7c1c00000,0x000000e7c1d00000)]
  0x0000026122e08000 JavaThread "jar transforms Thread 12" [_thread_blocked, id=10368, stack(0x000000e7c1d00000,0x000000e7c1e00000)]
  0x0000026122b4a800 JavaThread "jar transforms Thread 13" [_thread_blocked, id=8736, stack(0x000000e7c1e00000,0x000000e7c1f00000)]
  0x0000026122b51000 JavaThread "jar transforms Thread 14" [_thread_blocked, id=3240, stack(0x000000e7c1f00000,0x000000e7c2000000)]
  0x0000026122b4e800 JavaThread "jar transforms Thread 15" [_thread_blocked, id=2028, stack(0x000000e7c2000000,0x000000e7c2100000)]
  0x0000026122b4f800 JavaThread "jar transforms Thread 16" [_thread_blocked, id=11236, stack(0x000000e7c2100000,0x000000e7c2200000)]
  0x0000026122b4b800 JavaThread "jar transforms Thread 17" [_thread_blocked, id=5560, stack(0x000000e7c2200000,0x000000e7c2300000)]
  0x0000026122b4d000 JavaThread "jar transforms Thread 18" [_thread_blocked, id=6304, stack(0x000000e7c2300000,0x000000e7c2400000)]
  0x0000026122b52000 JavaThread "jar transforms Thread 19" [_thread_blocked, id=10052, stack(0x000000e7c2400000,0x000000e7c2500000)]
  0x0000026122b50800 JavaThread "jar transforms Thread 20" [_thread_blocked, id=4776, stack(0x000000e7c2500000,0x000000e7c2600000)]
  0x0000026122b4e000 JavaThread "jar transforms Thread 21" [_thread_blocked, id=7744, stack(0x000000e7c2600000,0x000000e7c2700000)]
  0x0000026122b4c000 JavaThread "jar transforms Thread 22" [_thread_blocked, id=10120, stack(0x000000e7c2700000,0x000000e7c2800000)]
  0x0000026122b55000 JavaThread "jar transforms Thread 23" [_thread_blocked, id=5996, stack(0x000000e7c2800000,0x000000e7c2900000)]
  0x0000026122b52800 JavaThread "jar transforms Thread 24" [_thread_blocked, id=7780, stack(0x000000e7c2900000,0x000000e7c2a00000)]
  0x0000026122b56000 JavaThread "jar transforms Thread 25" [_thread_blocked, id=424, stack(0x000000e7c2a00000,0x000000e7c2b00000)]
  0x0000026122b57800 JavaThread "jar transforms Thread 26" [_thread_blocked, id=10916, stack(0x000000e7c2b00000,0x000000e7c2c00000)]
  0x0000026122b53800 JavaThread "jar transforms Thread 27" [_thread_blocked, id=9660, stack(0x000000e7c2c00000,0x000000e7c2d00000)]
  0x0000026122b54800 JavaThread "jar transforms Thread 28" [_thread_blocked, id=2100, stack(0x000000e7c2d00000,0x000000e7c2e00000)]
  0x0000026122b58800 JavaThread "jar transforms Thread 29" [_thread_blocked, id=10880, stack(0x000000e7c2e00000,0x000000e7c2f00000)]
  0x0000026122b57000 JavaThread "jar transforms Thread 30" [_thread_blocked, id=5584, stack(0x000000e7c2f00000,0x000000e7c3000000)]
  0x0000026122b59800 JavaThread "jar transforms Thread 31" [_thread_blocked, id=2820, stack(0x000000e7c3000000,0x000000e7c3100000)]
  0x000002612232f800 JavaThread "jar transforms Thread 32" [_thread_blocked, id=360, stack(0x000000e7c3100000,0x000000e7c3200000)]
  0x000002612232d800 JavaThread "jar transforms Thread 33" [_thread_blocked, id=10992, stack(0x000000e7c3200000,0x000000e7c3300000)]
  0x000002612232b800 JavaThread "jar transforms Thread 34" [_thread_blocked, id=3000, stack(0x000000e7c3300000,0x000000e7c3400000)]
  0x0000026122332000 JavaThread "jar transforms Thread 35" [_thread_blocked, id=5612, stack(0x000000e7c3400000,0x000000e7c3500000)]
  0x000002612232d000 JavaThread "jar transforms Thread 36" [_thread_blocked, id=1056, stack(0x000000e7c3500000,0x000000e7c3600000)]
  0x000002612232e800 JavaThread "jar transforms Thread 37" [_thread_blocked, id=6104, stack(0x000000e7c3600000,0x000000e7c3700000)]
  0x0000026122330000 JavaThread "jar transforms Thread 38" [_thread_blocked, id=10732, stack(0x000000e7c3700000,0x000000e7c3800000)]
  0x0000026122331000 JavaThread "jar transforms Thread 39" [_thread_blocked, id=9696, stack(0x000000e7c3800000,0x000000e7c3900000)]
  0x000002612232c000 JavaThread "jar transforms Thread 40" [_thread_blocked, id=8820, stack(0x000000e7c3900000,0x000000e7c3a00000)]
  0x0000026122336800 JavaThread "jar transforms Thread 41" [_thread_blocked, id=10728, stack(0x000000e7c3a00000,0x000000e7c3b00000)]
  0x0000026122338800 JavaThread "jar transforms Thread 42" [_thread_blocked, id=10348, stack(0x000000e7c3b00000,0x000000e7c3c00000)]
  0x0000026122333800 JavaThread "jar transforms Thread 43" [_thread_blocked, id=11064, stack(0x000000e7c3c00000,0x000000e7c3d00000)]
  0x0000026122334000 JavaThread "jar transforms Thread 44" [_thread_blocked, id=10588, stack(0x000000e7c3d00000,0x000000e7c3e00000)]
  0x0000026122335000 JavaThread "jar transforms Thread 45" [_thread_blocked, id=1624, stack(0x000000e7c3e00000,0x000000e7c3f00000)]
  0x0000026122336000 JavaThread "jar transforms Thread 46" [_thread_blocked, id=3556, stack(0x000000e7c3f00000,0x000000e7c4000000)]
  0x0000026122337800 JavaThread "jar transforms Thread 47" [_thread_blocked, id=10280, stack(0x000000e7c4000000,0x000000e7c4100000)]
  0x0000026122332800 JavaThread "jar transforms Thread 48" [_thread_blocked, id=11148, stack(0x000000e7c4100000,0x000000e7c4200000)]
  0x0000026122339000 JavaThread "jar transforms Thread 49" [_thread_blocked, id=10988, stack(0x000000e7c4200000,0x000000e7c4300000)]
  0x000002612233a000 JavaThread "jar transforms Thread 50" [_thread_blocked, id=9892, stack(0x000000e7c4300000,0x000000e7c4400000)]
  0x00000261252d7800 JavaThread "jar transforms Thread 51" [_thread_blocked, id=9752, stack(0x000000e7c4400000,0x000000e7c4500000)]
  0x00000261252da800 JavaThread "jar transforms Thread 52" [_thread_blocked, id=10328, stack(0x000000e7c4500000,0x000000e7c4600000)]
  0x00000261252d9000 JavaThread "jar transforms Thread 53" [_thread_blocked, id=6408, stack(0x000000e7c4600000,0x000000e7c4700000)]
  0x00000261252da000 JavaThread "jar transforms Thread 54" [_thread_blocked, id=8072, stack(0x000000e7c4700000,0x000000e7c4800000)]
  0x00000261252d5000 JavaThread "jar transforms Thread 55" [_thread_blocked, id=5240, stack(0x000000e7c4800000,0x000000e7c4900000)]
  0x00000261252db800 JavaThread "jar transforms Thread 56" [_thread_blocked, id=5800, stack(0x000000e7c4900000,0x000000e7c4a00000)]
  0x00000261252d6000 JavaThread "jar transforms Thread 57" [_thread_blocked, id=9768, stack(0x000000e7c4a00000,0x000000e7c4b00000)]
  0x00000261252dc800 JavaThread "jar transforms Thread 58" [_thread_blocked, id=7848, stack(0x000000e7c4b00000,0x000000e7c4c00000)]
  0x00000261252d6800 JavaThread "jar transforms Thread 59" [_thread_blocked, id=2152, stack(0x000000e7c4c00000,0x000000e7c4d00000)]
  0x00000261252dd000 JavaThread "jar transforms Thread 60" [_thread_blocked, id=7600, stack(0x000000e7c4d00000,0x000000e7c4e00000)]
  0x00000261252de000 JavaThread "jar transforms Thread 61" [_thread_blocked, id=10060, stack(0x000000e7c4e00000,0x000000e7c4f00000)]
  0x00000261252d8000 JavaThread "jar transforms Thread 62" [_thread_blocked, id=10388, stack(0x000000e7c4f00000,0x000000e7c5000000)]
  0x00000261252df800 JavaThread "jar transforms Thread 63" [_thread_blocked, id=10488, stack(0x000000e7c5000000,0x000000e7c5100000)]
  0x00000261252e1000 JavaThread "jar transforms Thread 64" [_thread_blocked, id=5192, stack(0x000000e7c5100000,0x000000e7c5200000)]
  0x00000261252df000 JavaThread "jar transforms Thread 65" [_thread_blocked, id=7184, stack(0x000000e7c5200000,0x000000e7c5300000)]
  0x00000261252e0800 JavaThread "jar transforms Thread 66" [_thread_blocked, id=5288, stack(0x000000e7c5300000,0x000000e7c5400000)]
  0x00000261252e2000 JavaThread "jar transforms Thread 67" [_thread_blocked, id=10436, stack(0x000000e7c5400000,0x000000e7c5500000)]
  0x00000261252e3000 JavaThread "jar transforms Thread 68" [_thread_blocked, id=2956, stack(0x000000e7c5500000,0x000000e7c5600000)]
  0x00000261252e3800 JavaThread "jar transforms Thread 69" [_thread_blocked, id=5752, stack(0x000000e7c5600000,0x000000e7c5700000)]
  0x000002612327b800 JavaThread "jar transforms Thread 70" [_thread_blocked, id=10568, stack(0x000000e7c5700000,0x000000e7c5800000)]
  0x0000026123277800 JavaThread "jar transforms Thread 71" [_thread_blocked, id=2496, stack(0x000000e7c5800000,0x000000e7c5900000)]
  0x000002612327c000 JavaThread "jar transforms Thread 72" [_thread_blocked, id=1456, stack(0x000000e7c5900000,0x000000e7c5a00000)]
  0x000002612327d000 JavaThread "jar transforms Thread 73" [_thread_blocked, id=9000, stack(0x000000e7c5a00000,0x000000e7c5b00000)]
  0x0000026123279800 JavaThread "jar transforms Thread 74" [_thread_blocked, id=9776, stack(0x000000e7c5b00000,0x000000e7c5c00000)]
  0x000002612327e000 JavaThread "jar transforms Thread 75" [_thread_blocked, id=4988, stack(0x000000e7c5c00000,0x000000e7c5d00000)]
  0x0000026123278000 JavaThread "jar transforms Thread 76" [_thread_blocked, id=6956, stack(0x000000e7c5d00000,0x000000e7c5e00000)]
  0x000002612327e800 JavaThread "jar transforms Thread 77" [_thread_blocked, id=11232, stack(0x000000e7c5e00000,0x000000e7c5f00000)]
  0x000002612327a800 JavaThread "jar transforms Thread 78" [_thread_blocked, id=7944, stack(0x000000e7c5f00000,0x000000e7c6000000)]
  0x0000026123279000 JavaThread "jar transforms Thread 79" [_thread_blocked, id=11152, stack(0x000000e7c6000000,0x000000e7c6100000)]
  0x0000026123282000 JavaThread "jar transforms Thread 80" [_thread_blocked, id=10596, stack(0x000000e7c6100000,0x000000e7c6200000)]
  0x0000026123282800 JavaThread "jar transforms Thread 81" [_thread_blocked, id=5916, stack(0x000000e7c6200000,0x000000e7c6300000)]
  0x0000026123284800 JavaThread "jar transforms Thread 82" [_thread_blocked, id=9456, stack(0x000000e7c6300000,0x000000e7c6400000)]
  0x0000026123280800 JavaThread "jar transforms Thread 83" [_thread_blocked, id=7256, stack(0x000000e7c6400000,0x000000e7c6500000)]
  0x0000026123281000 JavaThread "jar transforms Thread 84" [_thread_blocked, id=9704, stack(0x000000e7c6500000,0x000000e7c6600000)]
  0x0000026123285000 JavaThread "jar transforms Thread 85" [_thread_blocked, id=5880, stack(0x000000e7c6600000,0x000000e7c6700000)]
  0x0000026123283800 JavaThread "jar transforms Thread 86" [_thread_blocked, id=10224, stack(0x000000e7c6700000,0x000000e7c6800000)]
  0x000002612327f800 JavaThread "jar transforms Thread 87" [_thread_blocked, id=8592, stack(0x000000e7c6800000,0x000000e7c6900000)]
  0x0000026123286000 JavaThread "jar transforms Thread 88" [_thread_blocked, id=8680, stack(0x000000e7c6900000,0x000000e7c6a00000)]
  0x0000026125332800 JavaThread "Cache worker for Build Output Cleanup Cache (C:\Users\amirn\Desktop\Shorten-Link-App\.gradle\buildOutputCleanup)" [_thread_blocked, id=9408, stack(0x000000e7c1600000,0x000000e7c1700000)]
  0x0000026125332000 JavaThread "Memory manager" [_thread_blocked, id=9852, stack(0x000000e7c6b00000,0x000000e7c6c00000)]
  0x000002612532e000 JavaThread "Cache worker for file content cache (C:\Users\amirn\Desktop\Shorten-Link-App\.gradle\6.5\fileContent)" [_thread_blocked, id=10004, stack(0x000000e7c6c00000,0x000000e7c6d00000)]
  0x000002612532d000 JavaThread "Execution worker for ':'" [_thread_blocked, id=8988, stack(0x000000e7c6d00000,0x000000e7c6e00000)]
  0x0000026125333800 JavaThread "Execution worker for ':' Thread 2" [_thread_blocked, id=9528, stack(0x000000e7c6e00000,0x000000e7c6f00000)]
  0x0000026125331000 JavaThread "Execution worker for ':' Thread 3" [_thread_blocked, id=10028, stack(0x000000e7c6f00000,0x000000e7c7000000)]
  0x000002612532e800 JavaThread "Cache worker for execution history cache (C:\Users\amirn\Desktop\Shorten-Link-App\.gradle\6.5\executionHistory)" [_thread_blocked, id=312, stack(0x000000e7c7000000,0x000000e7c7100000)]
  0x0000026126128800 JavaThread "Cache worker for Java compile cache (C:\Users\amirn\.gradle\caches\6.5\javaCompile)" [_thread_blocked, id=1168, stack(0x000000e7c7100000,0x000000e7c7200000)]
  0x0000026126123800 JavaThread "Cache worker for Java compile cache (C:\Users\amirn\Desktop\Shorten-Link-App\.gradle\6.5\javaCompile)" [_thread_blocked, id=6904, stack(0x000000e7c7200000,0x000000e7c7300000)]
  0x0000026126126000 JavaThread "WorkerExecutor Queue" [_thread_in_native, id=11744, stack(0x000000e7c6a00000,0x000000e7c6b00000)]
  0x0000026126125000 JavaThread "ForkJoinPool.commonPool-worker-3" daemon [_thread_blocked, id=11804, stack(0x000000e7c7300000,0x000000e7c7400000)]
  0x0000026126124800 JavaThread "ForkJoinPool.commonPool-worker-5" daemon [_thread_blocked, id=11808, stack(0x000000e7c7400000,0x000000e7c7500000)]
  0x0000026126122800 JavaThread "ForkJoinPool.commonPool-worker-7" daemon [_thread_blocked, id=11812, stack(0x000000e7c7500000,0x000000e7c7600000)]
  0x0000026126126800 JavaThread "WorkerExecutor Queue Thread 2" [_thread_blocked, id=11948, stack(0x000000e7be100000,0x000000e7be200000)]
  0x0000026126127800 JavaThread "WorkerExecutor Queue Thread 3" [_thread_blocked, id=11952, stack(0x000000e7be200000,0x000000e7be300000)]
  0x0000026126129000 JavaThread "WorkerExecutor Queue Thread 4" [_thread_in_native, id=11956, stack(0x000000e7be300000,0x000000e7be400000)]
  0x0000026125330000 JavaThread "WorkerExecutor Queue Thread 5" [_thread_blocked, id=11960, stack(0x000000e7c7600000,0x000000e7c7700000)]

Other Threads:
  0x0000026120017000 VMThread "VM Thread" [stack: 0x000000e7bea00000,0x000000e7beb00000] [id=10944]
  0x0000026120b26800 WatcherThread [stack: 0x000000e7bf400000,0x000000e7bf500000] [id=10460]
  0x00000261044c5800 GCTaskThread "GC Thread#0" [stack: 0x000000e7be500000,0x000000e7be600000] [id=5048]
  0x000002612109a800 GCTaskThread "GC Thread#1" [stack: 0x000000e7bf500000,0x000000e7bf600000] [id=304]
  0x00000261210de000 GCTaskThread "GC Thread#2" [stack: 0x000000e7bf600000,0x000000e7bf700000] [id=416]
  0x00000261218c2000 GCTaskThread "GC Thread#3" [stack: 0x000000e7c0000000,0x000000e7c0100000] [id=10308]
  0x00000261044f5800 ConcurrentGCThread "G1 Main Marker" [stack: 0x000000e7be600000,0x000000e7be700000] [id=3756]
  0x00000261044f6800 ConcurrentGCThread "G1 Conc#0" [stack: 0x000000e7be700000,0x000000e7be800000] [id=3436]
  0x0000026104588000 ConcurrentGCThread "G1 Refine#0" [stack: 0x000000e7be800000,0x000000e7be900000] [id=8532]
  0x0000026104589000 ConcurrentGCThread "G1 Young RemSet Sampling" [stack: 0x000000e7be900000,0x000000e7bea00000] [id=10508]

Threads with active compile tasks:
C2 CompilerThread0  68554 10557       4       java.net.URLClassLoader::isSealed (70 bytes)

VM state:not at safepoint (normal execution)

VM Mutex/Monitor currently owned by a thread: None

Heap address: 0x0000000080000000, size: 2048 MB, Compressed Oops mode: 32-bit
Narrow klass base: 0x0000000000000000, Narrow klass shift: 3
Compressed class space size: 1073741824 Address: 0x0000000100000000

Heap:
 garbage-first heap   total 157696K, used 118570K [0x0000000080000000, 0x0000000100000000)
  region size 1024K, 39 young (39936K), 6 survivors (6144K)
 Metaspace       used 86487K, capacity 88844K, committed 89084K, reserved 1126400K
  class space    used 11152K, capacity 12039K, committed 12160K, reserved 1048576K
Heap Regions: E=young(eden), S=young(survivor), O=old, HS=humongous(starts), HC=humongous(continues), CS=collection set, F=free, A=archive, TAMS=top-at-mark-start (previous, next)
|   0|0x0000000080000000, 0x0000000080100000, 0x0000000080100000|100%| O|  |TAMS 0x0000000080100000, 0x0000000080000000| Untracked 
|   1|0x0000000080100000, 0x0000000080200000, 0x0000000080200000|100%| O|  |TAMS 0x0000000080200000, 0x0000000080100000| Untracked 
|   2|0x0000000080200000, 0x0000000080300000, 0x0000000080300000|100%| O|  |TAMS 0x0000000080300000, 0x0000000080200000| Untracked 
|   3|0x0000000080300000, 0x0000000080400000, 0x0000000080400000|100%|HS|  |TAMS 0x0000000080400000, 0x0000000080300000| Complete 
|   4|0x0000000080400000, 0x0000000080500000, 0x0000000080500000|100%|HC|  |TAMS 0x0000000080500000, 0x0000000080400000| Complete 
|   5|0x0000000080500000, 0x0000000080600000, 0x0000000080600000|100%|HC|  |TAMS 0x0000000080600000, 0x0000000080500000| Complete 
|   6|0x0000000080600000, 0x0000000080700000, 0x0000000080700000|100%| O|  |TAMS 0x0000000080700000, 0x0000000080600000| Untracked 
|   7|0x0000000080700000, 0x0000000080800000, 0x0000000080800000|100%| O|  |TAMS 0x0000000080800000, 0x0000000080700000| Untracked 
|   8|0x0000000080800000, 0x0000000080900000, 0x0000000080900000|100%| O|  |TAMS 0x0000000080900000, 0x0000000080800000| Untracked 
|   9|0x0000000080900000, 0x0000000080a00000, 0x0000000080a00000|100%| O|  |TAMS 0x0000000080a00000, 0x0000000080900000| Untracked 
|  10|0x0000000080a00000, 0x0000000080b00000, 0x0000000080b00000|100%| O|  |TAMS 0x0000000080b00000, 0x0000000080a00000| Untracked 
|  11|0x0000000080b00000, 0x0000000080c00000, 0x0000000080c00000|100%| O|  |TAMS 0x0000000080c00000, 0x0000000080b00000| Untracked 
|  12|0x0000000080c00000, 0x0000000080d00000, 0x0000000080d00000|100%| O|  |TAMS 0x0000000080d00000, 0x0000000080c00000| Untracked 
|  13|0x0000000080d00000, 0x0000000080e00000, 0x0000000080e00000|100%|HS|  |TAMS 0x0000000080e00000, 0x0000000080d00000| Complete 
|  14|0x0000000080e00000, 0x0000000080f00000, 0x0000000080f00000|100%|HC|  |TAMS 0x0000000080f00000, 0x0000000080e00000| Complete 
|  15|0x0000000080f00000, 0x0000000081000000, 0x0000000081000000|100%|HS|  |TAMS 0x0000000081000000, 0x0000000080f00000| Complete 
|  16|0x0000000081000000, 0x0000000081100000, 0x0000000081100000|100%|HC|  |TAMS 0x0000000081100000, 0x0000000081000000| Complete 
|  17|0x0000000081100000, 0x0000000081200000, 0x0000000081200000|100%|HC|  |TAMS 0x0000000081200000, 0x0000000081100000| Complete 
|  18|0x0000000081200000, 0x0000000081300000, 0x0000000081300000|100%|HS|  |TAMS 0x0000000081300000, 0x0000000081200000| Complete 
|  19|0x0000000081300000, 0x0000000081400000, 0x0000000081400000|100%|HC|  |TAMS 0x0000000081400000, 0x0000000081300000| Complete 
|  20|0x0000000081400000, 0x0000000081500000, 0x0000000081500000|100%|HC|  |TAMS 0x0000000081500000, 0x0000000081400000| Complete 
|  21|0x0000000081500000, 0x0000000081600000, 0x0000000081600000|100%|HC|  |TAMS 0x0000000081600000, 0x0000000081500000| Complete 
|  22|0x0000000081600000, 0x0000000081700000, 0x0000000081700000|100%| O|  |TAMS 0x0000000081700000, 0x0000000081600000| Untracked 
|  23|0x0000000081700000, 0x0000000081800000, 0x0000000081800000|100%| O|  |TAMS 0x0000000081800000, 0x0000000081700000| Untracked 
|  24|0x0000000081800000, 0x0000000081900000, 0x0000000081900000|100%| O|  |TAMS 0x0000000081900000, 0x0000000081800000| Untracked 
|  25|0x0000000081900000, 0x0000000081a00000, 0x0000000081a00000|100%| O|  |TAMS 0x0000000081a00000, 0x0000000081900000| Untracked 
|  26|0x0000000081a00000, 0x0000000081b00000, 0x0000000081b00000|100%| O|  |TAMS 0x0000000081b00000, 0x0000000081a00000| Untracked 
|  27|0x0000000081b00000, 0x0000000081c00000, 0x0000000081c00000|100%| O|  |TAMS 0x0000000081c00000, 0x0000000081b00000| Untracked 
|  28|0x0000000081c00000, 0x0000000081d00000, 0x0000000081d00000|100%| O|  |TAMS 0x0000000081d00000, 0x0000000081c00000| Untracked 
|  29|0x0000000081d00000, 0x0000000081e00000, 0x0000000081e00000|100%| O|  |TAMS 0x0000000081e00000, 0x0000000081d00000| Untracked 
|  30|0x0000000081e00000, 0x0000000081f00000, 0x0000000081f00000|100%| O|  |TAMS 0x0000000081f00000, 0x0000000081e00000| Untracked 
|  31|0x0000000081f00000, 0x0000000082000000, 0x0000000082000000|100%| O|  |TAMS 0x0000000082000000, 0x0000000081f00000| Untracked 
|  32|0x0000000082000000, 0x0000000082100000, 0x0000000082100000|100%|HS|  |TAMS 0x0000000082100000, 0x0000000082000000| Complete 
|  33|0x0000000082100000, 0x0000000082200000, 0x0000000082200000|100%|HC|  |TAMS 0x0000000082200000, 0x0000000082100000| Complete 
|  34|0x0000000082200000, 0x0000000082300000, 0x0000000082300000|100%|HC|  |TAMS 0x0000000082300000, 0x0000000082200000| Complete 
|  35|0x0000000082300000, 0x0000000082400000, 0x0000000082400000|100%|HS|  |TAMS 0x0000000082400000, 0x0000000082300000| Complete 
|  36|0x0000000082400000, 0x0000000082500000, 0x0000000082500000|100%|HC|  |TAMS 0x0000000082500000, 0x0000000082400000| Complete 
|  37|0x0000000082500000, 0x0000000082600000, 0x0000000082600000|100%| O|  |TAMS 0x0000000082600000, 0x0000000082500000| Untracked 
|  38|0x0000000082600000, 0x0000000082700000, 0x0000000082700000|100%| O|  |TAMS 0x0000000082700000, 0x0000000082600000| Untracked 
|  39|0x0000000082700000, 0x0000000082800000, 0x0000000082800000|100%| O|  |TAMS 0x0000000082800000, 0x0000000082700000| Untracked 
|  40|0x0000000082800000, 0x0000000082900000, 0x0000000082900000|100%| O|  |TAMS 0x0000000082900000, 0x0000000082800000| Untracked 
|  41|0x0000000082900000, 0x0000000082a00000, 0x0000000082a00000|100%| O|  |TAMS 0x0000000082a00000, 0x0000000082900000| Untracked 
|  42|0x0000000082a00000, 0x0000000082b00000, 0x0000000082b00000|100%| O|  |TAMS 0x0000000082b00000, 0x0000000082a00000| Untracked 
|  43|0x0000000082b00000, 0x0000000082c00000, 0x0000000082c00000|100%| O|  |TAMS 0x0000000082c00000, 0x0000000082b00000| Untracked 
|  44|0x0000000082c00000, 0x0000000082d00000, 0x0000000082d00000|100%| O|  |TAMS 0x0000000082d00000, 0x0000000082c00000| Untracked 
|  45|0x0000000082d00000, 0x0000000082e00000, 0x0000000082e00000|100%| O|  |TAMS 0x0000000082e00000, 0x0000000082d00000| Untracked 
|  46|0x0000000082e00000, 0x0000000082f00000, 0x0000000082f00000|100%| O|  |TAMS 0x0000000082f00000, 0x0000000082e00000| Untracked 
|  47|0x0000000082f00000, 0x0000000083000000, 0x0000000083000000|100%| O|  |TAMS 0x0000000083000000, 0x0000000082f00000| Untracked 
|  48|0x0000000083000000, 0x0000000083100000, 0x0000000083100000|100%| O|  |TAMS 0x0000000083100000, 0x0000000083000000| Untracked 
|  49|0x0000000083100000, 0x0000000083200000, 0x0000000083200000|100%| O|  |TAMS 0x0000000083200000, 0x0000000083100000| Untracked 
|  50|0x0000000083200000, 0x0000000083300000, 0x0000000083300000|100%| O|  |TAMS 0x0000000083300000, 0x0000000083200000| Untracked 
|  51|0x0000000083300000, 0x0000000083400000, 0x0000000083400000|100%| O|  |TAMS 0x0000000083400000, 0x0000000083300000| Untracked 
|  52|0x0000000083400000, 0x0000000083500000, 0x0000000083500000|100%| O|  |TAMS 0x0000000083500000, 0x0000000083400000| Untracked 
|  53|0x0000000083500000, 0x0000000083600000, 0x0000000083600000|100%| O|  |TAMS 0x0000000083600000, 0x0000000083500000| Untracked 
|  54|0x0000000083600000, 0x0000000083700000, 0x0000000083700000|100%| O|  |TAMS 0x0000000083700000, 0x0000000083600000| Untracked 
|  55|0x0000000083700000, 0x0000000083800000, 0x0000000083800000|100%| O|  |TAMS 0x0000000083800000, 0x0000000083700000| Untracked 
|  56|0x0000000083800000, 0x0000000083900000, 0x0000000083900000|100%| O|  |TAMS 0x0000000083900000, 0x0000000083800000| Untracked 
|  57|0x0000000083900000, 0x0000000083a00000, 0x0000000083a00000|100%| O|  |TAMS 0x0000000083a00000, 0x0000000083900000| Untracked 
|  58|0x0000000083a00000, 0x0000000083b00000, 0x0000000083b00000|100%| O|  |TAMS 0x0000000083b00000, 0x0000000083a00000| Untracked 
|  59|0x0000000083b00000, 0x0000000083c00000, 0x0000000083c00000|100%| O|  |TAMS 0x0000000083c00000, 0x0000000083b00000| Untracked 
|  60|0x0000000083c00000, 0x0000000083d00000, 0x0000000083d00000|100%| O|  |TAMS 0x0000000083d00000, 0x0000000083c00000| Untracked 
|  61|0x0000000083d00000, 0x0000000083e00000, 0x0000000083e00000|100%| O|  |TAMS 0x0000000083e00000, 0x0000000083d00000| Untracked 
|  62|0x0000000083e00000, 0x0000000083f00000, 0x0000000083f00000|100%| O|  |TAMS 0x0000000083f00000, 0x0000000083e00000| Untracked 
|  63|0x0000000083f00000, 0x0000000084000000, 0x0000000084000000|100%| O|  |TAMS 0x0000000084000000, 0x0000000083f00000| Untracked 
|  64|0x0000000084000000, 0x0000000084100000, 0x0000000084100000|100%| O|  |TAMS 0x0000000084100000, 0x0000000084000000| Untracked 
|  65|0x0000000084100000, 0x0000000084200000, 0x0000000084200000|100%| O|  |TAMS 0x0000000084200000, 0x0000000084100000| Untracked 
|  66|0x0000000084200000, 0x0000000084300000, 0x0000000084300000|100%| O|  |TAMS 0x0000000084300000, 0x0000000084200000| Untracked 
|  67|0x0000000084300000, 0x0000000084400000, 0x0000000084400000|100%| O|  |TAMS 0x0000000084400000, 0x0000000084300000| Untracked 
|  68|0x0000000084400000, 0x0000000084500000, 0x0000000084500000|100%| O|  |TAMS 0x0000000084500000, 0x0000000084400000| Untracked 
|  69|0x0000000084500000, 0x0000000084600000, 0x0000000084600000|100%| O|  |TAMS 0x0000000084600000, 0x0000000084500000| Untracked 
|  70|0x0000000084600000, 0x0000000084700000, 0x0000000084700000|100%| O|  |TAMS 0x0000000084700000, 0x0000000084600000| Untracked 
|  71|0x0000000084700000, 0x0000000084800000, 0x0000000084800000|100%| O|  |TAMS 0x0000000084800000, 0x0000000084700000| Untracked 
|  72|0x0000000084800000, 0x0000000084900000, 0x0000000084900000|100%| O|  |TAMS 0x0000000084900000, 0x0000000084800000| Untracked 
|  73|0x0000000084900000, 0x0000000084a00000, 0x0000000084a00000|100%| O|  |TAMS 0x0000000084a00000, 0x0000000084900000| Untracked 
|  74|0x0000000084a00000, 0x0000000084b00000, 0x0000000084b00000|100%| O|  |TAMS 0x0000000084b00000, 0x0000000084a00000| Untracked 
|  75|0x0000000084b00000, 0x0000000084b63e00, 0x0000000084c00000| 39%| O|  |TAMS 0x0000000084b63e00, 0x0000000084b00000| Untracked 
|  76|0x0000000084c00000, 0x0000000084d00000, 0x0000000084d00000|100%| O|  |TAMS 0x0000000084d00000, 0x0000000084c00000| Untracked 
|  77|0x0000000084d00000, 0x0000000084e00000, 0x0000000084e00000|100%| O|  |TAMS 0x0000000084e00000, 0x0000000084d00000| Untracked 
|  78|0x0000000084e00000, 0x0000000084f00000, 0x0000000084f00000|100%|HS|  |TAMS 0x0000000084e00000, 0x0000000084e00000| Complete 
|  79|0x0000000084f00000, 0x0000000085000000, 0x0000000085000000|100%|HC|  |TAMS 0x0000000084f00000, 0x0000000084f00000| Complete 
|  80|0x0000000085000000, 0x0000000085000000, 0x0000000085100000|  0%| F|  |TAMS 0x0000000085000000, 0x0000000085000000| Untracked 
|  81|0x0000000085100000, 0x0000000085100000, 0x0000000085200000|  0%| F|  |TAMS 0x0000000085100000, 0x0000000085100000| Untracked 
|  82|0x0000000085200000, 0x0000000085200000, 0x0000000085300000|  0%| F|  |TAMS 0x0000000085200000, 0x0000000085200000| Untracked 
|  83|0x0000000085300000, 0x0000000085300000, 0x0000000085400000|  0%| F|  |TAMS 0x0000000085300000, 0x0000000085300000| Untracked 
|  84|0x0000000085400000, 0x0000000085400000, 0x0000000085500000|  0%| F|  |TAMS 0x0000000085400000, 0x0000000085400000| Untracked 
|  85|0x0000000085500000, 0x0000000085500000, 0x0000000085600000|  0%| F|  |TAMS 0x0000000085500000, 0x0000000085500000| Untracked 
|  86|0x0000000085600000, 0x0000000085600000, 0x0000000085700000|  0%| F|  |TAMS 0x0000000085600000, 0x0000000085600000| Untracked 
|  87|0x0000000085700000, 0x0000000085700000, 0x0000000085800000|  0%| F|  |TAMS 0x0000000085700000, 0x0000000085700000| Untracked 
|  88|0x0000000085800000, 0x0000000085800000, 0x0000000085900000|  0%| F|  |TAMS 0x0000000085800000, 0x0000000085800000| Untracked 
|  89|0x0000000085900000, 0x0000000085900000, 0x0000000085a00000|  0%| F|  |TAMS 0x0000000085900000, 0x0000000085900000| Untracked 
|  90|0x0000000085a00000, 0x0000000085a00000, 0x0000000085b00000|  0%| F|  |TAMS 0x0000000085a00000, 0x0000000085a00000| Untracked 
|  91|0x0000000085b00000, 0x0000000085b00000, 0x0000000085c00000|  0%| F|  |TAMS 0x0000000085b00000, 0x0000000085b00000| Untracked 
|  92|0x0000000085c00000, 0x0000000085c00000, 0x0000000085d00000|  0%| F|  |TAMS 0x0000000085c00000, 0x0000000085c00000| Untracked 
|  93|0x0000000085d00000, 0x0000000085d00000, 0x0000000085e00000|  0%| F|  |TAMS 0x0000000085d00000, 0x0000000085d00000| Untracked 
|  94|0x0000000085e00000, 0x0000000085e00000, 0x0000000085f00000|  0%| F|  |TAMS 0x0000000085e00000, 0x0000000085e00000| Untracked 
|  95|0x0000000085f00000, 0x0000000085f00000, 0x0000000086000000|  0%| F|  |TAMS 0x0000000085f00000, 0x0000000085f00000| Untracked 
|  96|0x0000000086000000, 0x0000000086000000, 0x0000000086100000|  0%| F|  |TAMS 0x0000000086000000, 0x0000000086000000| Untracked 
|  97|0x0000000086100000, 0x0000000086100000, 0x0000000086200000|  0%| F|  |TAMS 0x0000000086100000, 0x0000000086100000| Untracked 
|  98|0x0000000086200000, 0x0000000086200000, 0x0000000086300000|  0%| F|  |TAMS 0x0000000086200000, 0x0000000086200000| Untracked 
|  99|0x0000000086300000, 0x0000000086300000, 0x0000000086400000|  0%| F|  |TAMS 0x0000000086300000, 0x0000000086300000| Untracked 
| 100|0x0000000086400000, 0x0000000086400000, 0x0000000086500000|  0%| F|  |TAMS 0x0000000086400000, 0x0000000086400000| Untracked 
| 101|0x0000000086500000, 0x0000000086500000, 0x0000000086600000|  0%| F|  |TAMS 0x0000000086500000, 0x0000000086500000| Untracked 
| 102|0x0000000086600000, 0x0000000086600000, 0x0000000086700000|  0%| F|  |TAMS 0x0000000086600000, 0x0000000086600000| Untracked 
| 103|0x0000000086700000, 0x0000000086700000, 0x0000000086800000|  0%| F|  |TAMS 0x0000000086700000, 0x0000000086700000| Untracked 
| 104|0x0000000086800000, 0x0000000086800000, 0x0000000086900000|  0%| F|  |TAMS 0x0000000086800000, 0x0000000086800000| Untracked 
| 105|0x0000000086900000, 0x0000000086900000, 0x0000000086a00000|  0%| F|  |TAMS 0x0000000086900000, 0x0000000086900000| Untracked 
| 106|0x0000000086a00000, 0x0000000086a00000, 0x0000000086b00000|  0%| F|  |TAMS 0x0000000086a00000, 0x0000000086a00000| Untracked 
| 107|0x0000000086b00000, 0x0000000086b00000, 0x0000000086c00000|  0%| F|  |TAMS 0x0000000086b00000, 0x0000000086b00000| Untracked 
| 108|0x0000000086c00000, 0x0000000086c00000, 0x0000000086d00000|  0%| F|  |TAMS 0x0000000086c00000, 0x0000000086c00000| Untracked 
| 109|0x0000000086d00000, 0x0000000086d00000, 0x0000000086e00000|  0%| F|  |TAMS 0x0000000086d00000, 0x0000000086d00000| Untracked 
| 110|0x0000000086e00000, 0x0000000086e00000, 0x0000000086f00000|  0%| F|  |TAMS 0x0000000086e00000, 0x0000000086e00000| Untracked 
| 111|0x0000000086f00000, 0x0000000086f00000, 0x0000000087000000|  0%| F|  |TAMS 0x0000000086f00000, 0x0000000086f00000| Untracked 
| 112|0x0000000087000000, 0x0000000087000000, 0x0000000087100000|  0%| F|  |TAMS 0x0000000087000000, 0x0000000087000000| Untracked 
| 113|0x0000000087100000, 0x0000000087100000, 0x0000000087200000|  0%| F|  |TAMS 0x0000000087100000, 0x0000000087100000| Untracked 
| 114|0x0000000087200000, 0x0000000087200000, 0x0000000087300000|  0%| F|  |TAMS 0x0000000087200000, 0x0000000087200000| Untracked 
| 115|0x0000000087300000, 0x0000000087366d68, 0x0000000087400000| 40%| S|CS|TAMS 0x0000000087300000, 0x0000000087300000| Complete 
| 116|0x0000000087400000, 0x0000000087500000, 0x0000000087500000|100%| S|CS|TAMS 0x0000000087400000, 0x0000000087400000| Complete 
| 117|0x0000000087500000, 0x0000000087600000, 0x0000000087600000|100%| S|CS|TAMS 0x0000000087500000, 0x0000000087500000| Complete 
| 118|0x0000000087600000, 0x0000000087700000, 0x0000000087700000|100%| S|CS|TAMS 0x0000000087600000, 0x0000000087600000| Complete 
| 119|0x0000000087700000, 0x0000000087800000, 0x0000000087800000|100%| S|CS|TAMS 0x0000000087700000, 0x0000000087700000| Complete 
| 120|0x0000000087800000, 0x0000000087900000, 0x0000000087900000|100%| S|CS|TAMS 0x0000000087800000, 0x0000000087800000| Complete 
| 121|0x0000000087900000, 0x0000000087931988, 0x0000000087a00000| 19%| E|  |TAMS 0x0000000087900000, 0x0000000087900000| Complete 
| 122|0x0000000087a00000, 0x0000000087b00000, 0x0000000087b00000|100%| E|CS|TAMS 0x0000000087a00000, 0x0000000087a00000| Complete 
| 123|0x0000000087b00000, 0x0000000087c00000, 0x0000000087c00000|100%| E|CS|TAMS 0x0000000087b00000, 0x0000000087b00000| Complete 
| 124|0x0000000087c00000, 0x0000000087d00000, 0x0000000087d00000|100%| E|  |TAMS 0x0000000087c00000, 0x0000000087c00000| Complete 
| 125|0x0000000087d00000, 0x0000000087e00000, 0x0000000087e00000|100%| E|CS|TAMS 0x0000000087d00000, 0x0000000087d00000| Complete 
| 126|0x0000000087e00000, 0x0000000087f00000, 0x0000000087f00000|100%| E|CS|TAMS 0x0000000087e00000, 0x0000000087e00000| Complete 
| 127|0x0000000087f00000, 0x0000000088000000, 0x0000000088000000|100%| E|CS|TAMS 0x0000000087f00000, 0x0000000087f00000| Complete 
| 128|0x0000000088000000, 0x0000000088100000, 0x0000000088100000|100%| E|CS|TAMS 0x0000000088000000, 0x0000000088000000| Complete 
| 129|0x0000000088100000, 0x0000000088200000, 0x0000000088200000|100%| E|CS|TAMS 0x0000000088100000, 0x0000000088100000| Complete 
| 130|0x0000000088200000, 0x0000000088300000, 0x0000000088300000|100%| E|CS|TAMS 0x0000000088200000, 0x0000000088200000| Complete 
| 131|0x0000000088300000, 0x0000000088400000, 0x0000000088400000|100%| E|CS|TAMS 0x0000000088300000, 0x0000000088300000| Complete 
| 132|0x0000000088400000, 0x0000000088500000, 0x0000000088500000|100%| E|CS|TAMS 0x0000000088400000, 0x0000000088400000| Complete 
| 133|0x0000000088500000, 0x0000000088600000, 0x0000000088600000|100%| E|CS|TAMS 0x0000000088500000, 0x0000000088500000| Complete 
| 134|0x0000000088600000, 0x0000000088700000, 0x0000000088700000|100%| E|CS|TAMS 0x0000000088600000, 0x0000000088600000| Complete 
| 135|0x0000000088700000, 0x0000000088800000, 0x0000000088800000|100%| E|CS|TAMS 0x0000000088700000, 0x0000000088700000| Complete 
| 136|0x0000000088800000, 0x0000000088900000, 0x0000000088900000|100%| E|CS|TAMS 0x0000000088800000, 0x0000000088800000| Complete 
| 137|0x0000000088900000, 0x0000000088a00000, 0x0000000088a00000|100%| E|CS|TAMS 0x0000000088900000, 0x0000000088900000| Complete 
| 138|0x0000000088a00000, 0x0000000088b00000, 0x0000000088b00000|100%| E|CS|TAMS 0x0000000088a00000, 0x0000000088a00000| Complete 
| 139|0x0000000088b00000, 0x0000000088c00000, 0x0000000088c00000|100%| E|CS|TAMS 0x0000000088b00000, 0x0000000088b00000| Complete 
| 140|0x0000000088c00000, 0x0000000088d00000, 0x0000000088d00000|100%| E|CS|TAMS 0x0000000088c00000, 0x0000000088c00000| Complete 
| 141|0x0000000088d00000, 0x0000000088e00000, 0x0000000088e00000|100%| E|CS|TAMS 0x0000000088d00000, 0x0000000088d00000| Complete 
| 142|0x0000000088e00000, 0x0000000088f00000, 0x0000000088f00000|100%| E|CS|TAMS 0x0000000088e00000, 0x0000000088e00000| Complete 
| 143|0x0000000088f00000, 0x0000000089000000, 0x0000000089000000|100%| E|CS|TAMS 0x0000000088f00000, 0x0000000088f00000| Complete 
| 144|0x0000000089000000, 0x0000000089100000, 0x0000000089100000|100%| E|CS|TAMS 0x0000000089000000, 0x0000000089000000| Complete 
| 145|0x0000000089100000, 0x0000000089200000, 0x0000000089200000|100%| E|CS|TAMS 0x0000000089100000, 0x0000000089100000| Complete 
| 146|0x0000000089200000, 0x0000000089300000, 0x0000000089300000|100%| E|CS|TAMS 0x0000000089200000, 0x0000000089200000| Complete 
| 147|0x0000000089300000, 0x0000000089400000, 0x0000000089400000|100%| E|CS|TAMS 0x0000000089300000, 0x0000000089300000| Complete 
| 148|0x0000000089400000, 0x0000000089500000, 0x0000000089500000|100%| E|CS|TAMS 0x0000000089400000, 0x0000000089400000| Complete 
| 149|0x0000000089500000, 0x0000000089600000, 0x0000000089600000|100%| E|CS|TAMS 0x0000000089500000, 0x0000000089500000| Complete 
| 150|0x0000000089600000, 0x0000000089700000, 0x0000000089700000|100%| E|CS|TAMS 0x0000000089600000, 0x0000000089600000| Complete 
| 151|0x0000000089700000, 0x0000000089800000, 0x0000000089800000|100%| E|CS|TAMS 0x0000000089700000, 0x0000000089700000| Complete 
| 152|0x0000000089800000, 0x0000000089900000, 0x0000000089900000|100%| E|CS|TAMS 0x0000000089800000, 0x0000000089800000| Complete 
| 153|0x0000000089900000, 0x0000000089a00000, 0x0000000089a00000|100%| E|CS|TAMS 0x0000000089900000, 0x0000000089900000| Complete 

Card table byte_map: [0x00000261191d0000,0x00000261195d0000] _byte_map_base: 0x0000026118dd0000

Marking Bits (Prev, Next): (CMBitMap*) 0x00000261044ec840, (CMBitMap*) 0x00000261044ec808
 Prev Bits: [0x000002611b9d0000, 0x000002611d9d0000)
 Next Bits: [0x00000261199d0000, 0x000002611b9d0000)

Polling page: 0x0000026104590000

Metaspace:

Usage:
  Non-class:     75.00 MB capacity,    73.57 MB ( 98%) used,     1.20 MB (  2%) free+waste,   243.88 KB ( <1%) overhead. 
      Class:     11.76 MB capacity,    10.89 MB ( 93%) used,   773.25 KB (  6%) free+waste,   113.06 KB ( <1%) overhead. 
       Both:     86.76 MB capacity,    84.46 MB ( 97%) used,     1.95 MB (  2%) free+waste,   356.94 KB ( <1%) overhead. 

Virtual space:
  Non-class space:       76.00 MB reserved,      75.12 MB ( 99%) committed 
      Class space:        1.00 GB reserved,      11.88 MB (  1%) committed 
             Both:        1.07 GB reserved,      87.00 MB (  8%) committed 

Chunk freelists:
   Non-Class:  55.00 KB
       Class:  25.00 KB
        Both:  80.00 KB

MaxMetaspaceSize: 17179869184.00 GB
CompressedClassSpaceSize: 1.00 GB

CodeHeap 'non-profiled nmethods': size=120064Kb used=6315Kb max_used=6315Kb free=113748Kb
 bounds [0x0000026111270000, 0x00000261118a0000, 0x00000261187b0000]
CodeHeap 'profiled nmethods': size=120000Kb used=23558Kb max_used=23558Kb free=96442Kb
 bounds [0x0000026109d40000, 0x000002610b450000, 0x0000026111270000]
CodeHeap 'non-nmethods': size=5696Kb used=2274Kb max_used=2314Kb free=3421Kb
 bounds [0x00000261097b0000, 0x0000026109a20000, 0x0000026109d40000]
 total_blobs=11430 nmethods=10545 adapters=796
 compilation: enabled
              stopped_count=0, restarted_count=0
 full_count=0

Compilation events (20 events):
Event: 67.796 Thread 0x0000026120054000 10550       3       com.android.tools.r8.graph.g0::hashCode (8 bytes)
Event: 67.796 Thread 0x0000026120054000 nmethod 10550 0x000002610b43aa10 code [0x000002610b43abc0, 0x000002610b43ace8]
Event: 67.804 Thread 0x0000026120043800 nmethod 10546 0x0000026111897710 code [0x00000261118978a0, 0x0000026111897b18]
Event: 67.804 Thread 0x0000026120043800 10547       4       com.android.tools.r8.graph.e0::a (89 bytes)
Event: 67.815 Thread 0x0000026120043800 nmethod 10547 0x0000026111897d10 code [0x0000026111897ee0, 0x0000026111898318]
Event: 67.815 Thread 0x0000026120043800 10551       4       com.google.common.collect.AbstractIndexedListIterator::hasNext (17 bytes)
Event: 67.816 Thread 0x0000026120043800 nmethod 10551 0x0000026111898710 code [0x00000261118988a0, 0x0000026111898918]
Event: 67.896 Thread 0x0000026120054000 10552   !   3       jdk.internal.loader.URLClassPath::checkURL (16 bytes)
Event: 67.896 Thread 0x0000026120054000 nmethod 10552 0x000002610b43ad90 code [0x000002610b43af40, 0x000002610b43b0e8]
Event: 67.902 Thread 0x0000026120043800 10553       4       com.android.builder.files.RelativeFile::getBase (25 bytes)
Event: 67.903 Thread 0x0000026120043800 nmethod 10553 0x0000026111898990 code [0x0000026111898b20, 0x0000026111898bb8]
Event: 67.937 Thread 0x0000026120054000 10554       3       java.util.Vector::<init> (7 bytes)
Event: 67.938 Thread 0x0000026120054000 nmethod 10554 0x000002610b43b190 code [0x000002610b43b360, 0x000002610b43b508]
Event: 68.009 Thread 0x0000026120043800 10555       4       jdk.internal.org.objectweb.asm.ClassWriter::newNameTypeItem (71 bytes)
Event: 68.039 Thread 0x0000026120054000 10556   !   3       java.util.concurrent.ConcurrentHashMap::putVal (432 bytes)
Event: 68.043 Thread 0x0000026120054000 nmethod 10556 0x000002610b43b610 code [0x000002610b43b9a0, 0x000002610b43dad8]
Event: 68.054 Thread 0x0000026120043800 nmethod 10555 0x0000026111898c90 code [0x0000026111898ea0, 0x0000026111899c00]
Event: 68.056 Thread 0x0000026120043800 10557       4       java.net.URLClassLoader::isSealed (70 bytes)
Event: 68.170 Thread 0x0000026120054000 10561       3       java.lang.invoke.MethodHandles$Lookup::linkMethodHandleConstant (220 bytes)
Event: 68.173 Thread 0x0000026120054000 nmethod 10561 0x000002610b43e590 code [0x000002610b43e980, 0x000002610b4405f8]

GC Heap History (20 events):
Event: 30.766 GC heap before
{Heap before GC invocations=14 (full 0):
 garbage-first heap   total 157696K, used 119012K [0x0000000080000000, 0x0000000100000000)
  region size 1024K, 66 young (67584K), 5 survivors (5120K)
 Metaspace       used 64857K, capacity 66586K, committed 66812K, reserved 1107968K
  class space    used 8348K, capacity 9007K, committed 9088K, reserved 1048576K
}
Event: 30.785 GC heap after
{Heap after GC invocations=15 (full 0):
 garbage-first heap   total 157696K, used 61663K [0x0000000080000000, 0x0000000100000000)
  region size 1024K, 5 young (5120K), 5 survivors (5120K)
 Metaspace       used 64857K, capacity 66586K, committed 66812K, reserved 1107968K
  class space    used 8348K, capacity 9007K, committed 9088K, reserved 1048576K
}
Event: 34.257 GC heap before
{Heap before GC invocations=15 (full 0):
 garbage-first heap   total 157696K, used 120031K [0x0000000080000000, 0x0000000100000000)
  region size 1024K, 63 young (64512K), 5 survivors (5120K)
 Metaspace       used 70747K, capacity 72627K, committed 72828K, reserved 1112064K
  class space    used 9235K, capacity 9947K, committed 9984K, reserved 1048576K
}
Event: 34.279 GC heap after
{Heap after GC invocations=16 (full 0):
 garbage-first heap   total 157696K, used 66742K [0x0000000080000000, 0x0000000100000000)
  region size 1024K, 5 young (5120K), 5 survivors (5120K)
 Metaspace       used 70747K, capacity 72627K, committed 72828K, reserved 1112064K
  class space    used 9235K, capacity 9947K, committed 9984K, reserved 1048576K
}
Event: 38.695 GC heap before
{Heap before GC invocations=16 (full 0):
 garbage-first heap   total 157696K, used 123062K [0x0000000080000000, 0x0000000100000000)
  region size 1024K, 60 young (61440K), 5 survivors (5120K)
 Metaspace       used 71935K, capacity 73902K, committed 73980K, reserved 1114112K
  class space    used 9322K, capacity 10076K, committed 10112K, reserved 1048576K
}
Event: 38.713 GC heap after
{Heap after GC invocations=17 (full 0):
 garbage-first heap   total 157696K, used 70573K [0x0000000080000000, 0x0000000100000000)
  region size 1024K, 4 young (4096K), 4 survivors (4096K)
 Metaspace       used 71935K, capacity 73902K, committed 73980K, reserved 1114112K
  class space    used 9322K, capacity 10076K, committed 10112K, reserved 1048576K
}
Event: 44.478 GC heap before
{Heap before GC invocations=17 (full 0):
 garbage-first heap   total 157696K, used 124845K [0x0000000080000000, 0x0000000100000000)
  region size 1024K, 58 young (59392K), 4 survivors (4096K)
 Metaspace       used 77997K, capacity 80130K, committed 80252K, reserved 1118208K
  class space    used 10148K, capacity 10951K, committed 11008K, reserved 1048576K
}
Event: 44.492 GC heap after
{Heap after GC invocations=18 (full 0):
 garbage-first heap   total 157696K, used 73415K [0x0000000080000000, 0x0000000100000000)
  region size 1024K, 7 young (7168K), 7 survivors (7168K)
 Metaspace       used 77997K, capacity 80130K, committed 80252K, reserved 1118208K
  class space    used 10148K, capacity 10951K, committed 11008K, reserved 1048576K
}
Event: 57.577 GC heap before
{Heap before GC invocations=18 (full 0):
 garbage-first heap   total 157696K, used 127687K [0x0000000080000000, 0x0000000100000000)
  region size 1024K, 59 young (60416K), 7 survivors (7168K)
 Metaspace       used 81566K, capacity 83696K, committed 83964K, reserved 1122304K
  class space    used 10486K, capacity 11303K, committed 11392K, reserved 1048576K
}
Event: 57.594 GC heap after
{Heap after GC invocations=19 (full 0):
 garbage-first heap   total 157696K, used 78345K [0x0000000080000000, 0x0000000100000000)
  region size 1024K, 6 young (6144K), 6 survivors (6144K)
 Metaspace       used 81566K, capacity 83696K, committed 83964K, reserved 1122304K
  class space    used 10486K, capacity 11303K, committed 11392K, reserved 1048576K
}
Event: 62.238 GC heap before
{Heap before GC invocations=19 (full 0):
 garbage-first heap   total 157696K, used 125449K [0x0000000080000000, 0x0000000100000000)
  region size 1024K, 54 young (55296K), 6 survivors (6144K)
 Metaspace       used 83897K, capacity 86264K, committed 86524K, reserved 1124352K
  class space    used 10791K, capacity 11634K, committed 11648K, reserved 1048576K
}
Event: 62.261 GC heap after
{Heap after GC invocations=20 (full 0):
 garbage-first heap   total 157696K, used 78985K [0x0000000080000000, 0x0000000100000000)
  region size 1024K, 6 young (6144K), 6 survivors (6144K)
 Metaspace       used 83897K, capacity 86264K, committed 86524K, reserved 1124352K
  class space    used 10791K, capacity 11634K, committed 11648K, reserved 1048576K
}
Event: 63.062 GC heap before
{Heap before GC invocations=21 (full 0):
 garbage-first heap   total 157696K, used 131209K [0x0000000080000000, 0x0000000100000000)
  region size 1024K, 54 young (55296K), 6 survivors (6144K)
 Metaspace       used 84091K, capacity 86396K, committed 86652K, reserved 1124352K
  class space    used 10791K, capacity 11636K, committed 11776K, reserved 1048576K
}
Event: 63.079 GC heap after
{Heap after GC invocations=22 (full 0):
 garbage-first heap   total 157696K, used 80434K [0x0000000080000000, 0x0000000100000000)
  region size 1024K, 5 young (5120K), 5 survivors (5120K)
 Metaspace       used 84091K, capacity 86396K, committed 86652K, reserved 1124352K
  class space    used 10791K, capacity 11636K, committed 11776K, reserved 1048576K
}
Event: 64.212 GC heap before
{Heap before GC invocations=22 (full 0):
 garbage-first heap   total 157696K, used 128562K [0x0000000080000000, 0x0000000100000000)
  region size 1024K, 53 young (54272K), 5 survivors (5120K)
 Metaspace       used 84092K, capacity 86396K, committed 86652K, reserved 1124352K
  class space    used 10792K, capacity 11636K, committed 11776K, reserved 1048576K
}
Event: 64.224 GC heap after
{Heap after GC invocations=23 (full 0):
 garbage-first heap   total 157696K, used 81743K [0x0000000080000000, 0x0000000100000000)
  region size 1024K, 3 young (3072K), 3 survivors (3072K)
 Metaspace       used 84092K, capacity 86396K, committed 86652K, reserved 1124352K
  class space    used 10792K, capacity 11636K, committed 11776K, reserved 1048576K
}
Event: 64.879 GC heap before
{Heap before GC invocations=24 (full 0):
 garbage-first heap   total 157696K, used 121679K [0x0000000080000000, 0x0000000100000000)
  region size 1024K, 44 young (45056K), 3 survivors (3072K)
 Metaspace       used 84098K, capacity 86390K, committed 86652K, reserved 1124352K
  class space    used 10791K, capacity 11634K, committed 11776K, reserved 1048576K
}
Event: 64.886 GC heap after
{Heap after GC invocations=25 (full 0):
 garbage-first heap   total 157696K, used 82701K [0x0000000080000000, 0x0000000100000000)
  region size 1024K, 4 young (4096K), 4 survivors (4096K)
 Metaspace       used 84098K, capacity 86390K, committed 86652K, reserved 1124352K
  class space    used 10791K, capacity 11634K, committed 11776K, reserved 1048576K
}
Event: 65.424 GC heap before
{Heap before GC invocations=26 (full 0):
 garbage-first heap   total 157696K, used 118541K [0x0000000080000000, 0x0000000100000000)
  region size 1024K, 37 young (37888K), 4 survivors (4096K)
 Metaspace       used 84130K, capacity 86401K, committed 86652K, reserved 1124352K
  class space    used 10803K, capacity 11637K, committed 11776K, reserved 1048576K
}
Event: 65.439 GC heap after
{Heap after GC invocations=27 (full 0):
 garbage-first heap   total 157696K, used 84778K [0x0000000080000000, 0x0000000100000000)
  region size 1024K, 6 young (6144K), 6 survivors (6144K)
 Metaspace       used 84130K, capacity 86401K, committed 86652K, reserved 1124352K
  class space    used 10803K, capacity 11637K, committed 11776K, reserved 1048576K
}

Deoptimization events (20 events):
Event: 67.787 Thread 0x0000026126129000 Uncommon trap: trap_request=0xffffffc6 fr.pc=0x00000261117bd3c8 relative=0x0000000000000088
Event: 67.787 Thread 0x0000026126129000 Uncommon trap: reason=bimorphic_or_optimized_type_check action=maybe_recompile pc=0x00000261117bd3c8 method=java.util.stream.StreamOpFlag.fromCharacteristics(Ljava/util/Spliterator;)I @ 14 c2
Event: 67.787 Thread 0x0000026126129000 DEOPT PACKING pc=0x00000261117bd3c8 sp=0x000000e7be3fd7f0
Event: 67.787 Thread 0x0000026126129000 DEOPT UNPACKING pc=0x00000261097d6029 sp=0x000000e7be3fd788 mode 2
Event: 67.788 Thread 0x0000026126126800 Uncommon trap: trap_request=0xffffffc6 fr.pc=0x00000261117bd3c8 relative=0x0000000000000088
Event: 67.788 Thread 0x0000026126126800 Uncommon trap: reason=bimorphic_or_optimized_type_check action=maybe_recompile pc=0x00000261117bd3c8 method=java.util.stream.StreamOpFlag.fromCharacteristics(Ljava/util/Spliterator;)I @ 14 c2
Event: 67.788 Thread 0x0000026126126800 DEOPT PACKING pc=0x00000261117bd3c8 sp=0x000000e7be1fd9f0
Event: 67.788 Thread 0x0000026126126800 DEOPT UNPACKING pc=0x00000261097d6029 sp=0x000000e7be1fd988 mode 2
Event: 67.790 Thread 0x0000026126127800 Uncommon trap: trap_request=0xffffff4d fr.pc=0x00000261116d6794 relative=0x0000000000000174
Event: 67.790 Thread 0x0000026126127800 Uncommon trap: reason=unstable_if action=reinterpret pc=0x00000261116d6794 method=jdk.internal.util.ArraysSupport.vectorizedMismatch(Ljava/lang/Object;JLjava/lang/Object;JII)I @ 62 c2
Event: 67.790 Thread 0x0000026126127800 DEOPT PACKING pc=0x00000261116d6794 sp=0x000000e7be2fd940
Event: 67.790 Thread 0x0000026126127800 DEOPT UNPACKING pc=0x00000261097d6029 sp=0x000000e7be2fd878 mode 2
Event: 67.790 Thread 0x0000026126129000 Uncommon trap: trap_request=0xffffff4d fr.pc=0x00000261116d6794 relative=0x0000000000000174
Event: 67.791 Thread 0x0000026126129000 Uncommon trap: reason=unstable_if action=reinterpret pc=0x00000261116d6794 method=jdk.internal.util.ArraysSupport.vectorizedMismatch(Ljava/lang/Object;JLjava/lang/Object;JII)I @ 62 c2
Event: 67.791 Thread 0x0000026126129000 DEOPT PACKING pc=0x00000261116d6794 sp=0x000000e7be3fd4c0
Event: 67.791 Thread 0x0000026126129000 DEOPT UNPACKING pc=0x00000261097d6029 sp=0x000000e7be3fd3f8 mode 2
Event: 67.937 Thread 0x0000026126126800 Uncommon trap: trap_request=0xffffff4d fr.pc=0x00000261118949b8 relative=0x0000000000001178
Event: 67.937 Thread 0x0000026126126800 Uncommon trap: reason=unstable_if action=reinterpret pc=0x00000261118949b8 method=java.util.concurrent.ConcurrentHashMap.putVal(Ljava/lang/Object;Ljava/lang/Object;Z)Ljava/lang/Object; @ 97 c2
Event: 67.937 Thread 0x0000026126126800 DEOPT PACKING pc=0x00000261118949b8 sp=0x000000e7be1fd110
Event: 67.938 Thread 0x0000026126126800 DEOPT UNPACKING pc=0x00000261097d6029 sp=0x000000e7be1fd098 mode 2

Classes redefined (0 events):
No events

Internal exceptions (20 events):
Event: 57.249 Thread 0x000002612532d000 Exception <a 'sun/nio/fs/WindowsException'{0x0000000086d83b48}> (0x0000000086d83b48) thrown at [./src/hotspot/share/prims/jni.cpp, line 615]
Event: 57.250 Thread 0x000002612532d000 Exception <a 'sun/nio/fs/WindowsException'{0x0000000086d84aa0}> (0x0000000086d84aa0) thrown at [./src/hotspot/share/prims/jni.cpp, line 615]
Event: 57.250 Thread 0x000002612532d000 Exception <a 'sun/nio/fs/WindowsException'{0x0000000086d84bf0}> (0x0000000086d84bf0) thrown at [./src/hotspot/share/prims/jni.cpp, line 615]
Event: 57.250 Thread 0x000002612532d000 Exception <a 'sun/nio/fs/WindowsException'{0x0000000086d868a8}> (0x0000000086d868a8) thrown at [./src/hotspot/share/prims/jni.cpp, line 615]
Event: 57.250 Thread 0x000002612532d000 Exception <a 'sun/nio/fs/WindowsException'{0x0000000086d869e8}> (0x0000000086d869e8) thrown at [./src/hotspot/share/prims/jni.cpp, line 615]
Event: 57.250 Thread 0x000002612532d000 Exception <a 'sun/nio/fs/WindowsException'{0x0000000086d88698}> (0x0000000086d88698) thrown at [./src/hotspot/share/prims/jni.cpp, line 615]
Event: 57.840 Thread 0x0000026120f77800 Exception <a 'java/lang/NoSuchMethodError'{0x00000000896f98b0}: <clinit>> (0x00000000896f98b0) thrown at [./src/hotspot/share/prims/jni.cpp, line 1362]
Event: 58.128 Thread 0x0000026122e0b000 Exception <a 'java/lang/NoSuchMethodError'{0x00000000894ebcb0}: 'java.lang.Object java.lang.invoke.DirectMethodHandle$Holder.invokeSpecial(java.lang.Object, java.lang.Object, int, java.lang.Object, java.lang.Object)'> (0x00000000894ebcb0) thrown at [./src/hotspot/share/interpreter/linkResolver.cpp, line 773]
Event: 58.862 Thread 0x0000026125331000 Implicit null exception at 0x00000261113bfe97 to 0x00000261113c0650
Event: 59.049 Thread 0x0000026125331000 Exception <a 'java/lang/NoSuchMethodError'{0x00000000885addb8}: <clinit>> (0x00000000885addb8) thrown at [./src/hotspot/share/prims/jni.cpp, line 1362]
Event: 59.054 Thread 0x0000026125331000 Exception <a 'java/lang/NoSuchMethodError'{0x00000000885c2548}: <clinit>> (0x00000000885c2548) thrown at [./src/hotspot/share/prims/jni.cpp, line 1362]
Event: 59.065 Thread 0x0000026125331000 Exception <a 'java/lang/NoSuchMethodError'{0x00000000885ebe00}: <clinit>> (0x00000000885ebe00) thrown at [./src/hotspot/share/prims/jni.cpp, line 1362]
Event: 59.211 Thread 0x0000026122e00800 Exception <a 'sun/nio/fs/WindowsException'{0x0000000088257a90}> (0x0000000088257a90) thrown at [./src/hotspot/share/prims/jni.cpp, line 615]
Event: 59.731 Thread 0x0000026122e00800 Exception <a 'sun/nio/fs/WindowsException'{0x0000000087cdccc8}> (0x0000000087cdccc8) thrown at [./src/hotspot/share/prims/jni.cpp, line 615]
Event: 62.325 Thread 0x0000026126125000 Exception <a 'sun/nio/fs/WindowsException'{0x000000008999b6d0}> (0x000000008999b6d0) thrown at [./src/hotspot/share/prims/jni.cpp, line 615]
Event: 66.001 Thread 0x0000026120c38000 Exception <a 'java/lang/NoSuchMethodError'{0x0000000088e25bf0}: <clinit>> (0x0000000088e25bf0) thrown at [./src/hotspot/share/prims/jni.cpp, line 1362]
Event: 66.784 Thread 0x0000026126126800 Exception <a 'sun/nio/fs/WindowsException'{0x00000000886a3518}> (0x00000000886a3518) thrown at [./src/hotspot/share/prims/jni.cpp, line 615]
Event: 66.785 Thread 0x0000026126127800 Exception <a 'sun/nio/fs/WindowsException'{0x00000000886d8378}> (0x00000000886d8378) thrown at [./src/hotspot/share/prims/jni.cpp, line 615]
Event: 68.168 Thread 0x0000026126127800 Exception <a 'java/lang/NoSuchMethodError'{0x0000000087b6fd68}: 'java.lang.Object java.lang.invoke.DirectMethodHandle$Holder.invokeStatic(java.lang.Object, java.lang.Object, java.lang.Object, java.lang.Object, java.lang.Object, java.lang.Object, java.lang.Object, java.lang.Object, java.lang.Object, java.lang.Object, java.lang.Object, java.lang.Object, java.lang.Object, java.lang.Object, java.lang.Object, java.lang.Object, java.lang.Object, int, java.lang.Object)'> (0x0000000087b6fd68) thrown at [./src/hots
Event: 68.169 Thread 0x0000026126127800 Exception <a 'java/lang/NoSuchMethodError'{0x0000000087b753b8}: 'java.lang.Object java.lang.invoke.DirectMethodHandle$Holder.invokeStaticInit(java.lang.Object, java.lang.Object, java.lang.Object, java.lang.Object, java.lang.Object, java.lang.Object, java.lang.Object, java.lang.Object, java.lang.Object, java.lang.Object, java.lang.Object, java.lang.Object, java.lang.Object, java.lang.Object, java.lang.Object, java.lang.Object, java.lang.Object, int, java.lang.Object)'> (0x0000000087b753b8) thrown at [./src/

Events (20 events):
Event: 68.360 loading class com/android/tools/r8/graph/u0$d
Event: 68.360 loading class com/android/tools/r8/graph/u0$d done
Event: 68.361 loading class com/android/tools/r8/graph/k0
Event: 68.361 loading class com/android/tools/r8/graph/k0 done
Event: 68.362 loading class com/android/tools/r8/B/a/a/n
Event: 68.362 loading class com/android/tools/r8/B/a/a/n done
Event: 68.382 loading class com/android/tools/r8/graph/u0$c
Event: 68.382 loading class com/android/tools/r8/graph/u0$c done
Event: 68.383 loading class com/android/tools/r8/graph/h0
Event: 68.383 loading class com/android/tools/r8/graph/h0 done
Event: 68.384 loading class com/android/tools/r8/graph/h0$s
Event: 68.384 loading class com/android/tools/r8/graph/h0$s done
Event: 68.384 loading class com/android/tools/r8/graph/h0$u
Event: 68.384 loading class com/android/tools/r8/graph/h0$u done
Event: 68.386 loading class com/android/tools/r8/graph/u0$e
Event: 68.386 loading class com/android/tools/r8/graph/u0$e done
Event: 68.386 loading class com/android/tools/r8/B/a/a/k
Event: 68.386 loading class com/android/tools/r8/B/a/a/k done
Event: 68.388 loading class com/android/tools/r8/x/b/a/c
Event: 68.388 loading class com/android/tools/r8/x/b/a/c done


Dynamic libraries:
0x00007ff7aa5a0000 - 0x00007ff7aa5aa000 	C:\Program Files\Android\Android Studio\jre\bin\java.exe
0x00007ff9ed140000 - 0x00007ff9ed349000 	C:\Windows\SYSTEM32\ntdll.dll
0x00007ff9ed040000 - 0x00007ff9ed0fd000 	C:\Windows\System32\KERNEL32.DLL
0x00007ff9ea9d0000 - 0x00007ff9ead44000 	C:\Windows\System32\KERNELBASE.dll
0x00007ff9ea8b0000 - 0x00007ff9ea9c1000 	C:\Windows\System32\ucrtbase.dll
0x00007ff9ddd80000 - 0x00007ff9ddd97000 	C:\Program Files\Android\Android Studio\jre\bin\VCRUNTIME140.dll
0x00007ff9ddd60000 - 0x00007ff9ddd79000 	C:\Program Files\Android\Android Studio\jre\bin\jli.dll
0x00007ff9eb420000 - 0x00007ff9eb5cc000 	C:\Windows\System32\USER32.dll
0x00007ff9eae10000 - 0x00007ff9eae36000 	C:\Windows\System32\win32u.dll
0x00007ff9eb3f0000 - 0x00007ff9eb419000 	C:\Windows\System32\GDI32.dll
0x00007ff9eaec0000 - 0x00007ff9eafd2000 	C:\Windows\System32\gdi32full.dll
0x00007ff9e02d0000 - 0x00007ff9e0575000 	C:\Windows\WinSxS\amd64_microsoft.windows.common-controls_6595b64144ccf1df_6.0.22000.120_none_9d947278b86cc467\COMCTL32.dll
0x00007ff9eb790000 - 0x00007ff9eb833000 	C:\Windows\System32\msvcrt.dll
0x00007ff9ea630000 - 0x00007ff9ea6cd000 	C:\Windows\System32\msvcp_win.dll
0x00007ff9ebb30000 - 0x00007ff9ebb61000 	C:\Windows\System32\IMM32.DLL
0x00007ff9a8930000 - 0x00007ff9a89cd000 	C:\Program Files\Android\Android Studio\jre\bin\msvcp140.dll
0x00007ff9aded0000 - 0x00007ff9ae9a5000 	C:\Program Files\Android\Android Studio\jre\bin\server\jvm.dll
0x00007ff9ebb70000 - 0x00007ff9ebc1e000 	C:\Windows\System32\ADVAPI32.dll
0x00007ff9eb6f0000 - 0x00007ff9eb78e000 	C:\Windows\System32\sechost.dll
0x00007ff9eb5d0000 - 0x00007ff9eb6f0000 	C:\Windows\System32\RPCRT4.dll
0x00007ff9eb000000 - 0x00007ff9eb008000 	C:\Windows\System32\PSAPI.DLL
0x00007ff9e7410000 - 0x00007ff9e7419000 	C:\Windows\SYSTEM32\WSOCK32.dll
0x00007ff9ec020000 - 0x00007ff9ec08f000 	C:\Windows\System32\WS2_32.dll
0x00007ff9e0580000 - 0x00007ff9e05b3000 	C:\Windows\SYSTEM32\WINMM.dll
0x00007ff9e16a0000 - 0x00007ff9e16aa000 	C:\Windows\SYSTEM32\VERSION.dll
0x00007ff9e9730000 - 0x00007ff9e9748000 	C:\Windows\SYSTEM32\kernel.appcore.dll
0x00007ff9afb90000 - 0x00007ff9afba1000 	C:\Program Files\Android\Android Studio\jre\bin\verify.dll
0x00007ff9d6430000 - 0x00007ff9d6651000 	C:\Windows\SYSTEM32\DBGHELP.DLL
0x00007ff9d63f0000 - 0x00007ff9d6421000 	C:\Windows\SYSTEM32\dbgcore.DLL
0x00007ff9eae40000 - 0x00007ff9eaebf000 	C:\Windows\System32\bcryptPrimitives.dll
0x00007ff9af1a0000 - 0x00007ff9af1c9000 	C:\Program Files\Android\Android Studio\jre\bin\java.dll
0x00007ff9e7400000 - 0x00007ff9e740b000 	C:\Program Files\Android\Android Studio\jre\bin\jimage.dll
0x00007ff9af180000 - 0x00007ff9af198000 	C:\Program Files\Android\Android Studio\jre\bin\zip.dll
0x00007ff9ec090000 - 0x00007ff9ec83e000 	C:\Windows\System32\SHELL32.dll
0x00007ff9e87a0000 - 0x00007ff9e9008000 	C:\Windows\SYSTEM32\windows.storage.dll
0x00007ff9ebc20000 - 0x00007ff9ebf98000 	C:\Windows\System32\combase.dll
0x00007ff9e8630000 - 0x00007ff9e8796000 	C:\Windows\SYSTEM32\wintypes.dll
0x00007ff9eb140000 - 0x00007ff9eb22a000 	C:\Windows\System32\SHCORE.dll
0x00007ff9eb0e0000 - 0x00007ff9eb13d000 	C:\Windows\System32\shlwapi.dll
0x00007ff9ea560000 - 0x00007ff9ea581000 	C:\Windows\SYSTEM32\profapi.dll
0x00007ff9af160000 - 0x00007ff9af17a000 	C:\Program Files\Android\Android Studio\jre\bin\net.dll
0x00007ff9e16b0000 - 0x00007ff9e17bc000 	C:\Windows\SYSTEM32\WINHTTP.dll
0x00007ff9e9b60000 - 0x00007ff9e9bc7000 	C:\Windows\system32\mswsock.dll
0x00007ff9adeb0000 - 0x00007ff9adec4000 	C:\Program Files\Android\Android Studio\jre\bin\nio.dll
0x00007ff9de0a0000 - 0x00007ff9de0c7000 	C:\Users\amirn\.gradle\native\f6784746aeab05261644944871eae4fe03e0ef1612fff0a4a95f87b438bc6780\windows-amd64\native-platform.dll
0x00007ff9e1510000 - 0x00007ff9e151a000 	C:\Program Files\Android\Android Studio\jre\bin\management.dll
0x00007ff9d3a60000 - 0x00007ff9d3a6d000 	C:\Program Files\Android\Android Studio\jre\bin\management_ext.dll
0x00007ff9e9da0000 - 0x00007ff9e9db8000 	C:\Windows\SYSTEM32\CRYPTSP.dll
0x00007ff9e9690000 - 0x00007ff9e96c5000 	C:\Windows\system32\rsaenh.dll
0x00007ff9e9c50000 - 0x00007ff9e9c79000 	C:\Windows\SYSTEM32\USERENV.dll
0x00007ff9e9ff0000 - 0x00007ff9ea017000 	C:\Windows\SYSTEM32\bcrypt.dll
0x00007ff9e9dc0000 - 0x00007ff9e9dcc000 	C:\Windows\SYSTEM32\CRYPTBASE.dll
0x00007ff9e9250000 - 0x00007ff9e927d000 	C:\Windows\SYSTEM32\IPHLPAPI.DLL
0x00007ff9ec840000 - 0x00007ff9ec849000 	C:\Windows\System32\NSI.dll
0x00007ff9e15c0000 - 0x00007ff9e15d9000 	C:\Windows\SYSTEM32\dhcpcsvc6.DLL
0x00007ff9e2a80000 - 0x00007ff9e2a9e000 	C:\Windows\SYSTEM32\dhcpcsvc.DLL
0x00007ff9e9280000 - 0x00007ff9e9367000 	C:\Windows\SYSTEM32\DNSAPI.dll
0x00007ff9e1530000 - 0x00007ff9e153c000 	C:\Windows\SYSTEM32\WINNSI.DLL

dbghelp: loaded successfully - version: 4.0.5 - missing functions: none
symbol engine: initialized successfully - sym options: 0x614 - pdb path: .;C:\Program Files\Android\Android Studio\jre\bin;C:\Windows\SYSTEM32;C:\Windows\WinSxS\amd64_microsoft.windows.common-controls_6595b64144ccf1df_6.0.22000.120_none_9d947278b86cc467;C:\Program Files\Android\Android Studio\jre\bin\server;C:\Users\amirn\.gradle\native\f6784746aeab05261644944871eae4fe03e0ef1612fff0a4a95f87b438bc6780\windows-amd64

VM Arguments:
jvm_args: --add-opens=java.base/java.util=ALL-UNNAMED --add-opens=java.base/java.lang=ALL-UNNAMED --add-opens=java.base/java.lang.invoke=ALL-UNNAMED --add-opens=java.prefs/java.util.prefs=ALL-UNNAMED -Xmx2048m -Dfile.encoding=UTF-8 -Duser.country=US -Duser.language=en -Duser.variant 
java_command: org.gradle.launcher.daemon.bootstrap.GradleDaemon 6.5
java_class_path (initial): C:\Users\amirn\.gradle\wrapper\dists\gradle-6.5-bin\6nifqtx7604sqp1q6g8wikw7p\gradle-6.5\lib\gradle-launcher-6.5.jar
Launcher Type: SUN_STANDARD

[Global flags]
     intx CICompilerCount                          = 3                                         {product} {ergonomic}
     uint ConcGCThreads                            = 1                                         {product} {ergonomic}
     uint G1ConcRefinementThreads                  = 4                                         {product} {ergonomic}
   size_t G1HeapRegionSize                         = 1048576                                   {product} {ergonomic}
    uintx GCDrainStackTargetSize                   = 64                                        {product} {ergonomic}
   size_t InitialHeapSize                          = 134217728                                 {product} {ergonomic}
   size_t MarkStackSize                            = 4194304                                   {product} {ergonomic}
   size_t MaxHeapSize                              = 2147483648                                {product} {command line}
   size_t MaxNewSize                               = 1287651328                                {product} {ergonomic}
   size_t MinHeapDeltaBytes                        = 1048576                                   {product} {ergonomic}
    uintx NonNMethodCodeHeapSize                   = 5830732                                {pd product} {ergonomic}
    uintx NonProfiledCodeHeapSize                  = 122913754                              {pd product} {ergonomic}
    uintx ProfiledCodeHeapSize                     = 122913754                              {pd product} {ergonomic}
    uintx ReservedCodeCacheSize                    = 251658240                              {pd product} {ergonomic}
     bool SegmentedCodeCache                       = true                                      {product} {ergonomic}
     bool UseCompressedClassPointers               = true                                 {lp64_product} {ergonomic}
     bool UseCompressedOops                        = true                                 {lp64_product} {ergonomic}
     bool UseG1GC                                  = true                                      {product} {ergonomic}
     bool UseLargePagesIndividualAllocation        = false                                  {pd product} {ergonomic}

Logging:
Log output configuration:
 #0: stdout all=warning uptime,level,tags
 #1: stderr all=off uptime,level,tags

Environment Variables:
PATH=C:\Program Files (x86)\Common Files\Oracle\Java\javapath;C:\Program Files\Common Files\Oracle\Java\javapath;C:\Program Files (x86)\NVIDIA Corporation\PhysX\Common;C:\Windows\system32;C:\Windows;C:\Windows\System32\Wbem;C:\Windows\System32\WindowsPowerShell\v1.0\;C:\Windows\System32\OpenSSH\;C:\Program Files\Git\cmd;C:\Program Files\dotnet\;C:\Users\amirn\AppData\Local\Microsoft\WindowsApps;
USERNAME=iamnovinfar.ir
OS=Windows_NT
PROCESSOR_IDENTIFIER=AMD64 Family 16 Model 5 Stepping 2, AuthenticAMD



---------------  S Y S T E M  ---------------

OS: Windows 10 , 64 bit Build 22000 (10.0.22000.434)
OS uptime: 0 days 0:30 hours

CPU:total 4 (initial active 4) (4 cores per cpu, 1 threads per core) family 16 model 5 stepping 2 microcode 0x0, cmov, cx8, fxsr, mmx, sse, sse2, sse3, popcnt, mmxext, 3dnowpref, lzcnt, sse4a, tsc, tscinvbit, tscinv

Memory: 4k page, system-wide physical 8191M (1018M free)
TotalPageFile size 11647M (AvailPageFile size 2874M)
current process WorkingSet (physical memory assigned to process): 394M, peak: 401M
current process commit charge ("private bytes"): 426M, peak: 433M

vm_info: OpenJDK 64-Bit Server VM (11.0.11+9-b60-7590822) for windows-amd64 JRE (11.0.11+9-b60-7590822), built on Jul 29 2021 21:43:44 by "builder" with MS VC++ 14.0 (VS2015)

END.
