#
# A fatal error has been detected by the Java Runtime Environment:
#
#  EXCEPTION_ACCESS_VIOLATION (0xc0000005) at pc=0x000002278a92385a, pid=7952, tid=10328
#
# JRE version: OpenJDK Runtime Environment (11.0.11+9) (build 11.0.11+9-b60-7590822)
# Java VM: OpenJDK 64-Bit Server VM (11.0.11+9-b60-7590822, mixed mode, tiered, compressed oops, g1 gc, windows-amd64)
# Problematic frame:
# J 947 c1 java.util.HashSet.isEmpty()Z java.base@11.0.11 (8 bytes) @ 0x000002278a92385a [0x000002278a923740+0x000000000000011a]
#
# No core dump will be written. Minidumps are not enabled by default on client versions of Windows
#
# If you would like to submit a bug report, please visit:
#   https://bugreport.java.com/bugreport/crash.jsp
#

---------------  S U M M A R Y ------------

Command Line: --add-opens=java.base/java.util=ALL-UNNAMED --add-opens=java.base/java.lang=ALL-UNNAMED --add-opens=java.base/java.lang.invoke=ALL-UNNAMED --add-opens=java.prefs/java.util.prefs=ALL-UNNAMED -Xmx2048m -Dfile.encoding=UTF-8 -Duser.country=US -Duser.language=en -Duser.variant org.gradle.launcher.daemon.bootstrap.GradleDaemon 6.5

Host: AMD Athlon(tm) II X4 620 Processor, 4 cores, 7G,  Windows 10 , 64 bit Build 22000 (10.0.22000.434)
Time: Mon Mar 21 18:52:31 2022 Iran Standard Time elapsed time: 236.616931 seconds (0d 0h 3m 56s)

---------------  T H R E A D  ---------------

Current thread (0x00000227a3088800):  JavaThread "Execution worker for ':' Thread 3" [_thread_in_Java, id=10328, stack(0x000000f3b5d00000,0x000000f3b5e00000)]

Stack: [0x000000f3b5d00000,0x000000f3b5e00000],  sp=0x000000f3b5dfa260,  free space=1000k
Native frames: (J=compiled Java code, j=interpreted, Vv=VM code, C=native code)
C  0x000002278a92385a


siginfo: EXCEPTION_ACCESS_VIOLATION (0xc0000005), reading address 0x0000089e81063cc6


Register to memory mapping:

RIP=0x000002278a92385a is at entry_point+282 in (nmethod*)0x000002278a923590
RAX=0x0000000000000006 is an unknown value
RBX={method} {0x00000227a0423f80} 'isEmpty' '()Z' in 'java/util/HashSet'
RCX={method} {0x00000227a0418f50} 'isEmpty' '()Z' in 'java/util/Set'
RDX=0x0000000087d3db10 is an oop: java.util.LinkedHashSet 
{0x0000000087d3db10} - klass: 'java/util/LinkedHashSet'
RSP=0x000000f3b5dfa260 is pointing into the stack for thread: 0x00000227a3088800
RBP=0x000000f3b5dfa300 is pointing into the stack for thread: 0x00000227a3088800
RSI=0x00000227a08854d8 is pointing into metadata
RDI=0x000000000000e5f8 is an unknown value
R8 =0x0000000000000008 is an unknown value
R9 =0x00000227a50a5390 points into unknown readable memory: 0x0000003c00000005 | 05 00 00 00 3c 00 00 00
R10=0x00007ff9ae8ea250 jvm.dll
R11=0x000002278a923760 is at entry_point+32 in (nmethod*)0x000002278a923590
R12=0x0 is NULL
R13=0x000000f3b5dfa2b0 is pointing into the stack for thread: 0x00000227a3088800
R14=0x00000001000882b8 is pointing into metadata
R15=0x00000227a3088800 is a thread


Registers:
RAX=0x0000000000000006, RBX=0x00000227a0423f78, RCX=0x00000227a0418f48, RDX=0x0000000087d3db10
RSP=0x000000f3b5dfa260, RBP=0x000000f3b5dfa300, RSI=0x00000227a08854d8, RDI=0x000000000000e5f8
R8 =0x0000000000000008, R9 =0x00000227a50a5390, R10=0x00007ff9ae8ea250, R11=0x000002278a923760
R12=0x0000000000000000, R13=0x000000f3b5dfa2b0, R14=0x00000001000882b8, R15=0x00000227a3088800
RIP=0x000002278a92385a, EFLAGS=0x0000000000010206

Top of Stack: (sp=0x000000f3b5dfa260)
0x000000f3b5dfa260:   00000227a2b1c140 00000227a2b1c518
0x000000f3b5dfa270:   0000000000000005 000002278a1ed375
0x000000f3b5dfa280:   00000000000000b9 0000000000000fa0
0x000000f3b5dfa290:   000000f3b5dfa300 000002278a1d98d5
0x000000f3b5dfa2a0:   0000000000000fa0 000002278a1d98d5
0x000000f3b5dfa2b0:   0000000087d3db10 000000f3b5dfa2b8
0x000000f3b5dfa2c0:   00000227ac28a946 000000f3b5dfa310
0x000000f3b5dfa2d0:   00000227ac290040 0000000000000000
0x000000f3b5dfa2e0:   0000000087d30528 00000227ac28a980
0x000000f3b5dfa2f0:   000000f3b5dfa2b0 000000f3b5dfa310
0x000000f3b5dfa300:   000000f3b5dfa360 000002278a1d9890
0x000000f3b5dfa310:   0000000087d3cc18 000000f3b5dfa318
0x000000f3b5dfa320:   00000227ac289681 000000f3b5dfa3c0
0x000000f3b5dfa330:   00000227ac290040 0000000000000000
0x000000f3b5dfa340:   0000000087d30528 00000227ac289d40
0x000000f3b5dfa350:   000000f3b5dfa310 000000f3b5dfa3c0 

Instructions: (pc=0x000002278a92385a)
0x000002278a92375a:   1f 80 00 00 00 00 89 84 24 00 90 ff ff 55 48 83
0x000002278a92376a:   ec 30 48 b8 38 86 92 a1 27 02 00 00 8b b0 04 01
0x000002278a92377a:   00 00 83 c6 08 89 b0 04 01 00 00 81 e6 f8 1f 00
0x000002278a92378a:   00 83 fe 00 0f 84 2f 01 00 00 8b 42 0c 48 3b 00
0x000002278a92379a:   48 8b f0 48 bf 38 86 92 a1 27 02 00 00 8b 76 08
0x000002278a9237aa:   48 c1 e6 03 48 3b b7 50 01 00 00 75 0d 48 83 87
0x000002278a9237ba:   58 01 00 00 01 e9 66 00 00 00 48 3b b7 60 01 00
0x000002278a9237ca:   00 75 0d 48 83 87 68 01 00 00 01 e9 50 00 00 00
0x000002278a9237da:   48 81 bf 50 01 00 00 00 00 00 00 75 17 48 89 b7
0x000002278a9237ea:   50 01 00 00 48 c7 87 58 01 00 00 01 00 00 00 e9
0x000002278a9237fa:   2c 00 00 00 48 81 bf 60 01 00 00 00 00 00 00 75
0x000002278a92380a:   17 48 89 b7 60 01 00 00 48 c7 87 68 01 00 00 01
0x000002278a92381a:   00 00 00 e9 08 00 00 00 48 83 87 40 01 00 00 01
0x000002278a92382a:   48 be d8 54 88 a0 27 02 00 00 8b be 04 01 00 00
0x000002278a92383a:   83 c7 08 89 be 04 01 00 00 81 e7 f8 ff 7f 00 83
0x000002278a92384a:   ff 00 0f 84 97 00 00 00 8b 40 14 83 f8 00 48 b8
0x000002278a92385a:   d8 54 88 a0 27 02 00 00 48 be 40 01 00 00 00 00
0x000002278a92386a:   00 00 0f 85 0a 00 00 00 48 be 50 01 00 00 00 00
0x000002278a92387a:   00 00 48 8b 3c 30 48 8d 7f 01 48 89 3c 30 0f 85
0x000002278a92388a:   1a 00 00 00 48 b8 d8 54 88 a0 27 02 00 00 ff 80
0x000002278a92389a:   60 01 00 00 b8 01 00 00 00 e9 05 00 00 00 b8 00
0x000002278a9238aa:   00 00 00 83 e0 01 83 e0 01 48 83 c4 30 5d 4d 8b
0x000002278a9238ba:   97 08 01 00 00 41 85 02 c3 49 ba 78 3f 42 a0 27
0x000002278a9238ca:   02 00 00 4c 89 54 24 08 48 c7 04 24 ff ff ff ff
0x000002278a9238da:   e8 21 a2 99 ff e9 b0 fe ff ff e8 37 5a 99 ff 49
0x000002278a9238ea:   ba 90 7c 42 a0 27 02 00 00 4c 89 54 24 08 48 c7
0x000002278a9238fa:   04 24 ff ff ff ff e8 fb a1 99 ff e9 48 ff ff ff
0x000002278a92390a:   90 90 49 8b 87 20 04 00 00 49 ba 00 00 00 00 00
0x000002278a92391a:   00 00 00 4d 89 97 20 04 00 00 49 ba 00 00 00 00
0x000002278a92392a:   00 00 00 00 4d 89 97 28 04 00 00 48 83 c4 30 5d
0x000002278a92393a:   e9 41 82 90 ff f4 e8 bb 75 99 ff 48 b9 48 a2 6c
0x000002278a92394a:   ae f9 7f 00 00 48 83 e4 f0 49 ba e0 1a 40 ae f9 


Stack slot to memory mapping:
stack at sp + 0 slots: 0x00000227a2b1c140 points into unknown readable memory: 0x6974752e6176616a | 6a 61 76 61 2e 75 74 69
stack at sp + 1 slots: 0x00000227a2b1c518 points into unknown readable memory: 0x88000100d6a4c58f | 8f c5 a4 d6 00 01 00 88
stack at sp + 2 slots: 0x0000000000000005 is an unknown value
stack at sp + 3 slots: 0x000002278a1ed375 is at code_begin+181 in an Interpreter codelet
invokeinterface  185 invokeinterface  [0x000002278a1ed2c0, 0x000002278a1eddc0]  2816 bytes
stack at sp + 4 slots: 0x00000000000000b9 is an unknown value
stack at sp + 5 slots: 0x0000000000000fa0 is an unknown value
stack at sp + 6 slots: 0x000000f3b5dfa300 is pointing into the stack for thread: 0x00000227a3088800
stack at sp + 7 slots: 0x000002278a1d98d5 is at code_begin+277 in an Interpreter codelet
invoke return entry points  [0x000002278a1d97c0, 0x000002278a1da1a0]  2528 bytes



---------------  P R O C E S S  ---------------

Threads class SMR info:
_java_thread_list=0x00000227a3309c10, length=55, elements={
0x00000227866cc000, 0x00000227a02af000, 0x00000227a02b2800, 0x00000227a0c43800,
0x00000227a02cd000, 0x00000227a02cf000, 0x00000227a02d1000, 0x00000227a02d5000,
0x00000227a02dc000, 0x00000227a0d94800, 0x00000227a27f1800, 0x00000227a228b000,
0x00000227a2180800, 0x00000227a21a0800, 0x00000227a1fa2000, 0x00000227a135b800,
0x00000227a135c000, 0x00000227a2690800, 0x00000227a177a000, 0x00000227a1779000,
0x00000227a1774800, 0x00000227a1778800, 0x00000227a1777800, 0x00000227a2913000,
0x00000227a2911000, 0x00000227a290f800, 0x00000227a2910800, 0x00000227a2916000,
0x00000227a2919800, 0x00000227a2913800, 0x00000227a2915800, 0x00000227a291a000,
0x00000227a307f800, 0x00000227a3084000, 0x00000227a3086000, 0x00000227a3086800,
0x00000227a3081000, 0x00000227a3088800, 0x00000227a3087800, 0x00000227a3080000,
0x00000227a3089000, 0x00000227a308c800, 0x00000227a3082800, 0x00000227a308e000,
0x00000227a308a000, 0x00000227a308b800, 0x00000227a308d000, 0x00000227a2912000,
0x00000227a291b000, 0x00000227a291c000, 0x00000227a291c800, 0x00000227a291d800,
0x00000227a177b000, 0x00000227a1776800, 0x00000227a1775000
}

Java Threads: ( => current thread )
  0x00000227866cc000 JavaThread "main" [_thread_blocked, id=3556, stack(0x000000f3ad600000,0x000000f3ad700000)]
  0x00000227a02af000 JavaThread "Reference Handler" daemon [_thread_blocked, id=556, stack(0x000000f3add00000,0x000000f3ade00000)]
  0x00000227a02b2800 JavaThread "Finalizer" daemon [_thread_blocked, id=652, stack(0x000000f3ade00000,0x000000f3adf00000)]
  0x00000227a0c43800 JavaThread "Signal Dispatcher" daemon [_thread_blocked, id=8760, stack(0x000000f3adf00000,0x000000f3ae000000)]
  0x00000227a02cd000 JavaThread "Attach Listener" daemon [_thread_blocked, id=7180, stack(0x000000f3ae000000,0x000000f3ae100000)]
  0x00000227a02cf000 JavaThread "Service Thread" daemon [_thread_blocked, id=656, stack(0x000000f3ae100000,0x000000f3ae200000)]
  0x00000227a02d1000 JavaThread "C2 CompilerThread0" daemon [_thread_blocked, id=10048, stack(0x000000f3ae200000,0x000000f3ae300000)]
  0x00000227a02d5000 JavaThread "C1 CompilerThread0" daemon [_thread_blocked, id=7896, stack(0x000000f3ae300000,0x000000f3ae400000)]
  0x00000227a02dc000 JavaThread "Sweeper thread" daemon [_thread_blocked, id=10052, stack(0x000000f3ae400000,0x000000f3ae500000)]
  0x00000227a0d94800 JavaThread "Common-Cleaner" daemon [_thread_blocked, id=9548, stack(0x000000f3ae500000,0x000000f3ae600000)]
  0x00000227a27f1800 JavaThread "Daemon health stats" [_thread_blocked, id=4648, stack(0x000000f3ae900000,0x000000f3aea00000)]
  0x00000227a228b000 JavaThread "Incoming local TCP Connector on port 50848" [_thread_in_native, id=1724, stack(0x000000f3aec00000,0x000000f3aed00000)]
  0x00000227a2180800 JavaThread "Daemon periodic checks" [_thread_blocked, id=9444, stack(0x000000f3aed00000,0x000000f3aee00000)]
  0x00000227a21a0800 JavaThread "Daemon" [_thread_blocked, id=10524, stack(0x000000f3aee00000,0x000000f3aef00000)]
  0x00000227a1fa2000 JavaThread "Handler for socket connection from /127.0.0.1:50848 to /127.0.0.1:50852" [_thread_in_native, id=356, stack(0x000000f3aef00000,0x000000f3af000000)]
  0x00000227a135b800 JavaThread "Cancel handler" [_thread_blocked, id=312, stack(0x000000f3af000000,0x000000f3af100000)]
  0x00000227a135c000 JavaThread "Daemon worker" [_thread_blocked, id=11124, stack(0x000000f3af100000,0x000000f3af200000)]
  0x00000227a2690800 JavaThread "Asynchronous log dispatcher for DefaultDaemonConnection: socket connection from /127.0.0.1:50848 to /127.0.0.1:50852" [_thread_blocked, id=5568, stack(0x000000f3af200000,0x000000f3af300000)]
  0x00000227a177a000 JavaThread "Thread-8" [_thread_blocked, id=5996, stack(0x000000f3af400000,0x000000f3af500000)]
  0x00000227a1779000 JavaThread "Cache worker for journal cache (C:\Users\amirn\.gradle\caches\journal-1)" [_thread_blocked, id=296, stack(0x000000f3af600000,0x000000f3af700000)]
  0x00000227a1774800 JavaThread "File lock request listener" [_thread_in_native, id=9724, stack(0x000000f3af700000,0x000000f3af800000)]
  0x00000227a1778800 JavaThread "Cache worker for file hash cache (C:\Users\amirn\.gradle\caches\6.5\fileHashes)" [_thread_blocked, id=8736, stack(0x000000f3af800000,0x000000f3af900000)]
  0x00000227a1777800 JavaThread "Cache worker for file hash cache (C:\Users\amirn\Desktop\Shorten-Link-App\.gradle\6.5\fileHashes)" [_thread_blocked, id=636, stack(0x000000f3af900000,0x000000f3afa00000)]
  0x00000227a2913000 JavaThread "Cache worker for checksums cache (C:\Users\amirn\Desktop\Shorten-Link-App\.gradle\checksums)" [_thread_blocked, id=9660, stack(0x000000f3aff00000,0x000000f3b0000000)]
  0x00000227a2911000 JavaThread "Cache worker for cache directory md-supplier (C:\Users\amirn\.gradle\caches\6.5\md-supplier)" [_thread_blocked, id=7744, stack(0x000000f3b0000000,0x000000f3b0100000)]
  0x00000227a290f800 JavaThread "Cache worker for cache directory md-rule (C:\Users\amirn\.gradle\caches\6.5\md-rule)" [_thread_blocked, id=7240, stack(0x000000f3b0100000,0x000000f3b0200000)]
  0x00000227a2910800 JavaThread "Cache worker for execution history cache (C:\Users\amirn\.gradle\caches\6.5\executionHistory)" [_thread_blocked, id=11052, stack(0x000000f3b0300000,0x000000f3b0400000)]
  0x00000227a2916000 JavaThread "Cache worker for file content cache (C:\Users\amirn\.gradle\caches\6.5\fileContent)" [_thread_blocked, id=9648, stack(0x000000f3b0200000,0x000000f3b0300000)]
  0x00000227a2919800 JavaThread "Build operations" [_thread_blocked, id=11144, stack(0x000000f3ad300000,0x000000f3ad400000)]
  0x00000227a2913800 JavaThread "Build operations Thread 2" [_thread_blocked, id=10924, stack(0x000000f3ad400000,0x000000f3ad500000)]
  0x00000227a2915800 JavaThread "Build operations Thread 3" [_thread_blocked, id=11260, stack(0x000000f3ad500000,0x000000f3ad600000)]
  0x00000227a291a000 JavaThread "Build operations Thread 4" [_thread_blocked, id=10324, stack(0x000000f3b0400000,0x000000f3b0500000)]
  0x00000227a307f800 JavaThread "Cache worker for Build Output Cleanup Cache (C:\Users\amirn\Desktop\Shorten-Link-App\.gradle\buildOutputCleanup)" [_thread_blocked, id=812, stack(0x000000f3b5700000,0x000000f3b5800000)]
  0x00000227a3084000 JavaThread "Memory manager" [_thread_blocked, id=2100, stack(0x000000f3b5800000,0x000000f3b5900000)]
  0x00000227a3086000 JavaThread "Cache worker for file content cache (C:\Users\amirn\Desktop\Shorten-Link-App\.gradle\6.5\fileContent)" [_thread_blocked, id=10908, stack(0x000000f3b5900000,0x000000f3b5a00000)]
  0x00000227a3086800 JavaThread "Execution worker for ':'" [_thread_blocked, id=1176, stack(0x000000f3b5b00000,0x000000f3b5c00000)]
  0x00000227a3081000 JavaThread "Execution worker for ':' Thread 2" [_thread_blocked, id=7060, stack(0x000000f3b5c00000,0x000000f3b5d00000)]
=>0x00000227a3088800 JavaThread "Execution worker for ':' Thread 3" [_thread_in_Java, id=10328, stack(0x000000f3b5d00000,0x000000f3b5e00000)]
  0x00000227a3087800 JavaThread "Cache worker for execution history cache (C:\Users\amirn\Desktop\Shorten-Link-App\.gradle\6.5\executionHistory)" [_thread_blocked, id=5096, stack(0x000000f3b5e00000,0x000000f3b5f00000)]
  0x00000227a3080000 JavaThread "WorkerExecutor Queue Thread 2" [_thread_blocked, id=3316, stack(0x000000f3af300000,0x000000f3af400000)]
  0x00000227a3089000 JavaThread "WorkerExecutor Queue Thread 3" [_thread_blocked, id=5100, stack(0x000000f3afa00000,0x000000f3afb00000)]
  0x00000227a308c800 JavaThread "WorkerExecutor Queue Thread 4" [_thread_blocked, id=360, stack(0x000000f3afb00000,0x000000f3afc00000)]
  0x00000227a3082800 JavaThread "Java2D Disposer" daemon [_thread_blocked, id=10308, stack(0x000000f3aea00000,0x000000f3aeb00000)]
  0x00000227a308e000 JavaThread "pool-2-thread-1" [_thread_blocked, id=10872, stack(0x000000f3b0500000,0x000000f3b0600000)]
  0x00000227a308a000 JavaThread "stderr" [_thread_in_native, id=7568, stack(0x000000f3b0600000,0x000000f3b0700000)]
  0x00000227a308b800 JavaThread "stderr" [_thread_in_native, id=9408, stack(0x000000f3b0700000,0x000000f3b0800000)]
  0x00000227a308d000 JavaThread "stderr" [_thread_in_native, id=8732, stack(0x000000f3b0800000,0x000000f3b0900000)]
  0x00000227a2912000 JavaThread "stdout" [_thread_in_native, id=11100, stack(0x000000f3b0900000,0x000000f3b0a00000)]
  0x00000227a291b000 JavaThread "stdout" [_thread_in_native, id=11048, stack(0x000000f3b0a00000,0x000000f3b0b00000)]
  0x00000227a291c000 JavaThread "stdout" [_thread_in_native, id=6760, stack(0x000000f3b0b00000,0x000000f3b0c00000)]
  0x00000227a291c800 JavaThread "stderr" [_thread_in_native, id=8820, stack(0x000000f3b0c00000,0x000000f3b0d00000)]
  0x00000227a291d800 JavaThread "stdout" [_thread_in_native, id=9364, stack(0x000000f3b0d00000,0x000000f3b0e00000)]
  0x00000227a177b000 JavaThread "WorkerExecutor Queue Thread 5" [_thread_blocked, id=6668, stack(0x000000f3afe00000,0x000000f3aff00000)]
  0x00000227a1776800 JavaThread "Cache worker for Java compile cache (C:\Users\amirn\.gradle\caches\6.5\javaCompile)" [_thread_blocked, id=9716, stack(0x000000f3aeb00000,0x000000f3aec00000)]
  0x00000227a1775000 JavaThread "Cache worker for Java compile cache (C:\Users\amirn\Desktop\Shorten-Link-App\.gradle\6.5\javaCompile)" [_thread_blocked, id=10552, stack(0x000000f3afc00000,0x000000f3afd00000)]

Other Threads:
  0x00000227a02a9800 VMThread "VM Thread" [stack: 0x000000f3adc00000,0x000000f3add00000] [id=624]
  0x00000227a0db0000 WatcherThread [stack: 0x000000f3ae600000,0x000000f3ae700000] [id=9840]
  0x00000227866e6800 GCTaskThread "GC Thread#0" [stack: 0x000000f3ad700000,0x000000f3ad800000] [id=4920]
  0x00000227a120c000 GCTaskThread "GC Thread#1" [stack: 0x000000f3ae700000,0x000000f3ae800000] [id=1448]
  0x00000227a120c800 GCTaskThread "GC Thread#2" [stack: 0x000000f3ae800000,0x000000f3ae900000] [id=10416]
  0x00000227a205a000 GCTaskThread "GC Thread#3" [stack: 0x000000f3af500000,0x000000f3af600000] [id=9828]
  0x0000022786715800 ConcurrentGCThread "G1 Main Marker" [stack: 0x000000f3ad800000,0x000000f3ad900000] [id=10284]
  0x0000022786717000 ConcurrentGCThread "G1 Conc#0" [stack: 0x000000f3ad900000,0x000000f3ada00000] [id=348]
  0x00000227867a9000 ConcurrentGCThread "G1 Refine#0" [stack: 0x000000f3ada00000,0x000000f3adb00000] [id=5092]
  0x00000227a77fd800 ConcurrentGCThread "G1 Refine#1" [stack: 0x000000f3b1200000,0x000000f3b1300000] [id=4020]
  0x00000227867aa000 ConcurrentGCThread "G1 Young RemSet Sampling" [stack: 0x000000f3adb00000,0x000000f3adc00000] [id=9572]

Threads with active compile tasks:

VM state:not at safepoint (normal execution)

VM Mutex/Monitor currently owned by a thread: None

Heap address: 0x0000000080000000, size: 2048 MB, Compressed Oops mode: 32-bit
Narrow klass base: 0x0000000000000000, Narrow klass shift: 3
Compressed class space size: 1073741824 Address: 0x0000000100000000

Heap:
 garbage-first heap   total 131072K, used 89382K [0x0000000080000000, 0x0000000100000000)
  region size 1024K, 10 young (10240K), 4 survivors (4096K)
 Metaspace       used 86355K, capacity 88812K, committed 89084K, reserved 1126400K
  class space    used 10912K, capacity 11822K, committed 11904K, reserved 1048576K
Heap Regions: E=young(eden), S=young(survivor), O=old, HS=humongous(starts), HC=humongous(continues), CS=collection set, F=free, A=archive, TAMS=top-at-mark-start (previous, next)
|   0|0x0000000080000000, 0x0000000080100000, 0x0000000080100000|100%| O|  |TAMS 0x0000000080100000, 0x0000000080000000| Untracked 
|   1|0x0000000080100000, 0x0000000080200000, 0x0000000080200000|100%| O|  |TAMS 0x0000000080200000, 0x0000000080100000| Untracked 
|   2|0x0000000080200000, 0x0000000080300000, 0x0000000080300000|100%| O|  |TAMS 0x0000000080300000, 0x0000000080200000| Untracked 
|   3|0x0000000080300000, 0x0000000080400000, 0x0000000080400000|100%|HS|  |TAMS 0x0000000080400000, 0x0000000080300000| Complete 
|   4|0x0000000080400000, 0x0000000080500000, 0x0000000080500000|100%|HC|  |TAMS 0x0000000080500000, 0x0000000080400000| Complete 
|   5|0x0000000080500000, 0x0000000080600000, 0x0000000080600000|100%|HC|  |TAMS 0x0000000080600000, 0x0000000080500000| Complete 
|   6|0x0000000080600000, 0x0000000080700000, 0x0000000080700000|100%| O|  |TAMS 0x0000000080700000, 0x0000000080600000| Untracked 
|   7|0x0000000080700000, 0x0000000080800000, 0x0000000080800000|100%| O|  |TAMS 0x0000000080800000, 0x0000000080700000| Untracked 
|   8|0x0000000080800000, 0x0000000080900000, 0x0000000080900000|100%| O|  |TAMS 0x0000000080900000, 0x0000000080800000| Untracked 
|   9|0x0000000080900000, 0x0000000080a00000, 0x0000000080a00000|100%| O|  |TAMS 0x0000000080a00000, 0x0000000080900000| Complete 
|  10|0x0000000080a00000, 0x0000000080b00000, 0x0000000080b00000|100%| O|  |TAMS 0x0000000080b00000, 0x0000000080a00000| Untracked 
|  11|0x0000000080b00000, 0x0000000080c00000, 0x0000000080c00000|100%| O|  |TAMS 0x0000000080c00000, 0x0000000080b00000| Untracked 
|  12|0x0000000080c00000, 0x0000000080d00000, 0x0000000080d00000|100%| O|  |TAMS 0x0000000080d00000, 0x0000000080c00000| Untracked 
|  13|0x0000000080d00000, 0x0000000080e00000, 0x0000000080e00000|100%|HS|  |TAMS 0x0000000080e00000, 0x0000000080d00000| Complete 
|  14|0x0000000080e00000, 0x0000000080f00000, 0x0000000080f00000|100%|HC|  |TAMS 0x0000000080f00000, 0x0000000080e00000| Complete 
|  15|0x0000000080f00000, 0x0000000081000000, 0x0000000081000000|100%|HS|  |TAMS 0x0000000081000000, 0x0000000080f00000| Complete 
|  16|0x0000000081000000, 0x0000000081100000, 0x0000000081100000|100%|HC|  |TAMS 0x0000000081100000, 0x0000000081000000| Complete 
|  17|0x0000000081100000, 0x0000000081200000, 0x0000000081200000|100%|HC|  |TAMS 0x0000000081200000, 0x0000000081100000| Complete 
|  18|0x0000000081200000, 0x0000000081300000, 0x0000000081300000|100%|HS|  |TAMS 0x0000000081300000, 0x0000000081200000| Complete 
|  19|0x0000000081300000, 0x0000000081400000, 0x0000000081400000|100%|HC|  |TAMS 0x0000000081400000, 0x0000000081300000| Complete 
|  20|0x0000000081400000, 0x0000000081500000, 0x0000000081500000|100%|HC|  |TAMS 0x0000000081500000, 0x0000000081400000| Complete 
|  21|0x0000000081500000, 0x0000000081600000, 0x0000000081600000|100%|HC|  |TAMS 0x0000000081600000, 0x0000000081500000| Complete 
|  22|0x0000000081600000, 0x0000000081700000, 0x0000000081700000|100%| O|  |TAMS 0x0000000081700000, 0x0000000081600000| Untracked 
|  23|0x0000000081700000, 0x0000000081800000, 0x0000000081800000|100%| O|  |TAMS 0x0000000081800000, 0x0000000081700000| Untracked 
|  24|0x0000000081800000, 0x0000000081900000, 0x0000000081900000|100%| O|  |TAMS 0x0000000081900000, 0x0000000081800000| Complete 
|  25|0x0000000081900000, 0x0000000081a00000, 0x0000000081a00000|100%| O|  |TAMS 0x0000000081a00000, 0x0000000081900000| Complete 
|  26|0x0000000081a00000, 0x0000000081b00000, 0x0000000081b00000|100%| O|  |TAMS 0x0000000081b00000, 0x0000000081a00000| Untracked 
|  27|0x0000000081b00000, 0x0000000081c00000, 0x0000000081c00000|100%| O|  |TAMS 0x0000000081c00000, 0x0000000081b00000| Untracked 
|  28|0x0000000081c00000, 0x0000000081d00000, 0x0000000081d00000|100%| O|  |TAMS 0x0000000081d00000, 0x0000000081c00000| Complete 
|  29|0x0000000081d00000, 0x0000000081e00000, 0x0000000081e00000|100%| O|  |TAMS 0x0000000081e00000, 0x0000000081d00000| Untracked 
|  30|0x0000000081e00000, 0x0000000081f00000, 0x0000000081f00000|100%| O|  |TAMS 0x0000000081f00000, 0x0000000081e00000| Untracked 
|  31|0x0000000081f00000, 0x0000000082000000, 0x0000000082000000|100%| O|  |TAMS 0x0000000082000000, 0x0000000081f00000| Untracked 
|  32|0x0000000082000000, 0x0000000082100000, 0x0000000082100000|100%|HS|  |TAMS 0x0000000082100000, 0x0000000082000000| Complete 
|  33|0x0000000082100000, 0x0000000082200000, 0x0000000082200000|100%|HC|  |TAMS 0x0000000082200000, 0x0000000082100000| Complete 
|  34|0x0000000082200000, 0x0000000082300000, 0x0000000082300000|100%|HC|  |TAMS 0x0000000082300000, 0x0000000082200000| Complete 
|  35|0x0000000082300000, 0x0000000082400000, 0x0000000082400000|100%|HS|  |TAMS 0x0000000082400000, 0x0000000082300000| Complete 
|  36|0x0000000082400000, 0x0000000082500000, 0x0000000082500000|100%|HC|  |TAMS 0x0000000082500000, 0x0000000082400000| Complete 
|  37|0x0000000082500000, 0x0000000082600000, 0x0000000082600000|100%| O|  |TAMS 0x0000000082600000, 0x0000000082500000| Untracked 
|  38|0x0000000082600000, 0x0000000082700000, 0x0000000082700000|100%| O|  |TAMS 0x0000000082700000, 0x0000000082600000| Untracked 
|  39|0x0000000082700000, 0x0000000082800000, 0x0000000082800000|100%| O|  |TAMS 0x0000000082800000, 0x0000000082700000| Untracked 
|  40|0x0000000082800000, 0x0000000082900000, 0x0000000082900000|100%| O|  |TAMS 0x0000000082900000, 0x0000000082800000| Untracked 
|  41|0x0000000082900000, 0x0000000082a00000, 0x0000000082a00000|100%| O|  |TAMS 0x0000000082a00000, 0x0000000082900000| Complete 
|  42|0x0000000082a00000, 0x0000000082b00000, 0x0000000082b00000|100%| O|  |TAMS 0x0000000082b00000, 0x0000000082a00000| Untracked 
|  43|0x0000000082b00000, 0x0000000082c00000, 0x0000000082c00000|100%| O|  |TAMS 0x0000000082c00000, 0x0000000082b00000| Untracked 
|  44|0x0000000082c00000, 0x0000000082d00000, 0x0000000082d00000|100%| O|  |TAMS 0x0000000082d00000, 0x0000000082c00000| Untracked 
|  45|0x0000000082d00000, 0x0000000082e00000, 0x0000000082e00000|100%| O|  |TAMS 0x0000000082e00000, 0x0000000082d00000| Complete 
|  46|0x0000000082e00000, 0x0000000082f00000, 0x0000000082f00000|100%| O|  |TAMS 0x0000000082f00000, 0x0000000082e00000| Untracked 
|  47|0x0000000082f00000, 0x0000000083000000, 0x0000000083000000|100%| O|  |TAMS 0x0000000083000000, 0x0000000082f00000| Untracked 
|  48|0x0000000083000000, 0x0000000083100000, 0x0000000083100000|100%| O|  |TAMS 0x0000000083100000, 0x0000000083000000| Untracked 
|  49|0x0000000083100000, 0x0000000083200000, 0x0000000083200000|100%| O|  |TAMS 0x0000000083200000, 0x0000000083100000| Untracked 
|  50|0x0000000083200000, 0x0000000083300000, 0x0000000083300000|100%| O|  |TAMS 0x0000000083300000, 0x0000000083200000| Complete 
|  51|0x0000000083300000, 0x0000000083400000, 0x0000000083400000|100%| O|  |TAMS 0x0000000083400000, 0x0000000083300000| Complete 
|  52|0x0000000083400000, 0x0000000083500000, 0x0000000083500000|100%| O|  |TAMS 0x0000000083500000, 0x0000000083400000| Untracked 
|  53|0x0000000083500000, 0x0000000083600000, 0x0000000083600000|100%| O|  |TAMS 0x0000000083600000, 0x0000000083500000| Complete 
|  54|0x0000000083600000, 0x0000000083700000, 0x0000000083700000|100%| O|  |TAMS 0x0000000083700000, 0x0000000083600000| Complete 
|  55|0x0000000083700000, 0x0000000083800000, 0x0000000083800000|100%| O|  |TAMS 0x0000000083800000, 0x0000000083700000| Untracked 
|  56|0x0000000083800000, 0x0000000083900000, 0x0000000083900000|100%| O|  |TAMS 0x0000000083900000, 0x0000000083800000| Untracked 
|  57|0x0000000083900000, 0x0000000083a00000, 0x0000000083a00000|100%| O|  |TAMS 0x0000000083a00000, 0x0000000083900000| Untracked 
|  58|0x0000000083a00000, 0x0000000083b00000, 0x0000000083b00000|100%| O|  |TAMS 0x0000000083b00000, 0x0000000083a00000| Untracked 
|  59|0x0000000083b00000, 0x0000000083c00000, 0x0000000083c00000|100%| O|  |TAMS 0x0000000083c00000, 0x0000000083b00000| Untracked 
|  60|0x0000000083c00000, 0x0000000083d00000, 0x0000000083d00000|100%| O|  |TAMS 0x0000000083d00000, 0x0000000083c00000| Untracked 
|  61|0x0000000083d00000, 0x0000000083e00000, 0x0000000083e00000|100%| O|  |TAMS 0x0000000083e00000, 0x0000000083d00000| Untracked 
|  62|0x0000000083e00000, 0x0000000083f00000, 0x0000000083f00000|100%| O|  |TAMS 0x0000000083f00000, 0x0000000083e00000| Untracked 
|  63|0x0000000083f00000, 0x0000000084000000, 0x0000000084000000|100%| O|  |TAMS 0x0000000084000000, 0x0000000083f00000| Untracked 
|  64|0x0000000084000000, 0x0000000084100000, 0x0000000084100000|100%| O|  |TAMS 0x0000000084100000, 0x0000000084000000| Complete 
|  65|0x0000000084100000, 0x0000000084200000, 0x0000000084200000|100%| O|  |TAMS 0x0000000084200000, 0x0000000084100000| Untracked 
|  66|0x0000000084200000, 0x0000000084300000, 0x0000000084300000|100%| O|  |TAMS 0x0000000084300000, 0x0000000084200000| Complete 
|  67|0x0000000084300000, 0x0000000084400000, 0x0000000084400000|100%| O|  |TAMS 0x0000000084400000, 0x0000000084300000| Complete 
|  68|0x0000000084400000, 0x0000000084500000, 0x0000000084500000|100%| O|  |TAMS 0x0000000084500000, 0x0000000084400000| Complete 
|  69|0x0000000084500000, 0x0000000084600000, 0x0000000084600000|100%| O|  |TAMS 0x0000000084600000, 0x0000000084500000| Complete 
|  70|0x0000000084600000, 0x0000000084700000, 0x0000000084700000|100%| O|  |TAMS 0x0000000084700000, 0x0000000084600000| Complete 
|  71|0x0000000084700000, 0x0000000084800000, 0x0000000084800000|100%| O|  |TAMS 0x0000000084800000, 0x0000000084700000| Untracked 
|  72|0x0000000084800000, 0x0000000084900000, 0x0000000084900000|100%| O|  |TAMS 0x0000000084900000, 0x0000000084800000| Complete 
|  73|0x0000000084900000, 0x0000000084a00000, 0x0000000084a00000|100%| O|  |TAMS 0x0000000084a00000, 0x0000000084900000| Complete 
|  74|0x0000000084a00000, 0x0000000084a80c00, 0x0000000084b00000| 50%| O|  |TAMS 0x0000000084a80c00, 0x0000000084a00000| Untracked 
|  75|0x0000000084b00000, 0x0000000084c00000, 0x0000000084c00000|100%| O|  |TAMS 0x0000000084c00000, 0x0000000084b00000| Complete 
|  76|0x0000000084c00000, 0x0000000084c00000, 0x0000000084d00000|  0%| F|  |TAMS 0x0000000084c00000, 0x0000000084c00000| Untracked 
|  77|0x0000000084d00000, 0x0000000084d00000, 0x0000000084e00000|  0%| F|  |TAMS 0x0000000084d00000, 0x0000000084d00000| Untracked 
|  78|0x0000000084e00000, 0x0000000084e00000, 0x0000000084f00000|  0%| F|  |TAMS 0x0000000084e00000, 0x0000000084e00000| Untracked 
|  79|0x0000000084f00000, 0x0000000084f00000, 0x0000000085000000|  0%| F|  |TAMS 0x0000000084f00000, 0x0000000084f00000| Untracked 
|  80|0x0000000085000000, 0x0000000085000000, 0x0000000085100000|  0%| F|  |TAMS 0x0000000085000000, 0x0000000085000000| Untracked 
|  81|0x0000000085100000, 0x0000000085100000, 0x0000000085200000|  0%| F|  |TAMS 0x0000000085100000, 0x0000000085100000| Untracked 
|  82|0x0000000085200000, 0x0000000085200000, 0x0000000085300000|  0%| F|  |TAMS 0x0000000085200000, 0x0000000085200000| Untracked 
|  83|0x0000000085300000, 0x0000000085300000, 0x0000000085400000|  0%| F|  |TAMS 0x0000000085300000, 0x0000000085300000| Untracked 
|  84|0x0000000085400000, 0x0000000085400000, 0x0000000085500000|  0%| F|  |TAMS 0x0000000085400000, 0x0000000085400000| Untracked 
|  85|0x0000000085500000, 0x0000000085500000, 0x0000000085600000|  0%| F|  |TAMS 0x0000000085500000, 0x0000000085500000| Untracked 
|  86|0x0000000085600000, 0x0000000085600000, 0x0000000085700000|  0%| F|  |TAMS 0x0000000085600000, 0x0000000085600000| Untracked 
|  87|0x0000000085700000, 0x0000000085800000, 0x0000000085800000|100%| O|  |TAMS 0x0000000085800000, 0x0000000085700000| Complete 
|  88|0x0000000085800000, 0x0000000085900000, 0x0000000085900000|100%| O|  |TAMS 0x0000000085900000, 0x0000000085800000| Complete 
|  89|0x0000000085900000, 0x0000000085900000, 0x0000000085a00000|  0%| F|  |TAMS 0x0000000085900000, 0x0000000085900000| Untracked 
|  90|0x0000000085a00000, 0x0000000085a00000, 0x0000000085b00000|  0%| F|  |TAMS 0x0000000085a00000, 0x0000000085a00000| Untracked 
|  91|0x0000000085b00000, 0x0000000085b00000, 0x0000000085c00000|  0%| F|  |TAMS 0x0000000085b00000, 0x0000000085b00000| Untracked 
|  92|0x0000000085c00000, 0x0000000085c00000, 0x0000000085d00000|  0%| F|  |TAMS 0x0000000085c00000, 0x0000000085c00000| Untracked 
|  93|0x0000000085d00000, 0x0000000085d00000, 0x0000000085e00000|  0%| F|  |TAMS 0x0000000085d00000, 0x0000000085d00000| Untracked 
|  94|0x0000000085e00000, 0x0000000085e00000, 0x0000000085f00000|  0%| F|  |TAMS 0x0000000085e00000, 0x0000000085e00000| Untracked 
|  95|0x0000000085f00000, 0x0000000085f00000, 0x0000000086000000|  0%| F|  |TAMS 0x0000000085f00000, 0x0000000085f00000| Untracked 
|  96|0x0000000086000000, 0x0000000086000000, 0x0000000086100000|  0%| F|  |TAMS 0x0000000086000000, 0x0000000086000000| Untracked 
|  97|0x0000000086100000, 0x00000000861c8d20, 0x0000000086200000| 78%| S|CS|TAMS 0x0000000086100000, 0x0000000086100000| Complete 
|  98|0x0000000086200000, 0x0000000086300000, 0x0000000086300000|100%| S|CS|TAMS 0x0000000086200000, 0x0000000086200000| Complete 
|  99|0x0000000086300000, 0x0000000086400000, 0x0000000086400000|100%| S|CS|TAMS 0x0000000086300000, 0x0000000086300000| Complete 
| 100|0x0000000086400000, 0x0000000086500000, 0x0000000086500000|100%| S|CS|TAMS 0x0000000086400000, 0x0000000086400000| Complete 
| 101|0x0000000086500000, 0x0000000086600000, 0x0000000086600000|100%| O|  |TAMS 0x0000000086600000, 0x0000000086500000| Complete 
| 102|0x0000000086600000, 0x0000000086600000, 0x0000000086700000|  0%| F|  |TAMS 0x0000000086600000, 0x0000000086600000| Untracked 
| 103|0x0000000086700000, 0x0000000086700000, 0x0000000086800000|  0%| F|  |TAMS 0x0000000086700000, 0x0000000086700000| Untracked 
| 104|0x0000000086800000, 0x0000000086800000, 0x0000000086900000|  0%| F|  |TAMS 0x0000000086800000, 0x0000000086800000| Untracked 
| 105|0x0000000086900000, 0x0000000086900000, 0x0000000086a00000|  0%| F|  |TAMS 0x0000000086900000, 0x0000000086900000| Untracked 
| 106|0x0000000086a00000, 0x0000000086a00000, 0x0000000086b00000|  0%| F|  |TAMS 0x0000000086a00000, 0x0000000086a00000| Untracked 
| 107|0x0000000086b00000, 0x0000000086b00000, 0x0000000086c00000|  0%| F|  |TAMS 0x0000000086b00000, 0x0000000086b00000| Untracked 
| 108|0x0000000086c00000, 0x0000000086c00000, 0x0000000086d00000|  0%| F|  |TAMS 0x0000000086c00000, 0x0000000086c00000| Untracked 
| 109|0x0000000086d00000, 0x0000000086d00000, 0x0000000086e00000|  0%| F|  |TAMS 0x0000000086d00000, 0x0000000086d00000| Untracked 
| 110|0x0000000086e00000, 0x0000000086e00000, 0x0000000086f00000|  0%| F|  |TAMS 0x0000000086e00000, 0x0000000086e00000| Untracked 
| 111|0x0000000086f00000, 0x0000000086f00000, 0x0000000087000000|  0%| F|  |TAMS 0x0000000086f00000, 0x0000000086f00000| Untracked 
| 112|0x0000000087000000, 0x0000000087000000, 0x0000000087100000|  0%| F|  |TAMS 0x0000000087000000, 0x0000000087000000| Untracked 
| 113|0x0000000087100000, 0x0000000087100000, 0x0000000087200000|  0%| F|  |TAMS 0x0000000087100000, 0x0000000087100000| Untracked 
| 114|0x0000000087200000, 0x0000000087200000, 0x0000000087300000|  0%| F|  |TAMS 0x0000000087200000, 0x0000000087200000| Untracked 
| 115|0x0000000087300000, 0x0000000087300000, 0x0000000087400000|  0%| F|  |TAMS 0x0000000087300000, 0x0000000087300000| Untracked 
| 116|0x0000000087400000, 0x0000000087400000, 0x0000000087500000|  0%| F|  |TAMS 0x0000000087400000, 0x0000000087400000| Untracked 
| 117|0x0000000087500000, 0x0000000087500000, 0x0000000087600000|  0%| F|  |TAMS 0x0000000087500000, 0x0000000087500000| Untracked 
| 118|0x0000000087600000, 0x0000000087600000, 0x0000000087700000|  0%| F|  |TAMS 0x0000000087600000, 0x0000000087600000| Untracked 
| 119|0x0000000087700000, 0x0000000087700000, 0x0000000087800000|  0%| F|  |TAMS 0x0000000087700000, 0x0000000087700000| Untracked 
| 120|0x0000000087800000, 0x0000000087800000, 0x0000000087900000|  0%| F|  |TAMS 0x0000000087800000, 0x0000000087800000| Untracked 
| 121|0x0000000087900000, 0x0000000087900000, 0x0000000087a00000|  0%| F|  |TAMS 0x0000000087900000, 0x0000000087900000| Untracked 
| 122|0x0000000087a00000, 0x0000000087a490b8, 0x0000000087b00000| 28%| E|  |TAMS 0x0000000087a00000, 0x0000000087a00000| Complete 
| 123|0x0000000087b00000, 0x0000000087c00000, 0x0000000087c00000|100%| E|CS|TAMS 0x0000000087b00000, 0x0000000087b00000| Complete 
| 124|0x0000000087c00000, 0x0000000087d00000, 0x0000000087d00000|100%| E|CS|TAMS 0x0000000087c00000, 0x0000000087c00000| Complete 
| 125|0x0000000087d00000, 0x0000000087e00000, 0x0000000087e00000|100%| E|CS|TAMS 0x0000000087d00000, 0x0000000087d00000| Complete 
| 126|0x0000000087e00000, 0x0000000087f00000, 0x0000000087f00000|100%| E|CS|TAMS 0x0000000087e00000, 0x0000000087e00000| Complete 
| 127|0x0000000087f00000, 0x0000000088000000, 0x0000000088000000|100%| E|CS|TAMS 0x0000000087f00000, 0x0000000087f00000| Complete 

Card table byte_map: [0x00000227995d0000,0x00000227999d0000] _byte_map_base: 0x00000227991d0000

Marking Bits (Prev, Next): (CMBitMap*) 0x000002278670cc60, (CMBitMap*) 0x000002278670cc28
 Prev Bits: [0x000002279bdd0000, 0x000002279ddd0000)
 Next Bits: [0x0000022799dd0000, 0x000002279bdd0000)

Polling page: 0x0000022785eb0000

Metaspace:

Usage:
  Non-class:     75.19 MB capacity,    73.67 MB ( 98%) used,     1.28 MB (  2%) free+waste,   233.69 KB ( <1%) overhead. 
      Class:     11.54 MB capacity,    10.66 MB ( 92%) used,   802.55 KB (  7%) free+waste,   107.25 KB ( <1%) overhead. 
       Both:     86.73 MB capacity,    84.33 MB ( 97%) used,     2.07 MB (  2%) free+waste,   340.94 KB ( <1%) overhead. 

Virtual space:
  Non-class space:       76.00 MB reserved,      75.37 MB (>99%) committed 
      Class space:        1.00 GB reserved,      11.63 MB (  1%) committed 
             Both:        1.07 GB reserved,      87.00 MB (  8%) committed 

Chunk freelists:
   Non-Class:  0 bytes
       Class:  18.00 KB
        Both:  18.00 KB

MaxMetaspaceSize: 17179869184.00 GB
CompressedClassSpaceSize: 1.00 GB

CodeHeap 'non-profiled nmethods': size=120064Kb used=8319Kb max_used=8319Kb free=111745Kb
 bounds [0x0000022791c90000, 0x00000227924b0000, 0x00000227991d0000]
CodeHeap 'profiled nmethods': size=120000Kb used=26778Kb max_used=26778Kb free=93221Kb
 bounds [0x000002278a760000, 0x000002278c190000, 0x0000022791c90000]
CodeHeap 'non-nmethods': size=5696Kb used=2343Kb max_used=2394Kb free=3353Kb
 bounds [0x000002278a1d0000, 0x000002278a440000, 0x000002278a760000]
 total_blobs=12993 nmethods=12002 adapters=901
 compilation: enabled
              stopped_count=0, restarted_count=0
 full_count=0

Compilation events (20 events):
Event: 236.467 Thread 0x00000227a02d5000 12096       3       java.nio.ByteBuffer::get (9 bytes)
Event: 236.467 Thread 0x00000227a02d5000 nmethod 12096 0x000002278c181710 code [0x000002278c1818c0, 0x000002278c181a88]
Event: 236.506 Thread 0x00000227a02d5000 12097       3       jdk.internal.loader.BuiltinClassLoader::findClassInModuleOrNull (30 bytes)
Event: 236.506 Thread 0x00000227a02d5000 nmethod 12097 0x000002278c181b90 code [0x000002278c181d80, 0x000002278c182148]
Event: 236.507 Thread 0x00000227a02d5000 12098   !   3       jdk.internal.loader.BuiltinClassLoader::defineClass (162 bytes)
Event: 236.510 Thread 0x00000227a02d5000 nmethod 12098 0x000002278c182290 code [0x000002278c1825a0, 0x000002278c1839a8]
Event: 236.510 Thread 0x00000227a02d5000 12099       3       jdk.internal.jimage.BasicImageReader::getBufferBytes (20 bytes)
Event: 236.511 Thread 0x00000227a02d5000 nmethod 12099 0x000002278c184290 code [0x000002278c184480, 0x000002278c184938]
Event: 236.511 Thread 0x00000227a02d5000 12100       3       jdk.internal.jimage.ImageBufferCache::releaseBuffer (75 bytes)
Event: 236.512 Thread 0x00000227a02d5000 nmethod 12100 0x000002278c184b10 code [0x000002278c184d80, 0x000002278c185988]
Event: 236.512 Thread 0x00000227a02d5000 12101       3       jdk.internal.jimage.ImageBufferCache$BufferReference::<init> (14 bytes)
Event: 236.513 Thread 0x00000227a02d5000 nmethod 12101 0x000002278c185d10 code [0x000002278c185ee0, 0x000002278c186278]
Event: 236.513 Thread 0x00000227a02d5000 12102       3       jdk.internal.jimage.ImageLocation::getContentOffset (6 bytes)
Event: 236.513 Thread 0x00000227a02d5000 nmethod 12102 0x000002278a760e10 code [0x000002278a760fc0, 0x000002278a761108]
Event: 236.513 Thread 0x00000227a02d5000 12103       3       jdk.internal.jimage.ImageLocation::getCompressedSize (7 bytes)
Event: 236.513 Thread 0x00000227a02d5000 nmethod 12103 0x000002278a767910 code [0x000002278a767ac0, 0x000002278a767c08]
Event: 236.515 Thread 0x00000227a02d5000 12104       3       jdk.internal.jimage.BasicImageReader$$Lambda$36/0x00000001000f3440::get$Lambda (9 bytes)
Event: 236.515 Thread 0x00000227a02d5000 nmethod 12104 0x000002278c186410 code [0x000002278c1865e0, 0x000002278c186838]
Event: 236.515 Thread 0x00000227a02d5000 12105       3       jdk.internal.jimage.BasicImageReader$$Lambda$36/0x00000001000f3440::<init> (10 bytes)
Event: 236.516 Thread 0x00000227a02d5000 nmethod 12105 0x000002278c186910 code [0x000002278c186ac0, 0x000002278c186c78]

GC Heap History (20 events):
Event: 175.431 GC heap before
{Heap before GC invocations=38 (full 0):
 garbage-first heap   total 131072K, used 95851K [0x0000000080000000, 0x0000000100000000)
  region size 1024K, 6 young (6144K), 1 survivors (1024K)
 Metaspace       used 78850K, capacity 81141K, committed 81276K, reserved 1120256K
  class space    used 10051K, capacity 10895K, committed 11008K, reserved 1048576K
}
Event: 175.443 GC heap after
{Heap after GC invocations=39 (full 0):
 garbage-first heap   total 131072K, used 80880K [0x0000000080000000, 0x0000000100000000)
  region size 1024K, 1 young (1024K), 1 survivors (1024K)
 Metaspace       used 78850K, capacity 81141K, committed 81276K, reserved 1120256K
  class space    used 10051K, capacity 10895K, committed 11008K, reserved 1048576K
}
Event: 178.221 GC heap before
{Heap before GC invocations=39 (full 0):
 garbage-first heap   total 131072K, used 100336K [0x0000000080000000, 0x0000000100000000)
  region size 1024K, 21 young (21504K), 1 survivors (1024K)
 Metaspace       used 79036K, capacity 81279K, committed 81532K, reserved 1120256K
  class space    used 10059K, capacity 10896K, committed 11008K, reserved 1048576K
}
Event: 178.230 GC heap after
{Heap after GC invocations=40 (full 0):
 garbage-first heap   total 131072K, used 81975K [0x0000000080000000, 0x0000000100000000)
  region size 1024K, 2 young (2048K), 2 survivors (2048K)
 Metaspace       used 79036K, capacity 81279K, committed 81532K, reserved 1120256K
  class space    used 10059K, capacity 10896K, committed 11008K, reserved 1048576K
}
Event: 180.873 GC heap before
{Heap before GC invocations=41 (full 0):
 garbage-first heap   total 131072K, used 100407K [0x0000000080000000, 0x0000000100000000)
  region size 1024K, 22 young (22528K), 2 survivors (2048K)
 Metaspace       used 80839K, capacity 83160K, committed 83324K, reserved 1122304K
  class space    used 10289K, capacity 11155K, committed 11264K, reserved 1048576K
}
Event: 180.882 GC heap after
{Heap after GC invocations=42 (full 0):
 garbage-first heap   total 131072K, used 81457K [0x0000000080000000, 0x0000000100000000)
  region size 1024K, 2 young (2048K), 2 survivors (2048K)
 Metaspace       used 80839K, capacity 83160K, committed 83324K, reserved 1122304K
  class space    used 10289K, capacity 11155K, committed 11264K, reserved 1048576K
}
Event: 181.120 GC heap before
{Heap before GC invocations=42 (full 0):
 garbage-first heap   total 131072K, used 84529K [0x0000000080000000, 0x0000000100000000)
  region size 1024K, 6 young (6144K), 2 survivors (2048K)
 Metaspace       used 81235K, capacity 83512K, committed 83836K, reserved 1122304K
  class space    used 10344K, capacity 11187K, committed 11264K, reserved 1048576K
}
Event: 181.127 GC heap after
{Heap after GC invocations=43 (full 0):
 garbage-first heap   total 131072K, used 77900K [0x0000000080000000, 0x0000000100000000)
  region size 1024K, 1 young (1024K), 1 survivors (1024K)
 Metaspace       used 81235K, capacity 83512K, committed 83836K, reserved 1122304K
  class space    used 10344K, capacity 11187K, committed 11264K, reserved 1048576K
}
Event: 223.573 GC heap before
{Heap before GC invocations=43 (full 0):
 garbage-first heap   total 131072K, used 101452K [0x0000000080000000, 0x0000000100000000)
  region size 1024K, 24 young (24576K), 1 survivors (1024K)
 Metaspace       used 82554K, capacity 84816K, committed 84988K, reserved 1122304K
  class space    used 10474K, capacity 11306K, committed 11392K, reserved 1048576K
}
Event: 223.584 GC heap after
{Heap after GC invocations=44 (full 0):
 garbage-first heap   total 131072K, used 81264K [0x0000000080000000, 0x0000000100000000)
  region size 1024K, 3 young (3072K), 3 survivors (3072K)
 Metaspace       used 82554K, capacity 84816K, committed 84988K, reserved 1122304K
  class space    used 10474K, capacity 11306K, committed 11392K, reserved 1048576K
}
Event: 224.923 GC heap before
{Heap before GC invocations=45 (full 0):
 garbage-first heap   total 131072K, used 102768K [0x0000000080000000, 0x0000000100000000)
  region size 1024K, 25 young (25600K), 3 survivors (3072K)
 Metaspace       used 82999K, capacity 85232K, committed 85500K, reserved 1124352K
  class space    used 10505K, capacity 11338K, committed 11392K, reserved 1048576K
}
Event: 224.945 GC heap after
{Heap after GC invocations=46 (full 0):
 garbage-first heap   total 131072K, used 82086K [0x0000000080000000, 0x0000000100000000)
  region size 1024K, 2 young (2048K), 2 survivors (2048K)
 Metaspace       used 82999K, capacity 85232K, committed 85500K, reserved 1124352K
  class space    used 10505K, capacity 11338K, committed 11392K, reserved 1048576K
}
Event: 226.089 GC heap before
{Heap before GC invocations=46 (full 0):
 garbage-first heap   total 131072K, used 103590K [0x0000000080000000, 0x0000000100000000)
  region size 1024K, 24 young (24576K), 2 survivors (2048K)
 Metaspace       used 83261K, capacity 85610K, committed 85756K, reserved 1124352K
  class space    used 10526K, capacity 11377K, committed 11392K, reserved 1048576K
}
Event: 226.094 GC heap after
{Heap after GC invocations=47 (full 0):
 garbage-first heap   total 131072K, used 81483K [0x0000000080000000, 0x0000000100000000)
  region size 1024K, 1 young (1024K), 1 survivors (1024K)
 Metaspace       used 83261K, capacity 85610K, committed 85756K, reserved 1124352K
  class space    used 10526K, capacity 11377K, committed 11392K, reserved 1048576K
}
Event: 227.887 GC heap before
{Heap before GC invocations=48 (full 0):
 garbage-first heap   total 131072K, used 105035K [0x0000000080000000, 0x0000000100000000)
  region size 1024K, 25 young (25600K), 1 survivors (1024K)
 Metaspace       used 83937K, capacity 86253K, committed 86396K, reserved 1124352K
  class space    used 10614K, capacity 11462K, committed 11520K, reserved 1048576K
}
Event: 227.893 GC heap after
{Heap after GC invocations=49 (full 0):
 garbage-first heap   total 131072K, used 81660K [0x0000000080000000, 0x0000000100000000)
  region size 1024K, 2 young (2048K), 2 survivors (2048K)
 Metaspace       used 83937K, capacity 86253K, committed 86396K, reserved 1124352K
  class space    used 10614K, capacity 11462K, committed 11520K, reserved 1048576K
}
Event: 228.621 GC heap before
{Heap before GC invocations=49 (full 0):
 garbage-first heap   total 131072K, used 85756K [0x0000000080000000, 0x0000000100000000)
  region size 1024K, 6 young (6144K), 2 survivors (2048K)
 Metaspace       used 84180K, capacity 86570K, committed 86652K, reserved 1124352K
  class space    used 10651K, capacity 11503K, committed 11520K, reserved 1048576K
}
Event: 228.626 GC heap after
{Heap after GC invocations=50 (full 0):
 garbage-first heap   total 131072K, used 81154K [0x0000000080000000, 0x0000000100000000)
  region size 1024K, 1 young (1024K), 1 survivors (1024K)
 Metaspace       used 84180K, capacity 86570K, committed 86652K, reserved 1124352K
  class space    used 10651K, capacity 11503K, committed 11520K, reserved 1048576K
}
Event: 232.856 GC heap before
{Heap before GC invocations=50 (full 0):
 garbage-first heap   total 131072K, used 106754K [0x0000000080000000, 0x0000000100000000)
  region size 1024K, 26 young (26624K), 1 survivors (1024K)
 Metaspace       used 85441K, capacity 87764K, committed 87804K, reserved 1126400K
  class space    used 10796K, capacity 11646K, committed 11648K, reserved 1048576K
}
Event: 232.881 GC heap after
{Heap after GC invocations=51 (full 0):
 garbage-first heap   total 131072K, used 84262K [0x0000000080000000, 0x0000000100000000)
  region size 1024K, 4 young (4096K), 4 survivors (4096K)
 Metaspace       used 85441K, capacity 87764K, committed 87804K, reserved 1126400K
  class space    used 10796K, capacity 11646K, committed 11648K, reserved 1048576K
}

Deoptimization events (20 events):
Event: 232.291 Thread 0x00000227a3088800 Uncommon trap: trap_request=0xffffffde fr.pc=0x0000022791ed6e00 relative=0x0000000000001080
Event: 232.291 Thread 0x00000227a3088800 Uncommon trap: reason=class_check action=maybe_recompile pc=0x0000022791ed6e00 method=jdk.internal.loader.BuiltinClassLoader.loadClassOrNull(Ljava/lang/String;Z)Ljava/lang/Class; @ 66 c2
Event: 232.291 Thread 0x00000227a3088800 DEOPT PACKING pc=0x0000022791ed6e00 sp=0x000000f3b5df77f0
Event: 232.291 Thread 0x00000227a3088800 DEOPT UNPACKING pc=0x000002278a1f6029 sp=0x000000f3b5df77a8 mode 2
Event: 233.471 Thread 0x00000227a3088800 Uncommon trap: trap_request=0xffffff4d fr.pc=0x000002279219a19c relative=0x000000000000007c
Event: 233.471 Thread 0x00000227a3088800 Uncommon trap: reason=unstable_if action=reinterpret pc=0x000002279219a19c method=java.util.EnumMap.isValidKey(Ljava/lang/Object;)Z @ 16 c2
Event: 233.471 Thread 0x00000227a3088800 DEOPT PACKING pc=0x000002279219a19c sp=0x000000f3b5df9dd0
Event: 233.472 Thread 0x00000227a3088800 DEOPT UNPACKING pc=0x000002278a1f6029 sp=0x000000f3b5df9d60 mode 2
Event: 233.484 Thread 0x00000227a3088800 Uncommon trap: trap_request=0xffffff4d fr.pc=0x0000022792334fd4 relative=0x0000000000003574
Event: 233.484 Thread 0x00000227a3088800 Uncommon trap: reason=unstable_if action=reinterpret pc=0x0000022792334fd4 method=sun.nio.fs.WindowsPathParser.parse(Ljava/lang/String;Z)Lsun/nio/fs/WindowsPathParser$Result; @ 17 c2
Event: 233.484 Thread 0x00000227a3088800 DEOPT PACKING pc=0x0000022792334fd4 sp=0x000000f3b5df9ae0
Event: 233.484 Thread 0x00000227a3088800 DEOPT UNPACKING pc=0x000002278a1f6029 sp=0x000000f3b5df9ab0 mode 2
Event: 233.485 Thread 0x00000227a3088800 DEOPT PACKING pc=0x000002278bd80c1c sp=0x000000f3b5df9810
Event: 233.485 Thread 0x00000227a3088800 DEOPT UNPACKING pc=0x000002278a1f643f sp=0x000000f3b5df8dc8 mode 0
Event: 233.528 Thread 0x00000227a3088800 Uncommon trap: trap_request=0xffffffc6 fr.pc=0x0000022791da108c relative=0x0000000000004a4c
Event: 233.528 Thread 0x00000227a3088800 Uncommon trap: reason=bimorphic_or_optimized_type_check action=maybe_recompile pc=0x0000022791da108c method=java.net.URL.<init>(Ljava/net/URL;Ljava/lang/String;Ljava/net/URLStreamHandler;)V @ 504 c2
Event: 233.528 Thread 0x00000227a3088800 DEOPT PACKING pc=0x0000022791da108c sp=0x000000f3b5df7ab0
Event: 233.528 Thread 0x00000227a3088800 DEOPT UNPACKING pc=0x000002278a1f6029 sp=0x000000f3b5df7a40 mode 2
Event: 235.522 Thread 0x00000227a3088800 DEOPT PACKING pc=0x000002278bd80c1c sp=0x000000f3b5df9110
Event: 235.522 Thread 0x00000227a3088800 DEOPT UNPACKING pc=0x000002278a1f643f sp=0x000000f3b5df86b0 mode 0

Classes redefined (0 events):
No events

Internal exceptions (20 events):
Event: 175.430 Thread 0x00000227a3088800 Exception <a 'java/lang/NoSuchMethodError'{0x0000000087bfe458}: <clinit>> (0x0000000087bfe458) thrown at [./src/hotspot/share/prims/jni.cpp, line 1362]
Event: 181.855 Thread 0x00000227a3088800 Exception <a 'java/lang/NoSuchMethodError'{0x000000008743dcd8}: <clinit>> (0x000000008743dcd8) thrown at [./src/hotspot/share/prims/jni.cpp, line 1362]
Event: 181.858 Thread 0x00000227a3088800 Exception <a 'java/lang/NoSuchMethodError'{0x00000000874544e0}: <clinit>> (0x00000000874544e0) thrown at [./src/hotspot/share/prims/jni.cpp, line 1362]
Event: 181.870 Thread 0x00000227a3088800 Exception <a 'java/lang/NoSuchMethodError'{0x00000000874743a0}: <clinit>> (0x00000000874743a0) thrown at [./src/hotspot/share/prims/jni.cpp, line 1362]
Event: 181.915 Thread 0x00000227a3088800 Exception <a 'java/lang/NoSuchMethodError'{0x00000000874ea400}: <clinit>> (0x00000000874ea400) thrown at [./src/hotspot/share/prims/jni.cpp, line 1362]
Event: 182.772 Thread 0x00000227a3089000 Exception <a 'java/lang/NoSuchMethodError'{0x00000000872845d8}: 'int java.lang.invoke.DirectMethodHandle$Holder.invokeSpecialIFC(java.lang.Object, java.lang.Object, java.lang.Object)'> (0x00000000872845d8) thrown at [./src/hotspot/share/interpreter/linkResolver.cpp, line 773]
Event: 224.658 Thread 0x00000227a3089000 Exception <a 'sun/nio/fs/WindowsException'{0x00000000871e90d0}> (0x00000000871e90d0) thrown at [./src/hotspot/share/prims/jni.cpp, line 615]
Event: 224.669 Thread 0x00000227a3089000 Exception <a 'sun/nio/fs/WindowsException'{0x00000000871fe790}> (0x00000000871fe790) thrown at [./src/hotspot/share/prims/jni.cpp, line 615]
Event: 224.669 Thread 0x00000227a3089000 Exception <a 'sun/nio/fs/WindowsException'{0x00000000871fe878}> (0x00000000871fe878) thrown at [./src/hotspot/share/prims/jni.cpp, line 615]
Event: 226.071 Thread 0x00000227a291a000 Exception <a 'sun/nio/fs/WindowsException'{0x0000000086a81290}> (0x0000000086a81290) thrown at [./src/hotspot/share/prims/jni.cpp, line 615]
Event: 227.355 Thread 0x00000227a3088800 Implicit null exception at 0x0000022791eaaa97 to 0x0000022791eab250
Event: 227.355 Thread 0x00000227a3088800 Implicit null exception at 0x0000022791eaba9d to 0x0000022791eac210
Event: 227.458 Thread 0x00000227a3088800 Exception <a 'sun/nio/fs/WindowsException'{0x0000000086a65ed8}> (0x0000000086a65ed8) thrown at [./src/hotspot/share/prims/jni.cpp, line 615]
Event: 227.459 Thread 0x00000227a3088800 Exception <a 'sun/nio/fs/WindowsException'{0x0000000086a66b48}> (0x0000000086a66b48) thrown at [./src/hotspot/share/prims/jni.cpp, line 615]
Event: 227.466 Thread 0x00000227a3088800 Exception <a 'sun/nio/fs/WindowsException'{0x0000000086a7a430}> (0x0000000086a7a430) thrown at [./src/hotspot/share/prims/jni.cpp, line 615]
Event: 227.466 Thread 0x00000227a3088800 Exception <a 'sun/nio/fs/WindowsException'{0x0000000086a7ae00}> (0x0000000086a7ae00) thrown at [./src/hotspot/share/prims/jni.cpp, line 615]
Event: 227.468 Thread 0x00000227a3088800 Exception <a 'sun/nio/fs/WindowsException'{0x0000000086a7ca48}> (0x0000000086a7ca48) thrown at [./src/hotspot/share/prims/jni.cpp, line 615]
Event: 227.468 Thread 0x00000227a3088800 Exception <a 'sun/nio/fs/WindowsException'{0x0000000086a7d428}> (0x0000000086a7d428) thrown at [./src/hotspot/share/prims/jni.cpp, line 615]
Event: 227.469 Thread 0x00000227a3088800 Exception <a 'java/lang/NoSuchMethodError'{0x0000000086a82b58}: 'void java.lang.invoke.DirectMethodHandle$Holder.invokeStatic(java.lang.Object, java.lang.Object, java.lang.Object, java.lang.Object, int, java.lang.Object)'> (0x0000000086a82b58) thrown at [./src/hotspot/share/interpreter/linkResolver.cpp, line 773]
Event: 236.250 Thread 0x00000227a3088800 Exception <a 'java/lang/NoSuchMethodError'{0x0000000087b6a028}: 'java.lang.Object java.lang.invoke.Invokers$Holder.linkToTargetMethod(java.lang.Object, java.lang.Object, java.lang.Object, int, int, java.lang.Object)'> (0x0000000087b6a028) thrown at [./src/hotspot/share/interpreter/linkResolver.cpp, line 773]

Events (20 events):
Event: 236.453 loading class org/gradle/api/internal/tasks/compile/CompilationSourceDirs
Event: 236.453 loading class org/gradle/api/internal/tasks/compile/CompilationSourceDirs done
Event: 236.453 loading class org/gradle/api/internal/tasks/compile/CompilationSourceDirs
Event: 236.453 loading class org/gradle/api/internal/tasks/compile/CompilationSourceDirs done
Event: 236.455 loading class org/gradle/api/internal/tasks/compile/AnnotationProcessingCompileTask
Event: 236.455 loading class org/gradle/api/internal/tasks/compile/AnnotationProcessingCompileTask done
Event: 236.500 loading class org/gradle/api/internal/tasks/compile/ResourceCleaningCompilationTask
Event: 236.500 loading class org/gradle/api/internal/tasks/compile/ResourceCleaningCompilationTask done
Event: 236.502 loading class org/gradle/api/internal/tasks/compile/filter/AnnotationProcessorFilter
Event: 236.502 loading class org/gradle/api/internal/tasks/compile/filter/AnnotationProcessorFilter done
Event: 236.503 loading class org/gradle/internal/compiler/java/ClassNameCollector
Event: 236.503 loading class org/gradle/internal/compiler/java/ClassNameCollector done
Event: 236.512 loading class com/sun/tools/javac/main/Main$Result
Event: 236.512 loading class com/sun/tools/javac/main/Main$Result done
Event: 236.516 loading class com/sun/tools/javac/main/Main$Result
Event: 236.516 loading class com/sun/tools/javac/main/Main$Result done
Event: 236.516 loading class com/sun/tools/javac/api/JavacTaskImpl
Event: 236.516 loading class com/sun/tools/javac/api/JavacTaskImpl done
Event: 236.517 loading class com/sun/tools/javac/code/DeferredCompletionFailureHandler$FlipSymbolDescription
Event: 236.517 loading class com/sun/tools/javac/code/DeferredCompletionFailureHandler$FlipSymbolDescription done


Dynamic libraries:
0x00007ff7aa5a0000 - 0x00007ff7aa5aa000 	C:\Program Files\Android\Android Studio\jre\bin\java.exe
0x00007ff9ed140000 - 0x00007ff9ed349000 	C:\Windows\SYSTEM32\ntdll.dll
0x00007ff9ed040000 - 0x00007ff9ed0fd000 	C:\Windows\System32\KERNEL32.DLL
0x00007ff9ea9d0000 - 0x00007ff9ead44000 	C:\Windows\System32\KERNELBASE.dll
0x00007ff9ea8b0000 - 0x00007ff9ea9c1000 	C:\Windows\System32\ucrtbase.dll
0x00007ff9d6f00000 - 0x00007ff9d6f19000 	C:\Program Files\Android\Android Studio\jre\bin\jli.dll
0x00007ff9eb420000 - 0x00007ff9eb5cc000 	C:\Windows\System32\USER32.dll
0x00007ff9eae10000 - 0x00007ff9eae36000 	C:\Windows\System32\win32u.dll
0x00007ff9eb3f0000 - 0x00007ff9eb419000 	C:\Windows\System32\GDI32.dll
0x00007ff9eaec0000 - 0x00007ff9eafd2000 	C:\Windows\System32\gdi32full.dll
0x00007ff9ea630000 - 0x00007ff9ea6cd000 	C:\Windows\System32\msvcp_win.dll
0x00007ff9d6e90000 - 0x00007ff9d6ea7000 	C:\Program Files\Android\Android Studio\jre\bin\VCRUNTIME140.dll
0x00007ff9e02d0000 - 0x00007ff9e0575000 	C:\Windows\WinSxS\amd64_microsoft.windows.common-controls_6595b64144ccf1df_6.0.22000.120_none_9d947278b86cc467\COMCTL32.dll
0x00007ff9eb790000 - 0x00007ff9eb833000 	C:\Windows\System32\msvcrt.dll
0x00007ff9ebb30000 - 0x00007ff9ebb61000 	C:\Windows\System32\IMM32.DLL
0x00007ff9c41e0000 - 0x00007ff9c427d000 	C:\Program Files\Android\Android Studio\jre\bin\msvcp140.dll
0x00007ff9aded0000 - 0x00007ff9ae9a5000 	C:\Program Files\Android\Android Studio\jre\bin\server\jvm.dll
0x00007ff9ebb70000 - 0x00007ff9ebc1e000 	C:\Windows\System32\ADVAPI32.dll
0x00007ff9eb6f0000 - 0x00007ff9eb78e000 	C:\Windows\System32\sechost.dll
0x00007ff9eb5d0000 - 0x00007ff9eb6f0000 	C:\Windows\System32\RPCRT4.dll
0x00007ff9eb000000 - 0x00007ff9eb008000 	C:\Windows\System32\PSAPI.DLL
0x00007ff9e7410000 - 0x00007ff9e7419000 	C:\Windows\SYSTEM32\WSOCK32.dll
0x00007ff9ec020000 - 0x00007ff9ec08f000 	C:\Windows\System32\WS2_32.dll
0x00007ff9e0580000 - 0x00007ff9e05b3000 	C:\Windows\SYSTEM32\WINMM.dll
0x00007ff9e16a0000 - 0x00007ff9e16aa000 	C:\Windows\SYSTEM32\VERSION.dll
0x00007ff9e9730000 - 0x00007ff9e9748000 	C:\Windows\SYSTEM32\kernel.appcore.dll
0x00007ff9afb90000 - 0x00007ff9afba1000 	C:\Program Files\Android\Android Studio\jre\bin\verify.dll
0x00007ff9d6430000 - 0x00007ff9d6651000 	C:\Windows\SYSTEM32\DBGHELP.DLL
0x00007ff9d63f0000 - 0x00007ff9d6421000 	C:\Windows\SYSTEM32\dbgcore.DLL
0x00007ff9eae40000 - 0x00007ff9eaebf000 	C:\Windows\System32\bcryptPrimitives.dll
0x00007ff9af1a0000 - 0x00007ff9af1c9000 	C:\Program Files\Android\Android Studio\jre\bin\java.dll
0x00007ff9e7400000 - 0x00007ff9e740b000 	C:\Program Files\Android\Android Studio\jre\bin\jimage.dll
0x00007ff9af180000 - 0x00007ff9af198000 	C:\Program Files\Android\Android Studio\jre\bin\zip.dll
0x00007ff9ec090000 - 0x00007ff9ec83e000 	C:\Windows\System32\SHELL32.dll
0x00007ff9e87a0000 - 0x00007ff9e9008000 	C:\Windows\SYSTEM32\windows.storage.dll
0x00007ff9ebc20000 - 0x00007ff9ebf98000 	C:\Windows\System32\combase.dll
0x00007ff9e8630000 - 0x00007ff9e8796000 	C:\Windows\SYSTEM32\wintypes.dll
0x00007ff9eb140000 - 0x00007ff9eb22a000 	C:\Windows\System32\SHCORE.dll
0x00007ff9eb0e0000 - 0x00007ff9eb13d000 	C:\Windows\System32\shlwapi.dll
0x00007ff9ea560000 - 0x00007ff9ea581000 	C:\Windows\SYSTEM32\profapi.dll
0x00007ff9af160000 - 0x00007ff9af17a000 	C:\Program Files\Android\Android Studio\jre\bin\net.dll
0x00007ff9e16b0000 - 0x00007ff9e17bc000 	C:\Windows\SYSTEM32\WINHTTP.dll
0x00007ff9e9b60000 - 0x00007ff9e9bc7000 	C:\Windows\system32\mswsock.dll
0x00007ff9adeb0000 - 0x00007ff9adec4000 	C:\Program Files\Android\Android Studio\jre\bin\nio.dll
0x00007ff9de0a0000 - 0x00007ff9de0c7000 	C:\Users\amirn\.gradle\native\f6784746aeab05261644944871eae4fe03e0ef1612fff0a4a95f87b438bc6780\windows-amd64\native-platform.dll
0x00007ff9e1510000 - 0x00007ff9e151a000 	C:\Program Files\Android\Android Studio\jre\bin\management.dll
0x00007ff9d3a60000 - 0x00007ff9d3a6d000 	C:\Program Files\Android\Android Studio\jre\bin\management_ext.dll
0x00007ff9e9da0000 - 0x00007ff9e9db8000 	C:\Windows\SYSTEM32\CRYPTSP.dll
0x00007ff9e9690000 - 0x00007ff9e96c5000 	C:\Windows\system32\rsaenh.dll
0x00007ff9e9c50000 - 0x00007ff9e9c79000 	C:\Windows\SYSTEM32\USERENV.dll
0x00007ff9e9ff0000 - 0x00007ff9ea017000 	C:\Windows\SYSTEM32\bcrypt.dll
0x00007ff9e9dc0000 - 0x00007ff9e9dcc000 	C:\Windows\SYSTEM32\CRYPTBASE.dll
0x00007ff9e9250000 - 0x00007ff9e927d000 	C:\Windows\SYSTEM32\IPHLPAPI.DLL
0x00007ff9ec840000 - 0x00007ff9ec849000 	C:\Windows\System32\NSI.dll
0x00007ff9e15c0000 - 0x00007ff9e15d9000 	C:\Windows\SYSTEM32\dhcpcsvc6.DLL
0x00007ff9e2a80000 - 0x00007ff9e2a9e000 	C:\Windows\SYSTEM32\dhcpcsvc.DLL
0x00007ff9e9280000 - 0x00007ff9e9367000 	C:\Windows\SYSTEM32\DNSAPI.dll
0x00007ff9e1530000 - 0x00007ff9e153c000 	C:\Windows\SYSTEM32\WINNSI.DLL
0x00007ff9add00000 - 0x00007ff9adea5000 	C:\Program Files\Android\Android Studio\jre\bin\awt.dll
0x00007ff9eba50000 - 0x00007ff9ebb26000 	C:\Windows\System32\OLEAUT32.dll
0x00007ff9e7fe0000 - 0x00007ff9e800f000 	C:\Windows\SYSTEM32\dwmapi.dll
0x00007ff9e7bd0000 - 0x00007ff9e7c61000 	C:\Windows\SYSTEM32\apphelp.dll
0x00007ff9e7d20000 - 0x00007ff9e7dcc000 	C:\Windows\system32\uxtheme.dll

dbghelp: loaded successfully - version: 4.0.5 - missing functions: none
symbol engine: initialized successfully - sym options: 0x614 - pdb path: .;C:\Program Files\Android\Android Studio\jre\bin;C:\Windows\SYSTEM32;C:\Windows\WinSxS\amd64_microsoft.windows.common-controls_6595b64144ccf1df_6.0.22000.120_none_9d947278b86cc467;C:\Program Files\Android\Android Studio\jre\bin\server;C:\Users\amirn\.gradle\native\f6784746aeab05261644944871eae4fe03e0ef1612fff0a4a95f87b438bc6780\windows-amd64

VM Arguments:
jvm_args: --add-opens=java.base/java.util=ALL-UNNAMED --add-opens=java.base/java.lang=ALL-UNNAMED --add-opens=java.base/java.lang.invoke=ALL-UNNAMED --add-opens=java.prefs/java.util.prefs=ALL-UNNAMED -Xmx2048m -Dfile.encoding=UTF-8 -Duser.country=US -Duser.language=en -Duser.variant 
java_command: org.gradle.launcher.daemon.bootstrap.GradleDaemon 6.5
java_class_path (initial): C:\Users\amirn\.gradle\wrapper\dists\gradle-6.5-bin\6nifqtx7604sqp1q6g8wikw7p\gradle-6.5\lib\gradle-launcher-6.5.jar
Launcher Type: SUN_STANDARD

[Global flags]
     intx CICompilerCount                          = 3                                         {product} {ergonomic}
     uint ConcGCThreads                            = 1                                         {product} {ergonomic}
     uint G1ConcRefinementThreads                  = 4                                         {product} {ergonomic}
   size_t G1HeapRegionSize                         = 1048576                                   {product} {ergonomic}
    uintx GCDrainStackTargetSize                   = 64                                        {product} {ergonomic}
   size_t InitialHeapSize                          = 134217728                                 {product} {ergonomic}
   size_t MarkStackSize                            = 4194304                                   {product} {ergonomic}
   size_t MaxHeapSize                              = 2147483648                                {product} {command line}
   size_t MaxNewSize                               = 1287651328                                {product} {ergonomic}
   size_t MinHeapDeltaBytes                        = 1048576                                   {product} {ergonomic}
    uintx NonNMethodCodeHeapSize                   = 5830732                                {pd product} {ergonomic}
    uintx NonProfiledCodeHeapSize                  = 122913754                              {pd product} {ergonomic}
    uintx ProfiledCodeHeapSize                     = 122913754                              {pd product} {ergonomic}
    uintx ReservedCodeCacheSize                    = 251658240                              {pd product} {ergonomic}
     bool SegmentedCodeCache                       = true                                      {product} {ergonomic}
     bool UseCompressedClassPointers               = true                                 {lp64_product} {ergonomic}
     bool UseCompressedOops                        = true                                 {lp64_product} {ergonomic}
     bool UseG1GC                                  = true                                      {product} {ergonomic}
     bool UseLargePagesIndividualAllocation        = false                                  {pd product} {ergonomic}

Logging:
Log output configuration:
 #0: stdout all=warning uptime,level,tags
 #1: stderr all=off uptime,level,tags

Environment Variables:
PATH=C:\Program Files (x86)\Common Files\Oracle\Java\javapath;C:\Program Files\Common Files\Oracle\Java\javapath;C:\Program Files (x86)\NVIDIA Corporation\PhysX\Common;C:\Windows\system32;C:\Windows;C:\Windows\System32\Wbem;C:\Windows\System32\WindowsPowerShell\v1.0\;C:\Windows\System32\OpenSSH\;C:\Program Files\Git\cmd;C:\Program Files\dotnet\;C:\Users\amirn\AppData\Local\Microsoft\WindowsApps;
USERNAME=iamnovinfar.ir
OS=Windows_NT
PROCESSOR_IDENTIFIER=AMD64 Family 16 Model 5 Stepping 2, AuthenticAMD



---------------  S Y S T E M  ---------------

OS: Windows 10 , 64 bit Build 22000 (10.0.22000.434)
OS uptime: 0 days 0:25 hours

CPU:total 4 (initial active 4) (4 cores per cpu, 1 threads per core) family 16 model 5 stepping 2 microcode 0x0, cmov, cx8, fxsr, mmx, sse, sse2, sse3, popcnt, mmxext, 3dnowpref, lzcnt, sse4a, tsc, tscinvbit, tscinv

Memory: 4k page, system-wide physical 8191M (1028M free)
TotalPageFile size 11647M (AvailPageFile size 2948M)
current process WorkingSet (physical memory assigned to process): 378M, peak: 380M
current process commit charge ("private bytes"): 406M, peak: 408M

vm_info: OpenJDK 64-Bit Server VM (11.0.11+9-b60-7590822) for windows-amd64 JRE (11.0.11+9-b60-7590822), built on Jul 29 2021 21:43:44 by "builder" with MS VC++ 14.0 (VS2015)

END.
